==> Creating result directory ...
==> Loading test settings ...
==> torch device:  cpu
==> Seeding everything ...
==> Building dynamical system ...
==> Building Lyapunov neural network ...
==> Building controller neural network ...
==> dReal variables:  [Variable('x1') Variable('x2')]
==> dReal for lyapunov function
> Start constructing the dReal expression for lyapunov function ...
> Start time: 2025-04-17 22:42:11.097624
> Stop time: 2025-04-17 22:42:11.151461
> Time used: 53ms = 0.053836822509765625 s
> Checking consistency for lyapunov function ...
==> dReal for controller
> Start constructing the dReal expression for controller ...
> Start time: 2025-04-17 22:42:11.262090
> Stop time: 2025-04-17 22:42:11.262863
> Time used: 0ms = 0.0007731914520263672 s
> Checking consistency for controller ...
==> dReal for stability condition
> Checking consistency for stability condition ...
==> Verifying with dReal ...
> dReal precision: 1.0E-03
> dReal number of jobs: 1
> Start checking
> Start time: 2025-04-17 22:42:14.816082
killed after 12 hours
