==> Creating result directory ...
==> Loading test settings ...
==> Deciding torch device ...
==> torch device:  cuda
==> Seeding everything ...
==> Building dynamical system ...
==> Building Lyapunov neural network ...
==> Building controller neural network ...
##########################################
==> Repeat 1 times ...
==> Start sampling ...
> Delta: 1.00E-03
> Epsilon: 1.00E-03
> Required samples: 3800451
> Buffer size: 32768
> Buffer id: 005/116 | Total points: 1.63E+05/3.80E+06 | Good %: 0.95 | Buffer time: 91ms
> Buffer id: 010/116 | Total points: 3.25E+05/3.80E+06 | Good %: 0.95 | Buffer time: 87ms
> Buffer id: 015/116 | Total points: 4.88E+05/3.80E+06 | Good %: 0.95 | Buffer time: 65ms
> Buffer id: 020/116 | Total points: 6.50E+05/3.80E+06 | Good %: 0.95 | Buffer time: 76ms
> Buffer id: 025/116 | Total points: 8.13E+05/3.80E+06 | Good %: 0.95 | Buffer time: 64ms
> Buffer id: 030/116 | Total points: 9.76E+05/3.80E+06 | Good %: 0.95 | Buffer time: 63ms
> Buffer id: 035/116 | Total points: 1.14E+06/3.80E+06 | Good %: 0.95 | Buffer time: 65ms
> Buffer id: 040/116 | Total points: 1.30E+06/3.80E+06 | Good %: 0.95 | Buffer time: 74ms
> Buffer id: 045/116 | Total points: 1.46E+06/3.80E+06 | Good %: 0.95 | Buffer time: 75ms
> Buffer id: 050/116 | Total points: 1.63E+06/3.80E+06 | Good %: 0.95 | Buffer time: 64ms
> Buffer id: 055/116 | Total points: 1.79E+06/3.80E+06 | Good %: 0.95 | Buffer time: 75ms
> Buffer id: 060/116 | Total points: 1.95E+06/3.80E+06 | Good %: 0.95 | Buffer time: 62ms
> Buffer id: 065/116 | Total points: 2.11E+06/3.80E+06 | Good %: 0.95 | Buffer time: 64ms
> Buffer id: 070/116 | Total points: 2.28E+06/3.80E+06 | Good %: 0.95 | Buffer time: 64ms
> Buffer id: 075/116 | Total points: 2.44E+06/3.80E+06 | Good %: 0.95 | Buffer time: 73ms
> Buffer id: 080/116 | Total points: 2.60E+06/3.80E+06 | Good %: 0.95 | Buffer time: 75ms
> Buffer id: 085/116 | Total points: 2.76E+06/3.80E+06 | Good %: 0.95 | Buffer time: 64ms
> Buffer id: 090/116 | Total points: 2.93E+06/3.80E+06 | Good %: 0.95 | Buffer time: 75ms
> Buffer id: 095/116 | Total points: 3.09E+06/3.80E+06 | Good %: 0.95 | Buffer time: 63ms
> Buffer id: 100/116 | Total points: 3.25E+06/3.80E+06 | Good %: 0.95 | Buffer time: 63ms
> Buffer id: 105/116 | Total points: 3.41E+06/3.80E+06 | Good %: 0.95 | Buffer time: 72ms
> Buffer id: 110/116 | Total points: 3.58E+06/3.80E+06 | Good %: 0.95 | Buffer time: 63ms
> Buffer id: 115/116 | Total points: 3.74E+06/3.80E+06 | Good %: 0.95 | Buffer time: 75ms
==> Summary: 
> Required samples:  3800451
> Total points:  3805151
> Good points: 3600659. Percentage: 0.9463
> Bad points: 204492. Percentage: 0.0537
> Time: 8s145ms. In seconds: 8.145962715148926
==> Dictionary saved!
##########################################
==> Repeat 2 times ...
==> Start sampling ...
> Delta: 1.00E-03
> Epsilon: 1.00E-03
> Required samples: 3800451
> Buffer size: 32768
> Buffer id: 005/116 | Total points: 1.63E+05/3.80E+06 | Good %: 0.95 | Buffer time: 63ms
> Buffer id: 010/116 | Total points: 3.25E+05/3.80E+06 | Good %: 0.95 | Buffer time: 74ms
> Buffer id: 015/116 | Total points: 4.88E+05/3.80E+06 | Good %: 0.95 | Buffer time: 67ms
> Buffer id: 020/116 | Total points: 6.50E+05/3.80E+06 | Good %: 0.95 | Buffer time: 80ms
> Buffer id: 025/116 | Total points: 8.13E+05/3.80E+06 | Good %: 0.95 | Buffer time: 77ms
> Buffer id: 030/116 | Total points: 9.76E+05/3.80E+06 | Good %: 0.95 | Buffer time: 63ms
> Buffer id: 035/116 | Total points: 1.14E+06/3.80E+06 | Good %: 0.95 | Buffer time: 63ms
> Buffer id: 040/116 | Total points: 1.30E+06/3.80E+06 | Good %: 0.95 | Buffer time: 63ms
> Buffer id: 045/116 | Total points: 1.46E+06/3.80E+06 | Good %: 0.95 | Buffer time: 79ms
> Buffer id: 050/116 | Total points: 1.63E+06/3.80E+06 | Good %: 0.95 | Buffer time: 67ms
> Buffer id: 055/116 | Total points: 1.79E+06/3.80E+06 | Good %: 0.95 | Buffer time: 80ms
> Buffer id: 060/116 | Total points: 1.95E+06/3.80E+06 | Good %: 0.95 | Buffer time: 75ms
> Buffer id: 065/116 | Total points: 2.11E+06/3.80E+06 | Good %: 0.95 | Buffer time: 66ms
> Buffer id: 070/116 | Total points: 2.28E+06/3.80E+06 | Good %: 0.95 | Buffer time: 63ms
> Buffer id: 075/116 | Total points: 2.44E+06/3.80E+06 | Good %: 0.95 | Buffer time: 64ms
> Buffer id: 080/116 | Total points: 2.60E+06/3.80E+06 | Good %: 0.95 | Buffer time: 74ms
> Buffer id: 085/116 | Total points: 2.76E+06/3.80E+06 | Good %: 0.95 | Buffer time: 69ms
> Buffer id: 090/116 | Total points: 2.93E+06/3.80E+06 | Good %: 0.95 | Buffer time: 77ms
> Buffer id: 095/116 | Total points: 3.09E+06/3.80E+06 | Good %: 0.95 | Buffer time: 75ms
> Buffer id: 100/116 | Total points: 3.25E+06/3.80E+06 | Good %: 0.95 | Buffer time: 69ms
> Buffer id: 105/116 | Total points: 3.42E+06/3.80E+06 | Good %: 0.95 | Buffer time: 68ms
> Buffer id: 110/116 | Total points: 3.58E+06/3.80E+06 | Good %: 0.95 | Buffer time: 65ms
> Buffer id: 115/116 | Total points: 3.74E+06/3.80E+06 | Good %: 0.95 | Buffer time: 76ms
==> Summary: 
> Required samples:  3800451
> Total points:  3805288
> Good points: 3600536. Percentage: 0.9462
> Bad points: 204752. Percentage: 0.0538
> Time: 8s220ms. In seconds: 8.22068476676941
==> Dictionary saved!
##########################################
==> Repeat 3 times ...
==> Start sampling ...
> Delta: 1.00E-03
> Epsilon: 1.00E-03
> Required samples: 3800451
> Buffer size: 32768
> Buffer id: 005/116 | Total points: 1.63E+05/3.80E+06 | Good %: 0.95 | Buffer time: 64ms
> Buffer id: 010/116 | Total points: 3.25E+05/3.80E+06 | Good %: 0.95 | Buffer time: 80ms
> Buffer id: 015/116 | Total points: 4.88E+05/3.80E+06 | Good %: 0.95 | Buffer time: 78ms
> Buffer id: 020/116 | Total points: 6.50E+05/3.80E+06 | Good %: 0.95 | Buffer time: 68ms
> Buffer id: 025/116 | Total points: 8.13E+05/3.80E+06 | Good %: 0.95 | Buffer time: 82ms
> Buffer id: 030/116 | Total points: 9.76E+05/3.80E+06 | Good %: 0.95 | Buffer time: 66ms
> Buffer id: 035/116 | Total points: 1.14E+06/3.80E+06 | Good %: 0.95 | Buffer time: 64ms
> Buffer id: 040/116 | Total points: 1.30E+06/3.80E+06 | Good %: 0.95 | Buffer time: 64ms
> Buffer id: 045/116 | Total points: 1.46E+06/3.80E+06 | Good %: 0.95 | Buffer time: 81ms
> Buffer id: 050/116 | Total points: 1.63E+06/3.80E+06 | Good %: 0.95 | Buffer time: 76ms
> Buffer id: 055/116 | Total points: 1.79E+06/3.80E+06 | Good %: 0.95 | Buffer time: 67ms
> Buffer id: 060/116 | Total points: 1.95E+06/3.80E+06 | Good %: 0.95 | Buffer time: 78ms
> Buffer id: 065/116 | Total points: 2.11E+06/3.80E+06 | Good %: 0.95 | Buffer time: 64ms
> Buffer id: 070/116 | Total points: 2.28E+06/3.80E+06 | Good %: 0.95 | Buffer time: 65ms
> Buffer id: 075/116 | Total points: 2.44E+06/3.80E+06 | Good %: 0.95 | Buffer time: 63ms
> Buffer id: 080/116 | Total points: 2.60E+06/3.80E+06 | Good %: 0.95 | Buffer time: 64ms
> Buffer id: 085/116 | Total points: 2.76E+06/3.80E+06 | Good %: 0.95 | Buffer time: 75ms
> Buffer id: 090/116 | Total points: 2.93E+06/3.80E+06 | Good %: 0.95 | Buffer time: 65ms
> Buffer id: 095/116 | Total points: 3.09E+06/3.80E+06 | Good %: 0.95 | Buffer time: 76ms
> Buffer id: 100/116 | Total points: 3.25E+06/3.80E+06 | Good %: 0.95 | Buffer time: 71ms
> Buffer id: 105/116 | Total points: 3.41E+06/3.80E+06 | Good %: 0.95 | Buffer time: 70ms
> Buffer id: 110/116 | Total points: 3.58E+06/3.80E+06 | Good %: 0.95 | Buffer time: 66ms
> Buffer id: 115/116 | Total points: 3.74E+06/3.80E+06 | Good %: 0.95 | Buffer time: 70ms
==> Summary: 
> Required samples:  3800451
> Total points:  3805276
> Good points: 3602003. Percentage: 0.9466
> Bad points: 203273. Percentage: 0.0534
> Time: 8s316ms. In seconds: 8.316643953323364
==> Dictionary saved!
##########################################
==> Repeat 4 times ...
==> Start sampling ...
> Delta: 1.00E-03
> Epsilon: 1.00E-03
> Required samples: 3800451
> Buffer size: 32768
> Buffer id: 005/116 | Total points: 1.63E+05/3.80E+06 | Good %: 0.95 | Buffer time: 64ms
> Buffer id: 010/116 | Total points: 3.25E+05/3.80E+06 | Good %: 0.95 | Buffer time: 64ms
> Buffer id: 015/116 | Total points: 4.88E+05/3.80E+06 | Good %: 0.95 | Buffer time: 76ms
> Buffer id: 020/116 | Total points: 6.51E+05/3.80E+06 | Good %: 0.95 | Buffer time: 65ms
> Buffer id: 025/116 | Total points: 8.13E+05/3.80E+06 | Good %: 0.95 | Buffer time: 76ms
> Buffer id: 030/116 | Total points: 9.76E+05/3.80E+06 | Good %: 0.95 | Buffer time: 75ms
> Buffer id: 035/116 | Total points: 1.14E+06/3.80E+06 | Good %: 0.95 | Buffer time: 68ms
> Buffer id: 040/116 | Total points: 1.30E+06/3.80E+06 | Good %: 0.95 | Buffer time: 69ms
> Buffer id: 045/116 | Total points: 1.46E+06/3.80E+06 | Good %: 0.95 | Buffer time: 67ms
> Buffer id: 050/116 | Total points: 1.63E+06/3.80E+06 | Good %: 0.95 | Buffer time: 76ms
> Buffer id: 055/116 | Total points: 1.79E+06/3.80E+06 | Good %: 0.95 | Buffer time: 68ms
> Buffer id: 060/116 | Total points: 1.95E+06/3.80E+06 | Good %: 0.95 | Buffer time: 81ms
> Buffer id: 065/116 | Total points: 2.11E+06/3.80E+06 | Good %: 0.95 | Buffer time: 80ms
> Buffer id: 070/116 | Total points: 2.28E+06/3.80E+06 | Good %: 0.95 | Buffer time: 65ms
> Buffer id: 075/116 | Total points: 2.44E+06/3.80E+06 | Good %: 0.95 | Buffer time: 65ms
> Buffer id: 080/116 | Total points: 2.60E+06/3.80E+06 | Good %: 0.95 | Buffer time: 65ms
> Buffer id: 085/116 | Total points: 2.76E+06/3.80E+06 | Good %: 0.95 | Buffer time: 82ms
> Buffer id: 090/116 | Total points: 2.93E+06/3.80E+06 | Good %: 0.95 | Buffer time: 65ms
> Buffer id: 095/116 | Total points: 3.09E+06/3.80E+06 | Good %: 0.95 | Buffer time: 76ms
> Buffer id: 100/116 | Total points: 3.25E+06/3.80E+06 | Good %: 0.95 | Buffer time: 76ms
> Buffer id: 105/116 | Total points: 3.42E+06/3.80E+06 | Good %: 0.95 | Buffer time: 64ms
> Buffer id: 110/116 | Total points: 3.58E+06/3.80E+06 | Good %: 0.95 | Buffer time: 66ms
> Buffer id: 115/116 | Total points: 3.74E+06/3.80E+06 | Good %: 0.95 | Buffer time: 69ms
==> Summary: 
> Required samples:  3800451
> Total points:  3805402
> Good points: 3602196. Percentage: 0.9466
> Bad points: 203206. Percentage: 0.0534
> Time: 8s258ms. In seconds: 8.258382558822632
==> Dictionary saved!
==> Done!
