==> Creating result directory ...
==> Loading test settings ...
==> Deciding torch device ...
==> torch device:  cpu
==> Seeding everything ...
==> Building dynamical system ...
==> Building Lyapunov neural network ...
==> Building controller neural network ...
##########################################
==> Repeat 1 times ...
==> Start sampling ...
> Delta: 1.00E-03
> Epsilon: 1.00E-03
> Required samples: 3800451
> Buffer size: 32768
> Buffer id: 005/116 | Total points: 1.63E+05/3.80E+06 | Good %: 1.00 | Buffer time: 189ms
> Buffer id: 010/116 | Total points: 3.25E+05/3.80E+06 | Good %: 1.00 | Buffer time: 177ms
> Buffer id: 015/116 | Total points: 4.88E+05/3.80E+06 | Good %: 1.00 | Buffer time: 155ms
> Buffer id: 020/116 | Total points: 6.50E+05/3.80E+06 | Good %: 1.00 | Buffer time: 170ms
> Buffer id: 025/116 | Total points: 8.13E+05/3.80E+06 | Good %: 1.00 | Buffer time: 160ms
> Buffer id: 030/116 | Total points: 9.76E+05/3.80E+06 | Good %: 1.00 | Buffer time: 160ms
> Buffer id: 035/116 | Total points: 1.14E+06/3.80E+06 | Good %: 1.00 | Buffer time: 165ms
> Buffer id: 040/116 | Total points: 1.30E+06/3.80E+06 | Good %: 1.00 | Buffer time: 167ms
> Buffer id: 045/116 | Total points: 1.46E+06/3.80E+06 | Good %: 1.00 | Buffer time: 159ms
> Buffer id: 050/116 | Total points: 1.63E+06/3.80E+06 | Good %: 1.00 | Buffer time: 194ms
> Buffer id: 055/116 | Total points: 1.79E+06/3.80E+06 | Good %: 1.00 | Buffer time: 157ms
> Buffer id: 060/116 | Total points: 1.95E+06/3.80E+06 | Good %: 1.00 | Buffer time: 202ms
> Buffer id: 065/116 | Total points: 2.11E+06/3.80E+06 | Good %: 1.00 | Buffer time: 164ms
> Buffer id: 070/116 | Total points: 2.28E+06/3.80E+06 | Good %: 1.00 | Buffer time: 151ms
> Buffer id: 075/116 | Total points: 2.44E+06/3.80E+06 | Good %: 1.00 | Buffer time: 179ms
> Buffer id: 080/116 | Total points: 2.60E+06/3.80E+06 | Good %: 1.00 | Buffer time: 182ms
> Buffer id: 085/116 | Total points: 2.76E+06/3.80E+06 | Good %: 1.00 | Buffer time: 165ms
> Buffer id: 090/116 | Total points: 2.93E+06/3.80E+06 | Good %: 1.00 | Buffer time: 197ms
> Buffer id: 095/116 | Total points: 3.09E+06/3.80E+06 | Good %: 1.00 | Buffer time: 158ms
> Buffer id: 100/116 | Total points: 3.25E+06/3.80E+06 | Good %: 1.00 | Buffer time: 169ms
> Buffer id: 105/116 | Total points: 3.41E+06/3.80E+06 | Good %: 1.00 | Buffer time: 187ms
> Buffer id: 110/116 | Total points: 3.58E+06/3.80E+06 | Good %: 1.00 | Buffer time: 144ms
> Buffer id: 115/116 | Total points: 3.74E+06/3.80E+06 | Good %: 1.00 | Buffer time: 186ms
==> Summary: 
> Required samples:  3800451
> Total points:  3805151
> Good points: 3805151. Percentage: 1.0000
> Bad points: 0. Percentage: 0.0000
> Time: 19s384ms. In seconds: 19.38411545753479
==> Dictionary saved!
##########################################
==> Repeat 2 times ...
==> Start sampling ...
> Delta: 1.00E-03
> Epsilon: 1.00E-03
> Required samples: 3800451
> Buffer size: 32768
> Buffer id: 005/116 | Total points: 1.63E+05/3.80E+06 | Good %: 1.00 | Buffer time: 189ms
> Buffer id: 010/116 | Total points: 3.25E+05/3.80E+06 | Good %: 1.00 | Buffer time: 159ms
> Buffer id: 015/116 | Total points: 4.88E+05/3.80E+06 | Good %: 1.00 | Buffer time: 170ms
> Buffer id: 020/116 | Total points: 6.50E+05/3.80E+06 | Good %: 1.00 | Buffer time: 172ms
> Buffer id: 025/116 | Total points: 8.13E+05/3.80E+06 | Good %: 1.00 | Buffer time: 170ms
> Buffer id: 030/116 | Total points: 9.76E+05/3.80E+06 | Good %: 1.00 | Buffer time: 151ms
> Buffer id: 035/116 | Total points: 1.14E+06/3.80E+06 | Good %: 1.00 | Buffer time: 161ms
> Buffer id: 040/116 | Total points: 1.30E+06/3.80E+06 | Good %: 1.00 | Buffer time: 167ms
> Buffer id: 045/116 | Total points: 1.46E+06/3.80E+06 | Good %: 1.00 | Buffer time: 160ms
> Buffer id: 050/116 | Total points: 1.63E+06/3.80E+06 | Good %: 1.00 | Buffer time: 149ms
> Buffer id: 055/116 | Total points: 1.79E+06/3.80E+06 | Good %: 1.00 | Buffer time: 180ms
> Buffer id: 060/116 | Total points: 1.95E+06/3.80E+06 | Good %: 1.00 | Buffer time: 197ms
> Buffer id: 065/116 | Total points: 2.11E+06/3.80E+06 | Good %: 1.00 | Buffer time: 180ms
> Buffer id: 070/116 | Total points: 2.28E+06/3.80E+06 | Good %: 1.00 | Buffer time: 152ms
> Buffer id: 075/116 | Total points: 2.44E+06/3.80E+06 | Good %: 1.00 | Buffer time: 143ms
> Buffer id: 080/116 | Total points: 2.60E+06/3.80E+06 | Good %: 1.00 | Buffer time: 185ms
> Buffer id: 085/116 | Total points: 2.76E+06/3.80E+06 | Good %: 1.00 | Buffer time: 154ms
> Buffer id: 090/116 | Total points: 2.93E+06/3.80E+06 | Good %: 1.00 | Buffer time: 165ms
> Buffer id: 095/116 | Total points: 3.09E+06/3.80E+06 | Good %: 1.00 | Buffer time: 175ms
> Buffer id: 100/116 | Total points: 3.25E+06/3.80E+06 | Good %: 1.00 | Buffer time: 143ms
> Buffer id: 105/116 | Total points: 3.42E+06/3.80E+06 | Good %: 1.00 | Buffer time: 185ms
> Buffer id: 110/116 | Total points: 3.58E+06/3.80E+06 | Good %: 1.00 | Buffer time: 158ms
> Buffer id: 115/116 | Total points: 3.74E+06/3.80E+06 | Good %: 1.00 | Buffer time: 183ms
==> Summary: 
> Required samples:  3800451
> Total points:  3805288
> Good points: 3805288. Percentage: 1.0000
> Bad points: 0. Percentage: 0.0000
> Time: 19s98ms. In seconds: 19.098534107208252
==> Dictionary saved!
##########################################
==> Repeat 3 times ...
==> Start sampling ...
> Delta: 1.00E-03
> Epsilon: 1.00E-03
> Required samples: 3800451
> Buffer size: 32768
> Buffer id: 005/116 | Total points: 1.63E+05/3.80E+06 | Good %: 1.00 | Buffer time: 174ms
> Buffer id: 010/116 | Total points: 3.25E+05/3.80E+06 | Good %: 1.00 | Buffer time: 172ms
> Buffer id: 015/116 | Total points: 4.88E+05/3.80E+06 | Good %: 1.00 | Buffer time: 162ms
> Buffer id: 020/116 | Total points: 6.50E+05/3.80E+06 | Good %: 1.00 | Buffer time: 154ms
> Buffer id: 025/116 | Total points: 8.13E+05/3.80E+06 | Good %: 1.00 | Buffer time: 174ms
> Buffer id: 030/116 | Total points: 9.76E+05/3.80E+06 | Good %: 1.00 | Buffer time: 152ms
> Buffer id: 035/116 | Total points: 1.14E+06/3.80E+06 | Good %: 1.00 | Buffer time: 146ms
> Buffer id: 040/116 | Total points: 1.30E+06/3.80E+06 | Good %: 1.00 | Buffer time: 148ms
> Buffer id: 045/116 | Total points: 1.46E+06/3.80E+06 | Good %: 1.00 | Buffer time: 148ms
> Buffer id: 050/116 | Total points: 1.63E+06/3.80E+06 | Good %: 1.00 | Buffer time: 198ms
> Buffer id: 055/116 | Total points: 1.79E+06/3.80E+06 | Good %: 1.00 | Buffer time: 157ms
> Buffer id: 060/116 | Total points: 1.95E+06/3.80E+06 | Good %: 1.00 | Buffer time: 180ms
> Buffer id: 065/116 | Total points: 2.11E+06/3.80E+06 | Good %: 1.00 | Buffer time: 155ms
> Buffer id: 070/116 | Total points: 2.28E+06/3.80E+06 | Good %: 1.00 | Buffer time: 169ms
> Buffer id: 075/116 | Total points: 2.44E+06/3.80E+06 | Good %: 1.00 | Buffer time: 161ms
> Buffer id: 080/116 | Total points: 2.60E+06/3.80E+06 | Good %: 1.00 | Buffer time: 178ms
> Buffer id: 085/116 | Total points: 2.76E+06/3.80E+06 | Good %: 1.00 | Buffer time: 163ms
> Buffer id: 090/116 | Total points: 2.93E+06/3.80E+06 | Good %: 1.00 | Buffer time: 144ms
> Buffer id: 095/116 | Total points: 3.09E+06/3.80E+06 | Good %: 1.00 | Buffer time: 173ms
> Buffer id: 100/116 | Total points: 3.25E+06/3.80E+06 | Good %: 1.00 | Buffer time: 149ms
> Buffer id: 105/116 | Total points: 3.41E+06/3.80E+06 | Good %: 1.00 | Buffer time: 168ms
> Buffer id: 110/116 | Total points: 3.58E+06/3.80E+06 | Good %: 1.00 | Buffer time: 152ms
> Buffer id: 115/116 | Total points: 3.74E+06/3.80E+06 | Good %: 1.00 | Buffer time: 164ms
==> Summary: 
> Required samples:  3800451
> Total points:  3805276
> Good points: 3805276. Percentage: 1.0000
> Bad points: 0. Percentage: 0.0000
> Time: 19s592ms. In seconds: 19.59274673461914
==> Dictionary saved!
##########################################
==> Repeat 4 times ...
==> Start sampling ...
> Delta: 1.00E-03
> Epsilon: 1.00E-03
> Required samples: 3800451
> Buffer size: 32768
> Buffer id: 005/116 | Total points: 1.63E+05/3.80E+06 | Good %: 1.00 | Buffer time: 161ms
> Buffer id: 010/116 | Total points: 3.25E+05/3.80E+06 | Good %: 1.00 | Buffer time: 165ms
> Buffer id: 015/116 | Total points: 4.88E+05/3.80E+06 | Good %: 1.00 | Buffer time: 160ms
> Buffer id: 020/116 | Total points: 6.51E+05/3.80E+06 | Good %: 1.00 | Buffer time: 151ms
> Buffer id: 025/116 | Total points: 8.13E+05/3.80E+06 | Good %: 1.00 | Buffer time: 264ms
> Buffer id: 030/116 | Total points: 9.76E+05/3.80E+06 | Good %: 1.00 | Buffer time: 161ms
> Buffer id: 035/116 | Total points: 1.14E+06/3.80E+06 | Good %: 1.00 | Buffer time: 184ms
> Buffer id: 040/116 | Total points: 1.30E+06/3.80E+06 | Good %: 1.00 | Buffer time: 193ms
> Buffer id: 045/116 | Total points: 1.46E+06/3.80E+06 | Good %: 1.00 | Buffer time: 180ms
> Buffer id: 050/116 | Total points: 1.63E+06/3.80E+06 | Good %: 1.00 | Buffer time: 192ms
> Buffer id: 055/116 | Total points: 1.79E+06/3.80E+06 | Good %: 1.00 | Buffer time: 202ms
> Buffer id: 060/116 | Total points: 1.95E+06/3.80E+06 | Good %: 1.00 | Buffer time: 193ms
> Buffer id: 065/116 | Total points: 2.11E+06/3.80E+06 | Good %: 1.00 | Buffer time: 171ms
> Buffer id: 070/116 | Total points: 2.28E+06/3.80E+06 | Good %: 1.00 | Buffer time: 150ms
> Buffer id: 075/116 | Total points: 2.44E+06/3.80E+06 | Good %: 1.00 | Buffer time: 149ms
> Buffer id: 080/116 | Total points: 2.60E+06/3.80E+06 | Good %: 1.00 | Buffer time: 149ms
> Buffer id: 085/116 | Total points: 2.76E+06/3.80E+06 | Good %: 1.00 | Buffer time: 204ms
> Buffer id: 090/116 | Total points: 2.93E+06/3.80E+06 | Good %: 1.00 | Buffer time: 155ms
> Buffer id: 095/116 | Total points: 3.09E+06/3.80E+06 | Good %: 1.00 | Buffer time: 175ms
> Buffer id: 100/116 | Total points: 3.25E+06/3.80E+06 | Good %: 1.00 | Buffer time: 185ms
> Buffer id: 105/116 | Total points: 3.42E+06/3.80E+06 | Good %: 1.00 | Buffer time: 173ms
> Buffer id: 110/116 | Total points: 3.58E+06/3.80E+06 | Good %: 1.00 | Buffer time: 201ms
> Buffer id: 115/116 | Total points: 3.74E+06/3.80E+06 | Good %: 1.00 | Buffer time: 161ms
==> Summary: 
> Required samples:  3800451
> Total points:  3805402
> Good points: 3805402. Percentage: 1.0000
> Bad points: 0. Percentage: 0.0000
> Time: 20s7ms. In seconds: 20.00702166557312
==> Dictionary saved!
==> Done!
