==> Creating result directory ...
==> Loading test settings ...
==> Deciding torch device ...
==> torch device:  cpu
==> Seeding everything ...
==> Building dynamical system ...
==> Building Lyapunov neural network ...
==> Building controller neural network ...
##########################################
==> Repeat 1 times ...
==> Start sampling ...
> Delta: 1.00E-03
> Epsilon: 1.00E-03
> Required samples: 3800451
> Buffer size: 32768
> Buffer id: 005/116 | Total points: 1.63E+05/3.80E+06 | Good %: 0.83 | Buffer time: 176ms
> Buffer id: 010/116 | Total points: 3.26E+05/3.80E+06 | Good %: 0.82 | Buffer time: 166ms
> Buffer id: 015/116 | Total points: 4.89E+05/3.80E+06 | Good %: 0.82 | Buffer time: 156ms
> Buffer id: 020/116 | Total points: 6.53E+05/3.80E+06 | Good %: 0.83 | Buffer time: 183ms
> Buffer id: 025/116 | Total points: 8.16E+05/3.80E+06 | Good %: 0.83 | Buffer time: 152ms
> Buffer id: 030/116 | Total points: 9.79E+05/3.80E+06 | Good %: 0.83 | Buffer time: 142ms
> Buffer id: 035/116 | Total points: 1.14E+06/3.80E+06 | Good %: 0.83 | Buffer time: 167ms
> Buffer id: 040/116 | Total points: 1.31E+06/3.80E+06 | Good %: 0.83 | Buffer time: 163ms
> Buffer id: 045/116 | Total points: 1.47E+06/3.80E+06 | Good %: 0.83 | Buffer time: 163ms
> Buffer id: 050/116 | Total points: 1.63E+06/3.80E+06 | Good %: 0.83 | Buffer time: 173ms
> Buffer id: 055/116 | Total points: 1.79E+06/3.80E+06 | Good %: 0.83 | Buffer time: 190ms
> Buffer id: 060/116 | Total points: 1.96E+06/3.80E+06 | Good %: 0.83 | Buffer time: 161ms
> Buffer id: 065/116 | Total points: 2.12E+06/3.80E+06 | Good %: 0.83 | Buffer time: 151ms
> Buffer id: 070/116 | Total points: 2.28E+06/3.80E+06 | Good %: 0.83 | Buffer time: 156ms
> Buffer id: 075/116 | Total points: 2.45E+06/3.80E+06 | Good %: 0.83 | Buffer time: 185ms
> Buffer id: 080/116 | Total points: 2.61E+06/3.80E+06 | Good %: 0.83 | Buffer time: 174ms
> Buffer id: 085/116 | Total points: 2.77E+06/3.80E+06 | Good %: 0.83 | Buffer time: 149ms
> Buffer id: 090/116 | Total points: 2.94E+06/3.80E+06 | Good %: 0.83 | Buffer time: 179ms
> Buffer id: 095/116 | Total points: 3.10E+06/3.80E+06 | Good %: 0.83 | Buffer time: 177ms
> Buffer id: 100/116 | Total points: 3.26E+06/3.80E+06 | Good %: 0.83 | Buffer time: 151ms
> Buffer id: 105/116 | Total points: 3.43E+06/3.80E+06 | Good %: 0.83 | Buffer time: 147ms
> Buffer id: 110/116 | Total points: 3.59E+06/3.80E+06 | Good %: 0.83 | Buffer time: 160ms
> Buffer id: 115/116 | Total points: 3.75E+06/3.80E+06 | Good %: 0.83 | Buffer time: 192ms
==> Summary: 
> Required samples:  3800451
> Total points:  3817652
> Good points: 3151368. Percentage: 0.8255
> Bad points: 666284. Percentage: 0.1745
> Time: 19s782ms. In seconds: 19.782991409301758
==> Dictionary saved!
##########################################
==> Repeat 2 times ...
==> Start sampling ...
> Delta: 1.00E-03
> Epsilon: 1.00E-03
> Required samples: 3800451
> Buffer size: 32768
> Buffer id: 005/116 | Total points: 1.63E+05/3.80E+06 | Good %: 0.82 | Buffer time: 169ms
> Buffer id: 010/116 | Total points: 3.26E+05/3.80E+06 | Good %: 0.82 | Buffer time: 189ms
> Buffer id: 015/116 | Total points: 4.89E+05/3.80E+06 | Good %: 0.83 | Buffer time: 152ms
> Buffer id: 020/116 | Total points: 6.53E+05/3.80E+06 | Good %: 0.82 | Buffer time: 155ms
> Buffer id: 025/116 | Total points: 8.16E+05/3.80E+06 | Good %: 0.82 | Buffer time: 179ms
> Buffer id: 030/116 | Total points: 9.79E+05/3.80E+06 | Good %: 0.82 | Buffer time: 170ms
> Buffer id: 035/116 | Total points: 1.14E+06/3.80E+06 | Good %: 0.83 | Buffer time: 178ms
> Buffer id: 040/116 | Total points: 1.31E+06/3.80E+06 | Good %: 0.83 | Buffer time: 194ms
> Buffer id: 045/116 | Total points: 1.47E+06/3.80E+06 | Good %: 0.82 | Buffer time: 169ms
> Buffer id: 050/116 | Total points: 1.63E+06/3.80E+06 | Good %: 0.83 | Buffer time: 162ms
> Buffer id: 055/116 | Total points: 1.79E+06/3.80E+06 | Good %: 0.83 | Buffer time: 176ms
> Buffer id: 060/116 | Total points: 1.96E+06/3.80E+06 | Good %: 0.83 | Buffer time: 182ms
> Buffer id: 065/116 | Total points: 2.12E+06/3.80E+06 | Good %: 0.83 | Buffer time: 181ms
> Buffer id: 070/116 | Total points: 2.28E+06/3.80E+06 | Good %: 0.83 | Buffer time: 143ms
> Buffer id: 075/116 | Total points: 2.45E+06/3.80E+06 | Good %: 0.83 | Buffer time: 169ms
> Buffer id: 080/116 | Total points: 2.61E+06/3.80E+06 | Good %: 0.83 | Buffer time: 207ms
> Buffer id: 085/116 | Total points: 2.77E+06/3.80E+06 | Good %: 0.83 | Buffer time: 154ms
> Buffer id: 090/116 | Total points: 2.94E+06/3.80E+06 | Good %: 0.83 | Buffer time: 189ms
> Buffer id: 095/116 | Total points: 3.10E+06/3.80E+06 | Good %: 0.83 | Buffer time: 174ms
> Buffer id: 100/116 | Total points: 3.26E+06/3.80E+06 | Good %: 0.83 | Buffer time: 147ms
> Buffer id: 105/116 | Total points: 3.43E+06/3.80E+06 | Good %: 0.83 | Buffer time: 176ms
> Buffer id: 110/116 | Total points: 3.59E+06/3.80E+06 | Good %: 0.83 | Buffer time: 165ms
> Buffer id: 115/116 | Total points: 3.75E+06/3.80E+06 | Good %: 0.83 | Buffer time: 156ms
==> Summary: 
> Required samples:  3800451
> Total points:  3817934
> Good points: 3150632. Percentage: 0.8252
> Bad points: 667302. Percentage: 0.1748
> Time: 20s148ms. In seconds: 20.148680448532104
==> Dictionary saved!
##########################################
==> Repeat 3 times ...
==> Start sampling ...
> Delta: 1.00E-03
> Epsilon: 1.00E-03
> Required samples: 3800451
> Buffer size: 32768
> Buffer id: 005/116 | Total points: 1.63E+05/3.80E+06 | Good %: 0.82 | Buffer time: 180ms
> Buffer id: 010/116 | Total points: 3.26E+05/3.80E+06 | Good %: 0.83 | Buffer time: 165ms
> Buffer id: 015/116 | Total points: 4.89E+05/3.80E+06 | Good %: 0.83 | Buffer time: 179ms
> Buffer id: 020/116 | Total points: 6.53E+05/3.80E+06 | Good %: 0.83 | Buffer time: 143ms
> Buffer id: 025/116 | Total points: 8.16E+05/3.80E+06 | Good %: 0.83 | Buffer time: 202ms
> Buffer id: 030/116 | Total points: 9.79E+05/3.80E+06 | Good %: 0.83 | Buffer time: 192ms
> Buffer id: 035/116 | Total points: 1.14E+06/3.80E+06 | Good %: 0.83 | Buffer time: 141ms
> Buffer id: 040/116 | Total points: 1.31E+06/3.80E+06 | Good %: 0.83 | Buffer time: 165ms
> Buffer id: 045/116 | Total points: 1.47E+06/3.80E+06 | Good %: 0.83 | Buffer time: 190ms
> Buffer id: 050/116 | Total points: 1.63E+06/3.80E+06 | Good %: 0.83 | Buffer time: 184ms
> Buffer id: 055/116 | Total points: 1.79E+06/3.80E+06 | Good %: 0.83 | Buffer time: 165ms
> Buffer id: 060/116 | Total points: 1.96E+06/3.80E+06 | Good %: 0.83 | Buffer time: 176ms
> Buffer id: 065/116 | Total points: 2.12E+06/3.80E+06 | Good %: 0.83 | Buffer time: 150ms
> Buffer id: 070/116 | Total points: 2.28E+06/3.80E+06 | Good %: 0.83 | Buffer time: 160ms
> Buffer id: 075/116 | Total points: 2.45E+06/3.80E+06 | Good %: 0.83 | Buffer time: 141ms
> Buffer id: 080/116 | Total points: 2.61E+06/3.80E+06 | Good %: 0.83 | Buffer time: 172ms
> Buffer id: 085/116 | Total points: 2.77E+06/3.80E+06 | Good %: 0.83 | Buffer time: 171ms
> Buffer id: 090/116 | Total points: 2.94E+06/3.80E+06 | Good %: 0.83 | Buffer time: 146ms
> Buffer id: 095/116 | Total points: 3.10E+06/3.80E+06 | Good %: 0.83 | Buffer time: 158ms
> Buffer id: 100/116 | Total points: 3.26E+06/3.80E+06 | Good %: 0.83 | Buffer time: 166ms
> Buffer id: 105/116 | Total points: 3.43E+06/3.80E+06 | Good %: 0.83 | Buffer time: 167ms
> Buffer id: 110/116 | Total points: 3.59E+06/3.80E+06 | Good %: 0.83 | Buffer time: 182ms
> Buffer id: 115/116 | Total points: 3.75E+06/3.80E+06 | Good %: 0.83 | Buffer time: 147ms
==> Summary: 
> Required samples:  3800451
> Total points:  3818107
> Good points: 3151287. Percentage: 0.8254
> Bad points: 666820. Percentage: 0.1746
> Time: 19s835ms. In seconds: 19.83502221107483
==> Dictionary saved!
##########################################
==> Repeat 4 times ...
==> Start sampling ...
> Delta: 1.00E-03
> Epsilon: 1.00E-03
> Required samples: 3800451
> Buffer size: 32768
> Buffer id: 005/116 | Total points: 1.63E+05/3.80E+06 | Good %: 0.83 | Buffer time: 163ms
> Buffer id: 010/116 | Total points: 3.26E+05/3.80E+06 | Good %: 0.82 | Buffer time: 179ms
> Buffer id: 015/116 | Total points: 4.89E+05/3.80E+06 | Good %: 0.82 | Buffer time: 190ms
> Buffer id: 020/116 | Total points: 6.53E+05/3.80E+06 | Good %: 0.82 | Buffer time: 152ms
> Buffer id: 025/116 | Total points: 8.16E+05/3.80E+06 | Good %: 0.83 | Buffer time: 177ms
> Buffer id: 030/116 | Total points: 9.79E+05/3.80E+06 | Good %: 0.83 | Buffer time: 167ms
> Buffer id: 035/116 | Total points: 1.14E+06/3.80E+06 | Good %: 0.83 | Buffer time: 178ms
> Buffer id: 040/116 | Total points: 1.31E+06/3.80E+06 | Good %: 0.83 | Buffer time: 153ms
> Buffer id: 045/116 | Total points: 1.47E+06/3.80E+06 | Good %: 0.83 | Buffer time: 153ms
> Buffer id: 050/116 | Total points: 1.63E+06/3.80E+06 | Good %: 0.83 | Buffer time: 170ms
> Buffer id: 055/116 | Total points: 1.79E+06/3.80E+06 | Good %: 0.83 | Buffer time: 166ms
> Buffer id: 060/116 | Total points: 1.96E+06/3.80E+06 | Good %: 0.83 | Buffer time: 200ms
> Buffer id: 065/116 | Total points: 2.12E+06/3.80E+06 | Good %: 0.83 | Buffer time: 178ms
> Buffer id: 070/116 | Total points: 2.28E+06/3.80E+06 | Good %: 0.83 | Buffer time: 161ms
> Buffer id: 075/116 | Total points: 2.45E+06/3.80E+06 | Good %: 0.83 | Buffer time: 168ms
> Buffer id: 080/116 | Total points: 2.61E+06/3.80E+06 | Good %: 0.83 | Buffer time: 158ms
> Buffer id: 085/116 | Total points: 2.77E+06/3.80E+06 | Good %: 0.83 | Buffer time: 210ms
> Buffer id: 090/116 | Total points: 2.94E+06/3.80E+06 | Good %: 0.83 | Buffer time: 165ms
> Buffer id: 095/116 | Total points: 3.10E+06/3.80E+06 | Good %: 0.83 | Buffer time: 178ms
> Buffer id: 100/116 | Total points: 3.26E+06/3.80E+06 | Good %: 0.83 | Buffer time: 189ms
> Buffer id: 105/116 | Total points: 3.43E+06/3.80E+06 | Good %: 0.83 | Buffer time: 150ms
> Buffer id: 110/116 | Total points: 3.59E+06/3.80E+06 | Good %: 0.83 | Buffer time: 173ms
> Buffer id: 115/116 | Total points: 3.75E+06/3.80E+06 | Good %: 0.83 | Buffer time: 166ms
==> Summary: 
> Required samples:  3800451
> Total points:  3817813
> Good points: 3151306. Percentage: 0.8254
> Bad points: 666507. Percentage: 0.1746
> Time: 19s876ms. In seconds: 19.876784086227417
==> Dictionary saved!
==> Done!
