[2025-04-18 12:48:39] === STARTING python: exp_num=1, precision=1.0E-03 ===
[2025-04-18 12:48:39] Launched python with PID 7190
==> Creating result directory ...
==> Loading test settings ...
==> torch device:  cpu
==> Seeding everything ...
==> Building dynamical system ...
==> Building Lyapunov neural network ...
==> Building controller neural network ...
==> dReal variables:  [Variable('x1') Variable('x2') Variable('x3')]
==> dReal for lyapunov function
> Start constructing the dReal expression for lyapunov function ...
> Start time: 2025-04-18 12:48:39.741002
> Stop time: 2025-04-18 12:48:39.799911
> Time used: 58ms = 0.05890941619873047 s
> Checking consistency for lyapunov function ...
==> dReal for controller
> Start constructing the dReal expression for controller ...
> Start time: 2025-04-18 12:48:39.947591
> Stop time: 2025-04-18 12:48:39.948478
> Time used: 0ms = 0.0008869171142578125 s
> Checking consistency for controller ...
==> dReal for stability condition
> Checking consistency for stability condition ...
==> Verifying with dReal ...
> dReal precision: 1.0E-03
> dReal number of jobs: 1
> Start checking
> Start time: 2025-04-18 12:48:47.518678
[2025-04-19 03:24:14] Python process 7190 was killed by signal 15.
