==> Creating result directory ...
==> Loading test settings ...
==> Deciding torch device ...
==> torch device:  cpu
==> Seeding everything ...
==> Building dynamical system ...
==> Building Lyapunov neural network ...
==> Building controller neural network ...
##########################################
==> Repeat 1 times ...
==> Start sampling ...
> Delta: 1.00E-03
> Epsilon: 1.00E-03
> Required samples: 3800451
> Buffer size: 32768
> Buffer id: 005/116 | Total points: 1.64E+05/3.80E+06 | Good %: 1.00 | Buffer time: 212ms
> Buffer id: 010/116 | Total points: 3.28E+05/3.80E+06 | Good %: 1.00 | Buffer time: 158ms
> Buffer id: 015/116 | Total points: 4.92E+05/3.80E+06 | Good %: 1.00 | Buffer time: 159ms
> Buffer id: 020/116 | Total points: 6.55E+05/3.80E+06 | Good %: 1.00 | Buffer time: 197ms
> Buffer id: 025/116 | Total points: 8.19E+05/3.80E+06 | Good %: 1.00 | Buffer time: 158ms
> Buffer id: 030/116 | Total points: 9.83E+05/3.80E+06 | Good %: 1.00 | Buffer time: 164ms
> Buffer id: 035/116 | Total points: 1.15E+06/3.80E+06 | Good %: 1.00 | Buffer time: 136ms
> Buffer id: 040/116 | Total points: 1.31E+06/3.80E+06 | Good %: 1.00 | Buffer time: 149ms
> Buffer id: 045/116 | Total points: 1.47E+06/3.80E+06 | Good %: 1.00 | Buffer time: 164ms
> Buffer id: 050/116 | Total points: 1.64E+06/3.80E+06 | Good %: 1.00 | Buffer time: 166ms
> Buffer id: 055/116 | Total points: 1.80E+06/3.80E+06 | Good %: 1.00 | Buffer time: 176ms
> Buffer id: 060/116 | Total points: 1.97E+06/3.80E+06 | Good %: 1.00 | Buffer time: 179ms
> Buffer id: 065/116 | Total points: 2.13E+06/3.80E+06 | Good %: 1.00 | Buffer time: 158ms
> Buffer id: 070/116 | Total points: 2.29E+06/3.80E+06 | Good %: 1.00 | Buffer time: 166ms
> Buffer id: 075/116 | Total points: 2.46E+06/3.80E+06 | Good %: 1.00 | Buffer time: 178ms
> Buffer id: 080/116 | Total points: 2.62E+06/3.80E+06 | Good %: 1.00 | Buffer time: 160ms
> Buffer id: 085/116 | Total points: 2.79E+06/3.80E+06 | Good %: 1.00 | Buffer time: 186ms
> Buffer id: 090/116 | Total points: 2.95E+06/3.80E+06 | Good %: 1.00 | Buffer time: 178ms
> Buffer id: 095/116 | Total points: 3.11E+06/3.80E+06 | Good %: 1.00 | Buffer time: 174ms
> Buffer id: 100/116 | Total points: 3.28E+06/3.80E+06 | Good %: 1.00 | Buffer time: 164ms
> Buffer id: 105/116 | Total points: 3.44E+06/3.80E+06 | Good %: 1.00 | Buffer time: 190ms
> Buffer id: 110/116 | Total points: 3.60E+06/3.80E+06 | Good %: 1.00 | Buffer time: 155ms
> Buffer id: 115/116 | Total points: 3.77E+06/3.80E+06 | Good %: 1.00 | Buffer time: 167ms
==> Summary: 
> Required samples:  3800451
> Total points:  3801076
> Good points: 3801076. Percentage: 1.0000
> Bad points: 0. Percentage: 0.0000
> Time: 19s701ms. In seconds: 19.701831817626953
==> Dictionary saved!
##########################################
==> Repeat 2 times ...
==> Start sampling ...
> Delta: 1.00E-03
> Epsilon: 1.00E-03
> Required samples: 3800451
> Buffer size: 32768
> Buffer id: 005/116 | Total points: 1.64E+05/3.80E+06 | Good %: 1.00 | Buffer time: 188ms
> Buffer id: 010/116 | Total points: 3.28E+05/3.80E+06 | Good %: 1.00 | Buffer time: 157ms
> Buffer id: 015/116 | Total points: 4.92E+05/3.80E+06 | Good %: 1.00 | Buffer time: 176ms
> Buffer id: 020/116 | Total points: 6.55E+05/3.80E+06 | Good %: 1.00 | Buffer time: 168ms
> Buffer id: 025/116 | Total points: 8.19E+05/3.80E+06 | Good %: 1.00 | Buffer time: 181ms
> Buffer id: 030/116 | Total points: 9.83E+05/3.80E+06 | Good %: 1.00 | Buffer time: 178ms
> Buffer id: 035/116 | Total points: 1.15E+06/3.80E+06 | Good %: 1.00 | Buffer time: 163ms
> Buffer id: 040/116 | Total points: 1.31E+06/3.80E+06 | Good %: 1.00 | Buffer time: 203ms
> Buffer id: 045/116 | Total points: 1.47E+06/3.80E+06 | Good %: 1.00 | Buffer time: 183ms
> Buffer id: 050/116 | Total points: 1.64E+06/3.80E+06 | Good %: 1.00 | Buffer time: 191ms
> Buffer id: 055/116 | Total points: 1.80E+06/3.80E+06 | Good %: 1.00 | Buffer time: 154ms
> Buffer id: 060/116 | Total points: 1.97E+06/3.80E+06 | Good %: 1.00 | Buffer time: 180ms
> Buffer id: 065/116 | Total points: 2.13E+06/3.80E+06 | Good %: 1.00 | Buffer time: 162ms
> Buffer id: 070/116 | Total points: 2.29E+06/3.80E+06 | Good %: 1.00 | Buffer time: 174ms
> Buffer id: 075/116 | Total points: 2.46E+06/3.80E+06 | Good %: 1.00 | Buffer time: 189ms
> Buffer id: 080/116 | Total points: 2.62E+06/3.80E+06 | Good %: 1.00 | Buffer time: 166ms
> Buffer id: 085/116 | Total points: 2.79E+06/3.80E+06 | Good %: 1.00 | Buffer time: 200ms
> Buffer id: 090/116 | Total points: 2.95E+06/3.80E+06 | Good %: 1.00 | Buffer time: 171ms
> Buffer id: 095/116 | Total points: 3.11E+06/3.80E+06 | Good %: 1.00 | Buffer time: 148ms
> Buffer id: 100/116 | Total points: 3.28E+06/3.80E+06 | Good %: 1.00 | Buffer time: 201ms
> Buffer id: 105/116 | Total points: 3.44E+06/3.80E+06 | Good %: 1.00 | Buffer time: 168ms
> Buffer id: 110/116 | Total points: 3.60E+06/3.80E+06 | Good %: 1.00 | Buffer time: 169ms
> Buffer id: 115/116 | Total points: 3.77E+06/3.80E+06 | Good %: 1.00 | Buffer time: 155ms
==> Summary: 
> Required samples:  3800451
> Total points:  3801073
> Good points: 3801073. Percentage: 1.0000
> Bad points: 0. Percentage: 0.0000
> Time: 20s117ms. In seconds: 20.117030382156372
==> Dictionary saved!
##########################################
==> Repeat 3 times ...
==> Start sampling ...
> Delta: 1.00E-03
> Epsilon: 1.00E-03
> Required samples: 3800451
> Buffer size: 32768
> Buffer id: 005/116 | Total points: 1.64E+05/3.80E+06 | Good %: 1.00 | Buffer time: 156ms
> Buffer id: 010/116 | Total points: 3.28E+05/3.80E+06 | Good %: 1.00 | Buffer time: 195ms
> Buffer id: 015/116 | Total points: 4.92E+05/3.80E+06 | Good %: 1.00 | Buffer time: 186ms
> Buffer id: 020/116 | Total points: 6.55E+05/3.80E+06 | Good %: 1.00 | Buffer time: 148ms
> Buffer id: 025/116 | Total points: 8.19E+05/3.80E+06 | Good %: 1.00 | Buffer time: 178ms
> Buffer id: 030/116 | Total points: 9.83E+05/3.80E+06 | Good %: 1.00 | Buffer time: 168ms
> Buffer id: 035/116 | Total points: 1.15E+06/3.80E+06 | Good %: 1.00 | Buffer time: 191ms
> Buffer id: 040/116 | Total points: 1.31E+06/3.80E+06 | Good %: 1.00 | Buffer time: 194ms
> Buffer id: 045/116 | Total points: 1.47E+06/3.80E+06 | Good %: 1.00 | Buffer time: 176ms
> Buffer id: 050/116 | Total points: 1.64E+06/3.80E+06 | Good %: 1.00 | Buffer time: 215ms
> Buffer id: 055/116 | Total points: 1.80E+06/3.80E+06 | Good %: 1.00 | Buffer time: 171ms
> Buffer id: 060/116 | Total points: 1.97E+06/3.80E+06 | Good %: 1.00 | Buffer time: 155ms
> Buffer id: 065/116 | Total points: 2.13E+06/3.80E+06 | Good %: 1.00 | Buffer time: 180ms
> Buffer id: 070/116 | Total points: 2.29E+06/3.80E+06 | Good %: 1.00 | Buffer time: 180ms
> Buffer id: 075/116 | Total points: 2.46E+06/3.80E+06 | Good %: 1.00 | Buffer time: 168ms
> Buffer id: 080/116 | Total points: 2.62E+06/3.80E+06 | Good %: 1.00 | Buffer time: 150ms
> Buffer id: 085/116 | Total points: 2.79E+06/3.80E+06 | Good %: 1.00 | Buffer time: 176ms
> Buffer id: 090/116 | Total points: 2.95E+06/3.80E+06 | Good %: 1.00 | Buffer time: 153ms
> Buffer id: 095/116 | Total points: 3.11E+06/3.80E+06 | Good %: 1.00 | Buffer time: 160ms
> Buffer id: 100/116 | Total points: 3.28E+06/3.80E+06 | Good %: 1.00 | Buffer time: 149ms
> Buffer id: 105/116 | Total points: 3.44E+06/3.80E+06 | Good %: 1.00 | Buffer time: 191ms
> Buffer id: 110/116 | Total points: 3.60E+06/3.80E+06 | Good %: 1.00 | Buffer time: 161ms
> Buffer id: 115/116 | Total points: 3.77E+06/3.80E+06 | Good %: 1.00 | Buffer time: 161ms
==> Summary: 
> Required samples:  3800451
> Total points:  3801074
> Good points: 3801074. Percentage: 1.0000
> Bad points: 0. Percentage: 0.0000
> Time: 20s67ms. In seconds: 20.067928314208984
==> Dictionary saved!
##########################################
==> Repeat 4 times ...
==> Start sampling ...
> Delta: 1.00E-03
> Epsilon: 1.00E-03
> Required samples: 3800451
> Buffer size: 32768
> Buffer id: 005/116 | Total points: 1.64E+05/3.80E+06 | Good %: 1.00 | Buffer time: 167ms
> Buffer id: 010/116 | Total points: 3.28E+05/3.80E+06 | Good %: 1.00 | Buffer time: 174ms
> Buffer id: 015/116 | Total points: 4.92E+05/3.80E+06 | Good %: 1.00 | Buffer time: 185ms
> Buffer id: 020/116 | Total points: 6.55E+05/3.80E+06 | Good %: 1.00 | Buffer time: 164ms
> Buffer id: 025/116 | Total points: 8.19E+05/3.80E+06 | Good %: 1.00 | Buffer time: 175ms
> Buffer id: 030/116 | Total points: 9.83E+05/3.80E+06 | Good %: 1.00 | Buffer time: 174ms
> Buffer id: 035/116 | Total points: 1.15E+06/3.80E+06 | Good %: 1.00 | Buffer time: 187ms
> Buffer id: 040/116 | Total points: 1.31E+06/3.80E+06 | Good %: 1.00 | Buffer time: 177ms
> Buffer id: 045/116 | Total points: 1.47E+06/3.80E+06 | Good %: 1.00 | Buffer time: 178ms
> Buffer id: 050/116 | Total points: 1.64E+06/3.80E+06 | Good %: 1.00 | Buffer time: 155ms
> Buffer id: 055/116 | Total points: 1.80E+06/3.80E+06 | Good %: 1.00 | Buffer time: 163ms
> Buffer id: 060/116 | Total points: 1.97E+06/3.80E+06 | Good %: 1.00 | Buffer time: 146ms
> Buffer id: 065/116 | Total points: 2.13E+06/3.80E+06 | Good %: 1.00 | Buffer time: 181ms
> Buffer id: 070/116 | Total points: 2.29E+06/3.80E+06 | Good %: 1.00 | Buffer time: 177ms
> Buffer id: 075/116 | Total points: 2.46E+06/3.80E+06 | Good %: 1.00 | Buffer time: 167ms
> Buffer id: 080/116 | Total points: 2.62E+06/3.80E+06 | Good %: 1.00 | Buffer time: 194ms
> Buffer id: 085/116 | Total points: 2.79E+06/3.80E+06 | Good %: 1.00 | Buffer time: 164ms
> Buffer id: 090/116 | Total points: 2.95E+06/3.80E+06 | Good %: 1.00 | Buffer time: 171ms
> Buffer id: 095/116 | Total points: 3.11E+06/3.80E+06 | Good %: 1.00 | Buffer time: 168ms
> Buffer id: 100/116 | Total points: 3.28E+06/3.80E+06 | Good %: 1.00 | Buffer time: 154ms
> Buffer id: 105/116 | Total points: 3.44E+06/3.80E+06 | Good %: 1.00 | Buffer time: 212ms
> Buffer id: 110/116 | Total points: 3.60E+06/3.80E+06 | Good %: 1.00 | Buffer time: 154ms
> Buffer id: 115/116 | Total points: 3.77E+06/3.80E+06 | Good %: 1.00 | Buffer time: 211ms
==> Summary: 
> Required samples:  3800451
> Total points:  3801071
> Good points: 3801071. Percentage: 1.0000
> Bad points: 0. Percentage: 0.0000
> Time: 19s967ms. In seconds: 19.967727661132812
==> Dictionary saved!
==> Done!
