==> Creating result directory ...
==> Loading test settings ...
==> Deciding torch device ...
==> torch device:  cuda
==> Seeding everything ...
==> Building dynamical system ...
==> Building Lyapunov neural network ...
==========================================================================================
Layer (type:depth-idx)                   Output Shape              Param #
==========================================================================================
LyapunovNetwork                          [1, 1]                    --
├─Sequential: 1-1                        [1, 64]                   --
│    └─LinearLayer: 2-1                  [1, 64]                   256
│    └─LinearLayer: 2-2                  [1, 64]                   4,096
│    └─LinearLayer: 2-3                  [1, 64]                   4,096
==========================================================================================
Total params: 8,448
Trainable params: 8,448
Non-trainable params: 0
Total mult-adds (M): 0.01
==========================================================================================
Input size (MB): 0.00
Forward/backward pass size (MB): 0.00
Params size (MB): 0.03
Estimated Total Size (MB): 0.04
==========================================================================================
==> Building controller neural network ...
==========================================================================================
Layer (type:depth-idx)                   Output Shape              Param #
==========================================================================================
FullyConnectedNetwork                    [1, 1]                    --
├─Sequential: 1-1                        [1, 1]                    --
│    └─LinearLayer: 2-1                  [1, 16]                   64
│    └─LinearLayer: 2-2                  [1, 16]                   256
│    └─LinearLayer: 2-3                  [1, 1]                    16
==========================================================================================
Total params: 336
Trainable params: 336
Non-trainable params: 0
Total mult-adds (M): 0.00
==========================================================================================
Input size (MB): 0.00
Forward/backward pass size (MB): 0.00
Params size (MB): 0.00
Estimated Total Size (MB): 0.00
==========================================================================================
==> Amount of training data:  10000
==> Computing the LQR controller ...
> LQR gain:  [[  3.16227764 -79.14276189   6.90956999 -25.72238308]]
> LQR P matrix:  [[  2.1849979   -8.1341318    1.88710791  -2.51956345]
 [ -8.1341318  104.71107491 -15.25349744  31.08205006]
 [  1.88710791 -15.25349744   3.29415953  -4.67607355]
 [ -2.51956345  31.08205006  -4.67607355   9.82055024]]
==> Pretraining the controller_nn ...
Epoch: 001 | Loss: 8.8937E+02 | Grad Norm: 1.3462E+01 | Time: 80ms
> Save model at epoch 001 with loss 8.8937E+02
Epoch: 006 | Loss: 8.9153E+02 | Grad Norm: 1.3467E+01 | Time: 28ms
> Save model at epoch 008 with loss 8.8893E+02
Epoch: 011 | Loss: 8.9063E+02 | Grad Norm: 1.3450E+01 | Time: 30ms
Epoch: 016 | Loss: 8.8497E+02 | Grad Norm: 1.3607E+01 | Time: 30ms
> Save model at epoch 016 with loss 8.8497E+02
Epoch: 021 | Loss: 8.8723E+02 | Grad Norm: 1.4302E+01 | Time: 32ms
> Save model at epoch 025 with loss 8.8488E+02
Epoch: 026 | Loss: 8.8580E+02 | Grad Norm: 1.5892E+01 | Time: 32ms
Epoch: 031 | Loss: 8.8560E+02 | Grad Norm: 1.8946E+01 | Time: 32ms
> Save model at epoch 032 with loss 8.8473E+02
> Save model at epoch 033 with loss 8.8129E+02
> Save model at epoch 035 with loss 8.8041E+02
Epoch: 036 | Loss: 8.8225E+02 | Grad Norm: 2.2696E+01 | Time: 30ms
> Save model at epoch 038 with loss 8.7885E+02
> Save model at epoch 039 with loss 8.7720E+02
Epoch: 041 | Loss: 8.7449E+02 | Grad Norm: 2.7986E+01 | Time: 28ms
> Save model at epoch 041 with loss 8.7449E+02
> Save model at epoch 043 with loss 8.7355E+02
> Save model at epoch 045 with loss 8.7026E+02
Epoch: 046 | Loss: 8.6755E+02 | Grad Norm: 3.4937E+01 | Time: 31ms
> Save model at epoch 046 with loss 8.6755E+02
> Save model at epoch 048 with loss 8.6562E+02
> Save model at epoch 049 with loss 8.6167E+02
Epoch: 051 | Loss: 8.6042E+02 | Grad Norm: 4.3759E+01 | Time: 28ms
> Save model at epoch 051 with loss 8.6042E+02
> Save model at epoch 052 with loss 8.5946E+02
> Save model at epoch 053 with loss 8.5663E+02
> Save model at epoch 054 with loss 8.5300E+02
> Save model at epoch 055 with loss 8.4980E+02
Epoch: 056 | Loss: 8.4775E+02 | Grad Norm: 5.4355E+01 | Time: 28ms
> Save model at epoch 056 with loss 8.4775E+02
> Save model at epoch 057 with loss 8.4347E+02
> Save model at epoch 058 with loss 8.4092E+02
> Save model at epoch 059 with loss 8.3796E+02
> Save model at epoch 060 with loss 8.3196E+02
Epoch: 061 | Loss: 8.3102E+02 | Grad Norm: 6.6677E+01 | Time: 28ms
> Save model at epoch 061 with loss 8.3102E+02
> Save model at epoch 062 with loss 8.2933E+02
> Save model at epoch 063 with loss 8.2135E+02
> Save model at epoch 064 with loss 8.1625E+02
> Save model at epoch 065 with loss 8.1527E+02
Epoch: 066 | Loss: 8.1162E+02 | Grad Norm: 8.0618E+01 | Time: 28ms
> Save model at epoch 066 with loss 8.1162E+02
> Save model at epoch 067 with loss 8.0243E+02
> Save model at epoch 068 with loss 8.0066E+02
> Save model at epoch 069 with loss 7.9373E+02
> Save model at epoch 070 with loss 7.8810E+02
Epoch: 071 | Loss: 7.8189E+02 | Grad Norm: 9.5023E+01 | Time: 28ms
> Save model at epoch 071 with loss 7.8189E+02
> Save model at epoch 072 with loss 7.7570E+02
> Save model at epoch 073 with loss 7.6814E+02
> Save model at epoch 074 with loss 7.6167E+02
> Save model at epoch 075 with loss 7.5761E+02
Epoch: 076 | Loss: 7.4984E+02 | Grad Norm: 1.1080E+02 | Time: 27ms
> Save model at epoch 076 with loss 7.4984E+02
> Save model at epoch 077 with loss 7.4252E+02
> Save model at epoch 078 with loss 7.3390E+02
> Save model at epoch 079 with loss 7.2718E+02
> Save model at epoch 080 with loss 7.1966E+02
Epoch: 081 | Loss: 7.0990E+02 | Grad Norm: 1.2636E+02 | Time: 28ms
> Save model at epoch 081 with loss 7.0990E+02
> Save model at epoch 082 with loss 7.0127E+02
> Save model at epoch 083 with loss 6.9175E+02
> Save model at epoch 084 with loss 6.8433E+02
> Save model at epoch 085 with loss 6.6967E+02
Epoch: 086 | Loss: 6.6081E+02 | Grad Norm: 1.4106E+02 | Time: 29ms
> Save model at epoch 086 with loss 6.6081E+02
> Save model at epoch 087 with loss 6.5123E+02
> Save model at epoch 088 with loss 6.4097E+02
> Save model at epoch 089 with loss 6.2727E+02
> Save model at epoch 090 with loss 6.1835E+02
Epoch: 091 | Loss: 6.0427E+02 | Grad Norm: 1.5481E+02 | Time: 28ms
> Save model at epoch 091 with loss 6.0427E+02
> Save model at epoch 092 with loss 5.9316E+02
> Save model at epoch 093 with loss 5.8098E+02
> Save model at epoch 094 with loss 5.6912E+02
> Save model at epoch 095 with loss 5.5709E+02
Epoch: 096 | Loss: 5.4197E+02 | Grad Norm: 1.6372E+02 | Time: 29ms
> Save model at epoch 096 with loss 5.4197E+02
> Save model at epoch 097 with loss 5.2863E+02
> Save model at epoch 098 with loss 5.1508E+02
> Save model at epoch 099 with loss 5.0168E+02
> Save model at epoch 100 with loss 4.8833E+02
Epoch: 101 | Loss: 4.7461E+02 | Grad Norm: 1.6879E+02 | Time: 29ms
> Save model at epoch 101 with loss 4.7461E+02
> Save model at epoch 102 with loss 4.5897E+02
> Save model at epoch 103 with loss 4.4505E+02
> Save model at epoch 104 with loss 4.2984E+02
> Save model at epoch 105 with loss 4.1465E+02
Epoch: 106 | Loss: 4.0019E+02 | Grad Norm: 1.6659E+02 | Time: 27ms
> Save model at epoch 106 with loss 4.0019E+02
> Save model at epoch 107 with loss 3.8544E+02
> Save model at epoch 108 with loss 3.7030E+02
> Save model at epoch 109 with loss 3.5419E+02
> Save model at epoch 110 with loss 3.3977E+02
Epoch: 111 | Loss: 3.2489E+02 | Grad Norm: 1.5739E+02 | Time: 30ms
> Save model at epoch 111 with loss 3.2489E+02
> Save model at epoch 112 with loss 3.0987E+02
> Save model at epoch 113 with loss 2.9510E+02
> Save model at epoch 114 with loss 2.8084E+02
> Save model at epoch 115 with loss 2.6640E+02
Epoch: 116 | Loss: 2.5226E+02 | Grad Norm: 1.3865E+02 | Time: 28ms
> Save model at epoch 116 with loss 2.5226E+02
> Save model at epoch 117 with loss 2.3914E+02
> Save model at epoch 118 with loss 2.2549E+02
> Save model at epoch 119 with loss 2.1275E+02
> Save model at epoch 120 with loss 1.9972E+02
Epoch: 121 | Loss: 1.8697E+02 | Grad Norm: 1.1530E+02 | Time: 28ms
> Save model at epoch 121 with loss 1.8697E+02
> Save model at epoch 122 with loss 1.7568E+02
> Save model at epoch 123 with loss 1.6385E+02
> Save model at epoch 124 with loss 1.5293E+02
> Save model at epoch 125 with loss 1.4255E+02
Epoch: 126 | Loss: 1.3200E+02 | Grad Norm: 9.1660E+01 | Time: 56ms
> Save model at epoch 126 with loss 1.3200E+02
> Save model at epoch 127 with loss 1.2284E+02
> Save model at epoch 128 with loss 1.1324E+02
> Save model at epoch 129 with loss 1.0468E+02
> Save model at epoch 130 with loss 9.6072E+01
Epoch: 131 | Loss: 8.7854E+01 | Grad Norm: 7.5867E+01 | Time: 28ms
> Save model at epoch 131 with loss 8.7854E+01
> Save model at epoch 132 with loss 8.0344E+01
> Save model at epoch 133 with loss 7.2798E+01
> Save model at epoch 134 with loss 6.5632E+01
> Save model at epoch 135 with loss 5.8671E+01
Epoch: 136 | Loss: 5.1995E+01 | Grad Norm: 6.3792E+01 | Time: 28ms
> Save model at epoch 136 with loss 5.1995E+01
> Save model at epoch 137 with loss 4.5747E+01
> Save model at epoch 138 with loss 3.9578E+01
> Save model at epoch 139 with loss 3.3931E+01
> Save model at epoch 140 with loss 2.8620E+01
Epoch: 141 | Loss: 2.3644E+01 | Grad Norm: 4.5085E+01 | Time: 28ms
> Save model at epoch 141 with loss 2.3644E+01
> Save model at epoch 142 with loss 1.9166E+01
> Save model at epoch 143 with loss 1.5313E+01
> Save model at epoch 144 with loss 1.1870E+01
> Save model at epoch 145 with loss 9.0310E+00
Epoch: 146 | Loss: 6.8247E+00 | Grad Norm: 1.8793E+01 | Time: 28ms
> Save model at epoch 146 with loss 6.8247E+00
> Save model at epoch 147 with loss 5.1708E+00
> Save model at epoch 148 with loss 3.9424E+00
> Save model at epoch 149 with loss 3.0207E+00
> Save model at epoch 150 with loss 2.3151E+00
Epoch: 151 | Loss: 1.7523E+00 | Grad Norm: 6.0144E+00 | Time: 28ms
> Save model at epoch 151 with loss 1.7523E+00
> Save model at epoch 152 with loss 1.3193E+00
> Save model at epoch 153 with loss 9.8809E-01
> Save model at epoch 154 with loss 7.4858E-01
> Save model at epoch 155 with loss 5.5722E-01
Epoch: 156 | Loss: 4.2038E-01 | Grad Norm: 2.4526E+00 | Time: 28ms
> Save model at epoch 156 with loss 4.2038E-01
> Save model at epoch 157 with loss 3.2399E-01
> Save model at epoch 158 with loss 2.5390E-01
> Save model at epoch 159 with loss 2.0274E-01
> Save model at epoch 160 with loss 1.6514E-01
Epoch: 161 | Loss: 1.3741E-01 | Grad Norm: 1.4569E+00 | Time: 28ms
> Save model at epoch 161 with loss 1.3741E-01
> Save model at epoch 162 with loss 1.1614E-01
> Save model at epoch 163 with loss 9.7303E-02
> Save model at epoch 164 with loss 8.1396E-02
> Save model at epoch 165 with loss 6.8569E-02
Epoch: 166 | Loss: 5.8784E-02 | Grad Norm: 8.2819E-01 | Time: 28ms
> Save model at epoch 166 with loss 5.8784E-02
> Save model at epoch 167 with loss 5.0673E-02
> Save model at epoch 168 with loss 4.4082E-02
> Save model at epoch 169 with loss 3.8437E-02
> Save model at epoch 170 with loss 3.4306E-02
Epoch: 171 | Loss: 2.9634E-02 | Grad Norm: 6.2107E-01 | Time: 28ms
> Save model at epoch 171 with loss 2.9634E-02
> Save model at epoch 172 with loss 2.6403E-02
> Save model at epoch 173 with loss 2.3595E-02
> Save model at epoch 174 with loss 2.1050E-02
> Save model at epoch 175 with loss 1.8939E-02
Epoch: 176 | Loss: 1.7173E-02 | Grad Norm: 5.0704E-01 | Time: 29ms
> Save model at epoch 176 with loss 1.7173E-02
> Save model at epoch 177 with loss 1.5613E-02
> Save model at epoch 178 with loss 1.4034E-02
> Save model at epoch 179 with loss 1.2894E-02
> Save model at epoch 180 with loss 1.1892E-02
Epoch: 181 | Loss: 1.0853E-02 | Grad Norm: 5.0358E-01 | Time: 29ms
> Save model at epoch 181 with loss 1.0853E-02
> Save model at epoch 182 with loss 1.0027E-02
> Save model at epoch 183 with loss 8.9499E-03
> Save model at epoch 184 with loss 8.3755E-03
> Save model at epoch 185 with loss 7.7260E-03
Epoch: 186 | Loss: 7.0196E-03 | Grad Norm: 3.3947E-01 | Time: 28ms
> Save model at epoch 186 with loss 7.0196E-03
> Save model at epoch 187 with loss 6.4608E-03
> Save model at epoch 188 with loss 5.9399E-03
> Save model at epoch 189 with loss 5.4854E-03
> Save model at epoch 190 with loss 5.0850E-03
Epoch: 191 | Loss: 4.6745E-03 | Grad Norm: 3.0026E-01 | Time: 27ms
> Save model at epoch 191 with loss 4.6745E-03
> Save model at epoch 192 with loss 4.3292E-03
> Save model at epoch 193 with loss 3.9213E-03
> Save model at epoch 194 with loss 3.6225E-03
> Save model at epoch 195 with loss 3.3366E-03
Epoch: 196 | Loss: 3.1228E-03 | Grad Norm: 2.3563E-01 | Time: 27ms
> Save model at epoch 196 with loss 3.1228E-03
> Save model at epoch 197 with loss 2.8466E-03
> Save model at epoch 198 with loss 2.6657E-03
> Save model at epoch 199 with loss 2.4268E-03
> Save model at epoch 200 with loss 2.2725E-03
Epoch: 201 | Loss: 2.1162E-03 | Grad Norm: 1.8941E-01 | Time: 28ms
> Save model at epoch 201 with loss 2.1162E-03
> Save model at epoch 202 with loss 1.9511E-03
> Save model at epoch 203 with loss 1.8274E-03
> Save model at epoch 204 with loss 1.6815E-03
> Save model at epoch 205 with loss 1.5569E-03
Epoch: 206 | Loss: 1.4806E-03 | Grad Norm: 1.8268E-01 | Time: 27ms
> Save model at epoch 206 with loss 1.4806E-03
> Save model at epoch 207 with loss 1.3825E-03
> Save model at epoch 208 with loss 1.2604E-03
> Save model at epoch 209 with loss 1.1852E-03
> Save model at epoch 210 with loss 1.1058E-03
Epoch: 211 | Loss: 1.0410E-03 | Grad Norm: 1.4665E-01 | Time: 27ms
> Save model at epoch 211 with loss 1.0410E-03
> Save model at epoch 212 with loss 9.5984E-04
> Save model at epoch 213 with loss 8.9951E-04
> Save model at epoch 214 with loss 8.5461E-04
> Save model at epoch 215 with loss 8.0209E-04
Epoch: 216 | Loss: 7.6766E-04 | Grad Norm: 1.4735E-01 | Time: 27ms
> Save model at epoch 216 with loss 7.6766E-04
> Save model at epoch 217 with loss 7.1540E-04
> Save model at epoch 218 with loss 6.6288E-04
> Save model at epoch 219 with loss 6.2155E-04
> Save model at epoch 220 with loss 5.9591E-04
Epoch: 221 | Loss: 5.6940E-04 | Grad Norm: 1.0274E-01 | Time: 27ms
> Save model at epoch 221 with loss 5.6940E-04
> Save model at epoch 222 with loss 5.4071E-04
> Save model at epoch 223 with loss 5.1895E-04
> Save model at epoch 224 with loss 4.7400E-04
> Save model at epoch 225 with loss 4.4452E-04
Epoch: 226 | Loss: 4.2278E-04 | Grad Norm: 9.6634E-02 | Time: 27ms
> Save model at epoch 226 with loss 4.2278E-04
> Save model at epoch 227 with loss 4.1095E-04
> Save model at epoch 228 with loss 3.8963E-04
> Save model at epoch 229 with loss 3.5985E-04
> Save model at epoch 230 with loss 3.4281E-04
Epoch: 231 | Loss: 3.2277E-04 | Grad Norm: 9.0916E-02 | Time: 29ms
> Save model at epoch 231 with loss 3.2277E-04
> Save model at epoch 232 with loss 3.0409E-04
> Save model at epoch 233 with loss 2.9083E-04
> Save model at epoch 234 with loss 2.7096E-04
> Save model at epoch 235 with loss 2.5840E-04
Epoch: 236 | Loss: 2.4825E-04 | Grad Norm: 8.2199E-02 | Time: 28ms
> Save model at epoch 236 with loss 2.4825E-04
> Save model at epoch 237 with loss 2.3835E-04
> Save model at epoch 238 with loss 2.2532E-04
> Save model at epoch 239 with loss 2.1791E-04
> Save model at epoch 240 with loss 2.0284E-04
Epoch: 241 | Loss: 1.9453E-04 | Grad Norm: 7.7350E-02 | Time: 58ms
> Save model at epoch 241 with loss 1.9453E-04
> Save model at epoch 242 with loss 1.8036E-04
> Save model at epoch 243 with loss 1.7327E-04
> Save model at epoch 244 with loss 1.7173E-04
> Save model at epoch 245 with loss 1.5933E-04
Epoch: 246 | Loss: 1.4817E-04 | Grad Norm: 6.6422E-02 | Time: 29ms
> Save model at epoch 246 with loss 1.4817E-04
> Save model at epoch 247 with loss 1.4267E-04
> Save model at epoch 248 with loss 1.3394E-04
> Save model at epoch 249 with loss 1.2685E-04
> Save model at epoch 250 with loss 1.2313E-04
Epoch: 251 | Loss: 1.1294E-04 | Grad Norm: 4.1718E-02 | Time: 30ms
> Save model at epoch 251 with loss 1.1294E-04
> Save model at epoch 252 with loss 1.0996E-04
> Save model at epoch 253 with loss 1.0295E-04
> Save model at epoch 254 with loss 9.9622E-05
> Save model at epoch 255 with loss 9.7529E-05
Epoch: 256 | Loss: 9.2363E-05 | Grad Norm: 5.6498E-02 | Time: 30ms
> Save model at epoch 256 with loss 9.2363E-05
> Save model at epoch 257 with loss 8.8013E-05
> Save model at epoch 258 with loss 8.3287E-05
> Save model at epoch 259 with loss 7.6891E-05
> Save model at epoch 260 with loss 7.4006E-05
Epoch: 261 | Loss: 6.8255E-05 | Grad Norm: 4.2599E-02 | Time: 28ms
> Save model at epoch 261 with loss 6.8255E-05
> Save model at epoch 262 with loss 6.4737E-05
> Save model at epoch 263 with loss 6.2019E-05
> Save model at epoch 264 with loss 5.9162E-05
> Save model at epoch 265 with loss 5.6328E-05
Epoch: 266 | Loss: 5.3047E-05 | Grad Norm: 3.5896E-02 | Time: 28ms
> Save model at epoch 266 with loss 5.3047E-05
> Save model at epoch 267 with loss 5.2276E-05
> Save model at epoch 268 with loss 4.9125E-05
> Save model at epoch 269 with loss 4.5791E-05
> Save model at epoch 270 with loss 4.3534E-05
Epoch: 271 | Loss: 4.2508E-05 | Grad Norm: 4.0840E-02 | Time: 29ms
> Save model at epoch 271 with loss 4.2508E-05
> Save model at epoch 272 with loss 4.0633E-05
> Save model at epoch 273 with loss 3.9732E-05
> Save model at epoch 274 with loss 3.6203E-05
> Save model at epoch 275 with loss 3.6089E-05
Epoch: 276 | Loss: 3.2342E-05 | Grad Norm: 3.0285E-02 | Time: 29ms
> Save model at epoch 276 with loss 3.2342E-05
> Save model at epoch 277 with loss 3.1036E-05
> Save model at epoch 278 with loss 2.9823E-05
> Save model at epoch 279 with loss 2.8082E-05
> Save model at epoch 280 with loss 2.7380E-05
Epoch: 281 | Loss: 2.5713E-05 | Grad Norm: 2.9994E-02 | Time: 27ms
> Save model at epoch 281 with loss 2.5713E-05
> Save model at epoch 282 with loss 2.4227E-05
> Save model at epoch 283 with loss 2.3318E-05
> Save model at epoch 284 with loss 2.1501E-05
> Save model at epoch 285 with loss 2.1495E-05
Epoch: 286 | Loss: 1.9868E-05 | Grad Norm: 2.3647E-02 | Time: 28ms
> Save model at epoch 286 with loss 1.9868E-05
> Save model at epoch 287 with loss 1.9211E-05
> Save model at epoch 288 with loss 1.8127E-05
> Save model at epoch 289 with loss 1.7622E-05
> Save model at epoch 290 with loss 1.6186E-05
Epoch: 291 | Loss: 1.5728E-05 | Grad Norm: 2.2688E-02 | Time: 29ms
> Save model at epoch 291 with loss 1.5728E-05
> Save model at epoch 292 with loss 1.5672E-05
> Save model at epoch 293 with loss 1.4648E-05
> Save model at epoch 294 with loss 1.3924E-05
> Save model at epoch 295 with loss 1.3108E-05
Epoch: 296 | Loss: 1.2643E-05 | Grad Norm: 2.2350E-02 | Time: 27ms
> Save model at epoch 296 with loss 1.2643E-05
> Save model at epoch 298 with loss 1.2277E-05
> Save model at epoch 299 with loss 1.1122E-05
> Save model at epoch 300 with loss 1.0417E-05
Epoch: 301 | Loss: 1.0270E-05 | Grad Norm: 2.2758E-02 | Time: 28ms
> Save model at epoch 301 with loss 1.0270E-05
> Save model at epoch 302 with loss 9.7367E-06
> Save model at epoch 303 with loss 9.5797E-06
> Save model at epoch 305 with loss 8.8766E-06
Epoch: 306 | Loss: 8.5854E-06 | Grad Norm: 2.5483E-02 | Time: 57ms
> Save model at epoch 306 with loss 8.5854E-06
> Save model at epoch 307 with loss 7.9375E-06
> Save model at epoch 309 with loss 7.5674E-06
> Save model at epoch 310 with loss 6.9980E-06
Epoch: 311 | Loss: 6.7020E-06 | Grad Norm: 1.6476E-02 | Time: 27ms
> Save model at epoch 311 with loss 6.7020E-06
> Save model at epoch 312 with loss 6.2469E-06
> Save model at epoch 313 with loss 5.9811E-06
> Save model at epoch 314 with loss 5.9490E-06
> Save model at epoch 315 with loss 5.6628E-06
Epoch: 316 | Loss: 5.7558E-06 | Grad Norm: 1.8327E-02 | Time: 28ms
> Save model at epoch 317 with loss 5.4232E-06
> Save model at epoch 318 with loss 5.2275E-06
> Save model at epoch 320 with loss 4.8076E-06
Epoch: 321 | Loss: 4.5044E-06 | Grad Norm: 1.1156E-02 | Time: 30ms
> Save model at epoch 321 with loss 4.5044E-06
> Save model at epoch 322 with loss 4.4054E-06
> Save model at epoch 323 with loss 4.3071E-06
> Save model at epoch 325 with loss 3.9861E-06
Epoch: 326 | Loss: 3.8626E-06 | Grad Norm: 9.3486E-03 | Time: 29ms
> Save model at epoch 326 with loss 3.8626E-06
> Save model at epoch 330 with loss 3.6217E-06
Epoch: 331 | Loss: 3.6435E-06 | Grad Norm: 2.0656E-02 | Time: 30ms
> Save model at epoch 332 with loss 3.5232E-06
> Save model at epoch 335 with loss 3.2536E-06
Epoch: 336 | Loss: 3.0554E-06 | Grad Norm: 1.7615E-02 | Time: 29ms
> Save model at epoch 336 with loss 3.0554E-06
> Save model at epoch 337 with loss 2.5278E-06
Epoch: 341 | Loss: 2.7397E-06 | Grad Norm: 2.0645E-02 | Time: 28ms
> Save model at epoch 343 with loss 2.4154E-06
> Save model at epoch 344 with loss 2.3384E-06
Epoch: 346 | Loss: 2.3752E-05 | Grad Norm: 1.2357E-01 | Time: 27ms
Epoch: 351 | Loss: 4.7354E-05 | Grad Norm: 1.9160E-01 | Time: 27ms
Epoch: 356 | Loss: 8.7000E-06 | Grad Norm: 7.4230E-02 | Time: 29ms
Epoch: 361 | Loss: 2.0068E-05 | Grad Norm: 1.1721E-01 | Time: 28ms
Epoch: 366 | Loss: 9.8320E-06 | Grad Norm: 7.7246E-02 | Time: 30ms
> Save model at epoch 368 with loss 1.7815E-06
> Save model at epoch 369 with loss 1.3611E-06
> Save model at epoch 370 with loss 1.2667E-06
Epoch: 371 | Loss: 1.2196E-06 | Grad Norm: 9.8585E-03 | Time: 28ms
> Save model at epoch 371 with loss 1.2196E-06
> Save model at epoch 372 with loss 1.1184E-06
Epoch: 376 | Loss: 1.1375E-06 | Grad Norm: 1.1954E-02 | Time: 28ms
> Save model at epoch 377 with loss 1.0905E-06
> Save model at epoch 378 with loss 1.0283E-06
> Save model at epoch 379 with loss 1.0198E-06
> Save model at epoch 380 with loss 9.3185E-07
Epoch: 381 | Loss: 9.5094E-07 | Grad Norm: 8.4810E-03 | Time: 28ms
Epoch: 386 | Loss: 2.3842E-05 | Grad Norm: 1.2763E-01 | Time: 27ms
Epoch: 391 | Loss: 1.4854E-04 | Grad Norm: 3.5011E-01 | Time: 32ms
Epoch: 396 | Loss: 2.4788E-05 | Grad Norm: 1.2550E-01 | Time: 27ms
> Save model at epoch 400 with loss 7.0052E-07
Epoch: 401 | Loss: 6.8872E-07 | Grad Norm: 8.6027E-03 | Time: 28ms
> Save model at epoch 401 with loss 6.8872E-07
> Save model at epoch 403 with loss 6.6264E-07
> Save model at epoch 405 with loss 6.5764E-07
Epoch: 406 | Loss: 1.4383E-06 | Grad Norm: 2.4940E-02 | Time: 56ms
Epoch: 411 | Loss: 9.3726E-05 | Grad Norm: 2.4351E-01 | Time: 27ms
Epoch: 416 | Loss: 6.7632E-07 | Grad Norm: 9.2247E-03 | Time: 27ms
> Save model at epoch 417 with loss 5.6465E-07
> Save model at epoch 418 with loss 5.2861E-07
> Save model at epoch 419 with loss 4.9676E-07
Epoch: 421 | Loss: 6.3644E-07 | Grad Norm: 1.2509E-02 | Time: 28ms
Epoch: 426 | Loss: 4.1163E-06 | Grad Norm: 4.9017E-02 | Time: 28ms
Epoch: 431 | Loss: 1.6612E-05 | Grad Norm: 1.0257E-01 | Time: 28ms
Epoch: 436 | Loss: 5.6693E-06 | Grad Norm: 5.9929E-02 | Time: 27ms
Epoch: 441 | Loss: 4.2347E-07 | Grad Norm: 8.6485E-03 | Time: 29ms
> Save model at epoch 441 with loss 4.2347E-07
> Save model at epoch 442 with loss 3.8461E-07
Epoch: 446 | Loss: 1.2872E-06 | Grad Norm: 2.5852E-02 | Time: 28ms
Epoch: 451 | Loss: 1.9732E-05 | Grad Norm: 1.1960E-01 | Time: 28ms
Epoch: 456 | Loss: 3.6471E-05 | Grad Norm: 1.5535E-01 | Time: 55ms
Epoch: 461 | Loss: 5.7704E-07 | Grad Norm: 1.5203E-02 | Time: 30ms
> Save model at epoch 463 with loss 3.4375E-07
> Save model at epoch 465 with loss 2.8934E-07
Epoch: 466 | Loss: 3.2447E-07 | Grad Norm: 7.8656E-03 | Time: 30ms
> Save model at epoch 467 with loss 2.6623E-07
> Save model at epoch 468 with loss 2.5853E-07
Epoch: 471 | Loss: 2.7822E-07 | Grad Norm: 6.7012E-03 | Time: 30ms
Epoch: 476 | Loss: 3.0995E-07 | Grad Norm: 8.5974E-03 | Time: 28ms
Epoch: 481 | Loss: 5.0441E-05 | Grad Norm: 1.9330E-01 | Time: 28ms
Epoch: 486 | Loss: 4.9476E-06 | Grad Norm: 5.8072E-02 | Time: 28ms
Epoch: 491 | Loss: 6.7651E-06 | Grad Norm: 6.5164E-02 | Time: 29ms
Epoch: 496 | Loss: 8.9513E-05 | Grad Norm: 2.3999E-01 | Time: 28ms
Epoch: 501 | Loss: 5.9708E-07 | Grad Norm: 1.5968E-02 | Time: 28ms
> Save model at epoch 504 with loss 1.8574E-07
> Save model at epoch 505 with loss 1.7104E-07
Epoch: 506 | Loss: 1.7528E-07 | Grad Norm: 4.3984E-03 | Time: 56ms
Epoch: 511 | Loss: 2.2003E-07 | Grad Norm: 7.5406E-03 | Time: 27ms
Epoch: 516 | Loss: 1.9108E-05 | Grad Norm: 1.1581E-01 | Time: 27ms
Epoch: 521 | Loss: 3.4389E-07 | Grad Norm: 1.2480E-02 | Time: 27ms
Epoch: 526 | Loss: 1.5961E-07 | Grad Norm: 5.2790E-03 | Time: 27ms
> Save model at epoch 526 with loss 1.5961E-07
Epoch: 531 | Loss: 9.7905E-06 | Grad Norm: 9.0546E-02 | Time: 28ms
Epoch: 536 | Loss: 1.7772E-05 | Grad Norm: 1.1335E-01 | Time: 28ms
Epoch: 541 | Loss: 9.4070E-07 | Grad Norm: 2.4479E-02 | Time: 28ms
> Save model at epoch 545 with loss 1.5008E-07
Epoch: 546 | Loss: 1.7809E-07 | Grad Norm: 6.8932E-03 | Time: 28ms
> Save model at epoch 550 with loss 1.1338E-07
Epoch: 551 | Loss: 1.7808E-07 | Grad Norm: 8.2420E-03 | Time: 28ms
Epoch: 556 | Loss: 4.4695E-07 | Grad Norm: 1.4623E-02 | Time: 56ms
Epoch: 561 | Loss: 2.4859E-05 | Grad Norm: 1.2399E-01 | Time: 29ms
Epoch: 566 | Loss: 4.9513E-06 | Grad Norm: 5.8085E-02 | Time: 27ms
Epoch: 571 | Loss: 3.6870E-05 | Grad Norm: 1.6435E-01 | Time: 27ms
Epoch: 576 | Loss: 4.3356E-06 | Grad Norm: 5.5956E-02 | Time: 27ms
Epoch: 581 | Loss: 1.8951E-07 | Grad Norm: 9.7558E-03 | Time: 27ms
Epoch: 586 | Loss: 2.4084E-06 | Grad Norm: 4.1317E-02 | Time: 27ms
Epoch: 591 | Loss: 2.1999E-06 | Grad Norm: 4.0187E-02 | Time: 27ms
Epoch: 596 | Loss: 1.6377E-06 | Grad Norm: 3.3280E-02 | Time: 27ms
Epoch: 601 | Loss: 8.3000E-06 | Grad Norm: 7.3349E-02 | Time: 27ms
Epoch: 606 | Loss: 2.5158E-06 | Grad Norm: 4.0181E-02 | Time: 54ms
Epoch: 611 | Loss: 2.1082E-06 | Grad Norm: 3.9243E-02 | Time: 27ms
Epoch: 616 | Loss: 2.0198E-07 | Grad Norm: 9.9300E-03 | Time: 29ms
Epoch: 621 | Loss: 4.0542E-06 | Grad Norm: 5.2008E-02 | Time: 29ms
Epoch: 626 | Loss: 8.1753E-07 | Grad Norm: 2.1524E-02 | Time: 29ms
Epoch: 631 | Loss: 1.0583E-06 | Grad Norm: 2.7872E-02 | Time: 29ms
Epoch: 636 | Loss: 1.2925E-05 | Grad Norm: 9.5741E-02 | Time: 29ms
Epoch: 641 | Loss: 1.3772E-06 | Grad Norm: 2.9632E-02 | Time: 29ms
> Save model at epoch 645 with loss 6.3299E-08
Epoch: 646 | Loss: 4.4150E-08 | Grad Norm: 1.9714E-03 | Time: 29ms
> Save model at epoch 646 with loss 4.4150E-08
Epoch: 651 | Loss: 2.4400E-07 | Grad Norm: 1.2269E-02 | Time: 29ms
Epoch: 656 | Loss: 1.9517E-05 | Grad Norm: 1.2140E-01 | Time: 30ms
Epoch: 661 | Loss: 5.7380E-06 | Grad Norm: 6.3965E-02 | Time: 29ms
Epoch: 666 | Loss: 3.6968E-08 | Grad Norm: 2.0024E-03 | Time: 29ms
> Save model at epoch 666 with loss 3.6968E-08
> Save model at epoch 668 with loss 3.5384E-08
Epoch: 671 | Loss: 4.3814E-08 | Grad Norm: 2.8667E-03 | Time: 29ms
Epoch: 676 | Loss: 7.4125E-08 | Grad Norm: 5.4403E-03 | Time: 30ms
Epoch: 681 | Loss: 1.6590E-07 | Grad Norm: 1.0194E-02 | Time: 29ms
Epoch: 686 | Loss: 3.4033E-07 | Grad Norm: 1.3314E-02 | Time: 56ms
Epoch: 691 | Loss: 2.4487E-06 | Grad Norm: 4.0877E-02 | Time: 29ms
Epoch: 696 | Loss: 1.9358E-06 | Grad Norm: 3.6378E-02 | Time: 28ms
Epoch: 701 | Loss: 2.5581E-07 | Grad Norm: 1.1824E-02 | Time: 28ms
Epoch: 706 | Loss: 2.3944E-07 | Grad Norm: 1.1339E-02 | Time: 28ms
Epoch: 711 | Loss: 9.0643E-08 | Grad Norm: 6.4827E-03 | Time: 28ms
Epoch: 716 | Loss: 1.2530E-06 | Grad Norm: 3.0610E-02 | Time: 28ms
Epoch: 721 | Loss: 2.7909E-07 | Grad Norm: 1.4135E-02 | Time: 28ms
Epoch: 726 | Loss: 2.7928E-06 | Grad Norm: 4.2077E-02 | Time: 28ms
Epoch: 731 | Loss: 3.7155E-07 | Grad Norm: 1.4826E-02 | Time: 28ms
> Save model at epoch 735 with loss 2.5909E-08
Epoch: 736 | Loss: 2.3451E-08 | Grad Norm: 1.3544E-03 | Time: 29ms
> Save model at epoch 736 with loss 2.3451E-08
> Save model at epoch 737 with loss 2.1922E-08
> Save model at epoch 739 with loss 2.1407E-08
Epoch: 741 | Loss: 2.2521E-08 | Grad Norm: 1.3288E-03 | Time: 28ms
> Save model at epoch 742 with loss 2.1205E-08
> Save model at epoch 743 with loss 2.1027E-08
Epoch: 746 | Loss: 2.3760E-08 | Grad Norm: 1.6026E-03 | Time: 28ms
> Save model at epoch 750 with loss 2.0973E-08
Epoch: 751 | Loss: 2.0777E-08 | Grad Norm: 1.0074E-03 | Time: 29ms
> Save model at epoch 751 with loss 2.0777E-08
Epoch: 756 | Loss: 2.3593E-08 | Grad Norm: 1.8289E-03 | Time: 28ms
> Save model at epoch 759 with loss 1.9803E-08
Epoch: 761 | Loss: 1.9913E-08 | Grad Norm: 1.2309E-03 | Time: 27ms
Epoch: 766 | Loss: 4.9178E-08 | Grad Norm: 5.1442E-03 | Time: 55ms
Epoch: 771 | Loss: 2.3674E-08 | Grad Norm: 2.0124E-03 | Time: 28ms
Epoch: 776 | Loss: 1.9231E-08 | Grad Norm: 1.2987E-03 | Time: 28ms
> Save model at epoch 776 with loss 1.9231E-08
> Save model at epoch 777 with loss 1.8070E-08
Epoch: 781 | Loss: 2.1644E-08 | Grad Norm: 2.0755E-03 | Time: 28ms
Epoch: 786 | Loss: 1.8785E-07 | Grad Norm: 1.1394E-02 | Time: 28ms
Epoch: 791 | Loss: 2.7530E-08 | Grad Norm: 2.9949E-03 | Time: 28ms
> Save model at epoch 793 with loss 1.6311E-08
Epoch: 796 | Loss: 2.0633E-08 | Grad Norm: 2.0832E-03 | Time: 28ms
Epoch: 801 | Loss: 8.0595E-08 | Grad Norm: 6.7699E-03 | Time: 28ms
Epoch: 806 | Loss: 3.7454E-07 | Grad Norm: 1.5735E-02 | Time: 28ms
Epoch: 811 | Loss: 2.4993E-08 | Grad Norm: 2.8045E-03 | Time: 28ms
Epoch: 816 | Loss: 1.6867E-08 | Grad Norm: 1.4880E-03 | Time: 28ms
> Save model at epoch 820 with loss 1.4402E-08
Epoch: 821 | Loss: 1.3774E-08 | Grad Norm: 9.3775E-04 | Time: 27ms
> Save model at epoch 821 with loss 1.3774E-08
> Save model at epoch 822 with loss 1.3328E-08
Epoch: 826 | Loss: 1.4909E-08 | Grad Norm: 1.3112E-03 | Time: 28ms
Epoch: 831 | Loss: 1.2994E-08 | Grad Norm: 8.4555E-04 | Time: 32ms
> Save model at epoch 831 with loss 1.2994E-08
Epoch: 836 | Loss: 1.4458E-08 | Grad Norm: 1.2900E-03 | Time: 28ms
Epoch: 841 | Loss: 1.8091E-08 | Grad Norm: 1.5716E-03 | Time: 28ms
Epoch: 846 | Loss: 1.8049E-08 | Grad Norm: 1.4924E-03 | Time: 55ms
> Save model at epoch 849 with loss 1.2031E-08
Epoch: 851 | Loss: 1.2693E-08 | Grad Norm: 1.1096E-03 | Time: 28ms
> Save model at epoch 853 with loss 1.1632E-08
> Save model at epoch 854 with loss 1.1129E-08
Epoch: 856 | Loss: 1.1569E-08 | Grad Norm: 8.7437E-04 | Time: 30ms
> Save model at epoch 858 with loss 1.1101E-08
> Save model at epoch 860 with loss 1.1001E-08
Epoch: 861 | Loss: 1.1147E-08 | Grad Norm: 9.0807E-04 | Time: 28ms
> Save model at epoch 865 with loss 1.0596E-08
Epoch: 866 | Loss: 1.0960E-08 | Grad Norm: 8.3907E-04 | Time: 28ms
> Save model at epoch 870 with loss 1.0478E-08
Epoch: 871 | Loss: 1.2162E-08 | Grad Norm: 9.9107E-04 | Time: 36ms
> Save model at epoch 872 with loss 1.0145E-08
Epoch: 876 | Loss: 1.0686E-08 | Grad Norm: 8.7922E-04 | Time: 29ms
> Save model at epoch 879 with loss 9.5507E-09
> Threshold reached. Stop training.
Total time: 26s996ms
==> Pretraining the Lyapunov_nn ...
Epoch: 001 | Loss: 1.1402E-01 | Grad Norm: 9.4047E-01 | Time: 37ms
> Save model at epoch 001 with loss 1.1402E-01
> Save model at epoch 002 with loss 1.0306E-01
> Save model at epoch 003 with loss 7.5847E-02
> Save model at epoch 004 with loss 4.7655E-02
> Save model at epoch 005 with loss 2.7542E-02
Epoch: 006 | Loss: 1.5651E-02 | Grad Norm: 1.8240E-01 | Time: 31ms
> Save model at epoch 006 with loss 1.5651E-02
> Save model at epoch 007 with loss 9.0970E-03
> Save model at epoch 008 with loss 5.5088E-03
> Save model at epoch 009 with loss 3.4987E-03
> Save model at epoch 010 with loss 2.3677E-03
Epoch: 011 | Loss: 1.6801E-03 | Grad Norm: 2.5281E-02 | Time: 31ms
> Save model at epoch 011 with loss 1.6801E-03
> Save model at epoch 012 with loss 1.2454E-03
> Save model at epoch 013 with loss 9.4688E-04
> Save model at epoch 014 with loss 7.3087E-04
> Save model at epoch 015 with loss 5.6958E-04
Epoch: 016 | Loss: 4.4184E-04 | Grad Norm: 7.5754E-03 | Time: 29ms
> Save model at epoch 016 with loss 4.4184E-04
> Save model at epoch 017 with loss 3.4599E-04
> Save model at epoch 018 with loss 2.7067E-04
> Save model at epoch 019 with loss 2.1251E-04
> Save model at epoch 020 with loss 1.6894E-04
Epoch: 021 | Loss: 1.3495E-04 | Grad Norm: 3.1228E-03 | Time: 28ms
> Save model at epoch 021 with loss 1.3495E-04
> Save model at epoch 022 with loss 1.0996E-04
> Save model at epoch 023 with loss 9.0487E-05
> Save model at epoch 024 with loss 7.6112E-05
> Save model at epoch 025 with loss 6.4977E-05
Epoch: 026 | Loss: 5.6604E-05 | Grad Norm: 1.4584E-03 | Time: 57ms
> Save model at epoch 026 with loss 5.6604E-05
> Save model at epoch 027 with loss 4.9450E-05
> Save model at epoch 028 with loss 4.3985E-05
> Save model at epoch 029 with loss 3.9842E-05
> Save model at epoch 030 with loss 3.6178E-05
Epoch: 031 | Loss: 3.3323E-05 | Grad Norm: 9.8272E-04 | Time: 28ms
> Save model at epoch 031 with loss 3.3323E-05
> Save model at epoch 032 with loss 3.0813E-05
> Save model at epoch 033 with loss 2.8599E-05
> Save model at epoch 034 with loss 2.7083E-05
> Save model at epoch 035 with loss 2.5400E-05
Epoch: 036 | Loss: 2.4331E-05 | Grad Norm: 5.7939E-04 | Time: 28ms
> Save model at epoch 036 with loss 2.4331E-05
> Save model at epoch 037 with loss 2.3203E-05
> Save model at epoch 038 with loss 2.2370E-05
> Save model at epoch 039 with loss 2.1285E-05
> Save model at epoch 040 with loss 2.0759E-05
Epoch: 041 | Loss: 2.0194E-05 | Grad Norm: 5.7637E-04 | Time: 30ms
> Save model at epoch 041 with loss 2.0194E-05
> Save model at epoch 042 with loss 1.9513E-05
> Save model at epoch 043 with loss 1.8745E-05
> Save model at epoch 044 with loss 1.8162E-05
> Save model at epoch 045 with loss 1.7626E-05
Epoch: 046 | Loss: 1.7193E-05 | Grad Norm: 4.4505E-04 | Time: 29ms
> Save model at epoch 046 with loss 1.7193E-05
> Save model at epoch 047 with loss 1.6713E-05
> Save model at epoch 048 with loss 1.6297E-05
> Save model at epoch 049 with loss 1.5944E-05
> Save model at epoch 050 with loss 1.5820E-05
Epoch: 051 | Loss: 1.5226E-05 | Grad Norm: 4.5393E-04 | Time: 29ms
> Save model at epoch 051 with loss 1.5226E-05
> Save model at epoch 052 with loss 1.4965E-05
> Save model at epoch 053 with loss 1.4632E-05
> Save model at epoch 054 with loss 1.4394E-05
> Save model at epoch 055 with loss 1.3982E-05
Epoch: 056 | Loss: 1.3819E-05 | Grad Norm: 4.8236E-04 | Time: 29ms
> Save model at epoch 056 with loss 1.3819E-05
> Save model at epoch 057 with loss 1.3303E-05
> Save model at epoch 058 with loss 1.3031E-05
> Save model at epoch 059 with loss 1.2823E-05
> Save model at epoch 060 with loss 1.2720E-05
Epoch: 061 | Loss: 1.2392E-05 | Grad Norm: 4.8077E-04 | Time: 29ms
> Save model at epoch 061 with loss 1.2392E-05
> Save model at epoch 062 with loss 1.2110E-05
> Save model at epoch 063 with loss 1.1858E-05
> Save model at epoch 064 with loss 1.1760E-05
> Save model at epoch 065 with loss 1.1324E-05
Epoch: 066 | Loss: 1.1216E-05 | Grad Norm: 4.7214E-04 | Time: 29ms
> Save model at epoch 066 with loss 1.1216E-05
> Save model at epoch 067 with loss 1.0910E-05
> Save model at epoch 068 with loss 1.0604E-05
> Save model at epoch 069 with loss 1.0459E-05
> Save model at epoch 070 with loss 1.0209E-05
Epoch: 071 | Loss: 1.0231E-05 | Grad Norm: 6.0042E-04 | Time: 29ms
> Save model at epoch 072 with loss 9.9179E-06
> Save model at epoch 073 with loss 9.5980E-06
> Save model at epoch 074 with loss 9.4411E-06
> Save model at epoch 075 with loss 9.2097E-06
Epoch: 076 | Loss: 9.1605E-06 | Grad Norm: 4.0703E-04 | Time: 31ms
> Save model at epoch 076 with loss 9.1605E-06
> Save model at epoch 077 with loss 8.9798E-06
> Save model at epoch 078 with loss 8.6776E-06
> Save model at epoch 079 with loss 8.6567E-06
> Save model at epoch 080 with loss 8.4021E-06
Epoch: 081 | Loss: 8.2606E-06 | Grad Norm: 4.7979E-04 | Time: 29ms
> Save model at epoch 081 with loss 8.2606E-06
> Save model at epoch 082 with loss 8.2150E-06
> Save model at epoch 083 with loss 7.8368E-06
> Save model at epoch 084 with loss 7.7251E-06
> Save model at epoch 085 with loss 7.4711E-06
Epoch: 086 | Loss: 7.4096E-06 | Grad Norm: 4.3304E-04 | Time: 29ms
> Save model at epoch 086 with loss 7.4096E-06
> Save model at epoch 087 with loss 7.2065E-06
> Save model at epoch 088 with loss 7.0417E-06
> Save model at epoch 089 with loss 6.9560E-06
> Save model at epoch 090 with loss 6.8095E-06
Epoch: 091 | Loss: 6.5422E-06 | Grad Norm: 3.0397E-04 | Time: 33ms
> Save model at epoch 091 with loss 6.5422E-06
> Save model at epoch 092 with loss 6.3825E-06
> Save model at epoch 093 with loss 6.3297E-06
> Save model at epoch 094 with loss 6.1429E-06
> Save model at epoch 095 with loss 6.0526E-06
Epoch: 096 | Loss: 5.8569E-06 | Grad Norm: 3.1995E-04 | Time: 29ms
> Save model at epoch 096 with loss 5.8569E-06
> Save model at epoch 097 with loss 5.8452E-06
> Save model at epoch 098 with loss 5.8028E-06
> Save model at epoch 099 with loss 5.5008E-06
> Save model at epoch 100 with loss 5.3318E-06
Epoch: 101 | Loss: 5.1965E-06 | Grad Norm: 3.4274E-04 | Time: 29ms
> Save model at epoch 101 with loss 5.1965E-06
> Save model at epoch 102 with loss 5.0664E-06
> Save model at epoch 103 with loss 5.0259E-06
> Save model at epoch 104 with loss 4.9045E-06
> Save model at epoch 105 with loss 4.7991E-06
Epoch: 106 | Loss: 4.6504E-06 | Grad Norm: 3.7115E-04 | Time: 59ms
> Save model at epoch 106 with loss 4.6504E-06
> Save model at epoch 107 with loss 4.5427E-06
> Save model at epoch 108 with loss 4.4060E-06
> Save model at epoch 109 with loss 4.3223E-06
> Save model at epoch 110 with loss 4.1336E-06
Epoch: 111 | Loss: 4.0200E-06 | Grad Norm: 3.1458E-04 | Time: 28ms
> Save model at epoch 111 with loss 4.0200E-06
> Save model at epoch 113 with loss 3.8752E-06
> Save model at epoch 115 with loss 3.6297E-06
Epoch: 116 | Loss: 3.5979E-06 | Grad Norm: 4.4499E-04 | Time: 30ms
> Save model at epoch 116 with loss 3.5979E-06
> Save model at epoch 118 with loss 3.5313E-06
> Save model at epoch 119 with loss 3.1681E-06
> Save model at epoch 120 with loss 3.0863E-06
Epoch: 121 | Loss: 2.9583E-06 | Grad Norm: 2.9282E-04 | Time: 30ms
> Save model at epoch 121 with loss 2.9583E-06
> Save model at epoch 122 with loss 2.8655E-06
> Save model at epoch 123 with loss 2.7730E-06
> Save model at epoch 124 with loss 2.7303E-06
Epoch: 126 | Loss: 2.4888E-06 | Grad Norm: 2.2889E-04 | Time: 29ms
> Save model at epoch 126 with loss 2.4888E-06
> Save model at epoch 128 with loss 2.3427E-06
> Save model at epoch 129 with loss 2.3318E-06
> Save model at epoch 130 with loss 2.2767E-06
Epoch: 131 | Loss: 2.0828E-06 | Grad Norm: 2.9899E-04 | Time: 30ms
> Save model at epoch 131 with loss 2.0828E-06
> Save model at epoch 132 with loss 2.0252E-06
> Save model at epoch 133 with loss 1.9639E-06
> Save model at epoch 134 with loss 1.8854E-06
> Save model at epoch 135 with loss 1.7797E-06
Epoch: 136 | Loss: 1.7450E-06 | Grad Norm: 3.0748E-04 | Time: 30ms
> Save model at epoch 136 with loss 1.7450E-06
> Save model at epoch 137 with loss 1.6801E-06
> Save model at epoch 138 with loss 1.5654E-06
> Save model at epoch 139 with loss 1.5258E-06
> Save model at epoch 140 with loss 1.4790E-06
Epoch: 141 | Loss: 1.3660E-06 | Grad Norm: 2.2556E-04 | Time: 29ms
> Save model at epoch 141 with loss 1.3660E-06
> Save model at epoch 142 with loss 1.2983E-06
> Save model at epoch 143 with loss 1.2924E-06
> Save model at epoch 144 with loss 1.2491E-06
> Save model at epoch 145 with loss 1.2219E-06
Epoch: 146 | Loss: 1.1931E-06 | Grad Norm: 3.4191E-04 | Time: 28ms
> Save model at epoch 146 with loss 1.1931E-06
> Save model at epoch 147 with loss 1.0969E-06
> Save model at epoch 149 with loss 1.0771E-06
> Save model at epoch 150 with loss 9.5501E-07
Epoch: 151 | Loss: 9.8704E-07 | Grad Norm: 4.2229E-04 | Time: 31ms
> Save model at epoch 152 with loss 9.0389E-07
> Save model at epoch 153 with loss 8.9467E-07
> Save model at epoch 154 with loss 8.3511E-07
> Save model at epoch 155 with loss 7.7578E-07
Epoch: 156 | Loss: 7.4481E-07 | Grad Norm: 2.3617E-04 | Time: 29ms
> Save model at epoch 156 with loss 7.4481E-07
> Save model at epoch 157 with loss 7.1617E-07
> Save model at epoch 158 with loss 6.6259E-07
> Save model at epoch 159 with loss 6.4651E-07
Epoch: 161 | Loss: 6.3060E-07 | Grad Norm: 2.3705E-04 | Time: 28ms
> Save model at epoch 161 with loss 6.3060E-07
> Save model at epoch 162 with loss 5.9603E-07
> Save model at epoch 163 with loss 5.6705E-07
> Save model at epoch 164 with loss 5.5859E-07
Epoch: 166 | Loss: 5.5544E-07 | Grad Norm: 2.7789E-04 | Time: 29ms
> Save model at epoch 166 with loss 5.5544E-07
> Save model at epoch 167 with loss 5.2971E-07
> Save model at epoch 168 with loss 4.9060E-07
> Save model at epoch 169 with loss 4.8689E-07
> Save model at epoch 170 with loss 4.4640E-07
Epoch: 171 | Loss: 4.6837E-07 | Grad Norm: 2.1838E-04 | Time: 33ms
> Save model at epoch 175 with loss 4.2007E-07
Epoch: 176 | Loss: 4.3491E-07 | Grad Norm: 2.6271E-04 | Time: 29ms
> Save model at epoch 178 with loss 3.9290E-07
> Save model at epoch 179 with loss 3.5569E-07
Epoch: 181 | Loss: 4.7349E-07 | Grad Norm: 4.1841E-04 | Time: 29ms
> Save model at epoch 183 with loss 3.4793E-07
> Save model at epoch 185 with loss 3.2858E-07
Epoch: 186 | Loss: 3.3692E-07 | Grad Norm: 2.1428E-04 | Time: 57ms
> Save model at epoch 189 with loss 3.2564E-07
Epoch: 191 | Loss: 3.4205E-07 | Grad Norm: 2.5914E-04 | Time: 31ms
> Save model at epoch 194 with loss 2.8179E-07
Epoch: 196 | Loss: 3.0922E-07 | Grad Norm: 2.4689E-04 | Time: 31ms
Epoch: 201 | Loss: 2.9104E-07 | Grad Norm: 2.4204E-04 | Time: 29ms
> Save model at epoch 203 with loss 2.7060E-07
Epoch: 206 | Loss: 1.0435E-06 | Grad Norm: 9.4116E-04 | Time: 29ms
> Save model at epoch 209 with loss 2.5820E-07
Epoch: 211 | Loss: 1.1876E-06 | Grad Norm: 9.5176E-04 | Time: 29ms
Epoch: 216 | Loss: 4.2626E-07 | Grad Norm: 3.8579E-04 | Time: 29ms
Epoch: 221 | Loss: 3.4451E-07 | Grad Norm: 3.6275E-04 | Time: 31ms
> Save model at epoch 222 with loss 2.2411E-07
Epoch: 226 | Loss: 4.2478E-07 | Grad Norm: 5.0693E-04 | Time: 31ms
Epoch: 231 | Loss: 2.1046E-07 | Grad Norm: 2.2134E-04 | Time: 31ms
> Save model at epoch 231 with loss 2.1046E-07
Epoch: 236 | Loss: 4.4234E-07 | Grad Norm: 5.0482E-04 | Time: 33ms
Epoch: 241 | Loss: 1.3290E-06 | Grad Norm: 1.0575E-03 | Time: 30ms
Epoch: 246 | Loss: 5.5944E-06 | Grad Norm: 1.9601E-03 | Time: 29ms
Epoch: 251 | Loss: 2.1823E-07 | Grad Norm: 2.0190E-04 | Time: 34ms
> Save model at epoch 252 with loss 1.8358E-07
Epoch: 256 | Loss: 1.4968E-06 | Grad Norm: 8.8605E-04 | Time: 29ms
Epoch: 261 | Loss: 1.5559E-06 | Grad Norm: 6.1981E-04 | Time: 28ms
Epoch: 266 | Loss: 2.0517E-07 | Grad Norm: 1.4800E-04 | Time: 59ms
Epoch: 271 | Loss: 2.6114E-07 | Grad Norm: 2.8446E-04 | Time: 29ms
> Save model at epoch 275 with loss 1.8357E-07
Epoch: 276 | Loss: 1.2671E-07 | Grad Norm: 9.7139E-05 | Time: 29ms
> Save model at epoch 276 with loss 1.2671E-07
Epoch: 281 | Loss: 1.6462E-05 | Grad Norm: 2.7965E-03 | Time: 29ms
Epoch: 286 | Loss: 3.3071E-07 | Grad Norm: 2.9119E-04 | Time: 29ms
Epoch: 291 | Loss: 1.1740E-06 | Grad Norm: 7.4660E-04 | Time: 29ms
Epoch: 296 | Loss: 6.0556E-07 | Grad Norm: 5.2108E-04 | Time: 29ms
Epoch: 301 | Loss: 2.3879E-07 | Grad Norm: 2.7877E-04 | Time: 29ms
Epoch: 306 | Loss: 1.6971E-07 | Grad Norm: 2.1007E-04 | Time: 29ms
Epoch: 311 | Loss: 2.2129E-06 | Grad Norm: 1.1180E-03 | Time: 29ms
Epoch: 316 | Loss: 2.3145E-07 | Grad Norm: 2.6346E-04 | Time: 32ms
Epoch: 321 | Loss: 2.7085E-06 | Grad Norm: 1.0708E-03 | Time: 29ms
Epoch: 326 | Loss: 1.7688E-06 | Grad Norm: 9.2337E-04 | Time: 29ms
Epoch: 331 | Loss: 8.4096E-07 | Grad Norm: 5.4664E-04 | Time: 33ms
Epoch: 336 | Loss: 1.9932E-07 | Grad Norm: 1.6338E-04 | Time: 30ms
Epoch: 341 | Loss: 3.8413E-07 | Grad Norm: 3.6793E-04 | Time: 28ms
Epoch: 346 | Loss: 7.8690E-04 | Grad Norm: 1.9072E-02 | Time: 56ms
Epoch: 351 | Loss: 1.3458E-06 | Grad Norm: 1.8174E-04 | Time: 30ms
Epoch: 356 | Loss: 1.0488E-06 | Grad Norm: 1.2128E-04 | Time: 31ms
Epoch: 361 | Loss: 9.1835E-07 | Grad Norm: 1.3467E-04 | Time: 32ms
Epoch: 366 | Loss: 8.2340E-07 | Grad Norm: 1.2932E-04 | Time: 29ms
Epoch: 371 | Loss: 7.3401E-07 | Grad Norm: 8.3303E-05 | Time: 28ms
Epoch: 376 | Loss: 6.9020E-07 | Grad Norm: 1.1259E-04 | Time: 29ms
Epoch: 381 | Loss: 6.1862E-07 | Grad Norm: 7.4793E-05 | Time: 31ms
Epoch: 386 | Loss: 5.8917E-07 | Grad Norm: 9.1303E-05 | Time: 29ms
Epoch: 391 | Loss: 5.3967E-07 | Grad Norm: 8.9415E-05 | Time: 29ms
Epoch: 396 | Loss: 5.0096E-07 | Grad Norm: 8.7548E-05 | Time: 29ms
Epoch: 401 | Loss: 4.7581E-07 | Grad Norm: 9.8819E-05 | Time: 28ms
Epoch: 406 | Loss: 4.4750E-07 | Grad Norm: 1.0872E-04 | Time: 30ms
Epoch: 411 | Loss: 4.0209E-07 | Grad Norm: 5.3235E-05 | Time: 33ms
Epoch: 416 | Loss: 4.0963E-07 | Grad Norm: 1.3368E-04 | Time: 29ms
Epoch: 421 | Loss: 3.5158E-07 | Grad Norm: 7.1909E-05 | Time: 28ms
Epoch: 426 | Loss: 3.2822E-07 | Grad Norm: 8.2123E-05 | Time: 57ms
Epoch: 431 | Loss: 3.1298E-07 | Grad Norm: 8.5555E-05 | Time: 29ms
Epoch: 436 | Loss: 3.1293E-07 | Grad Norm: 1.3524E-04 | Time: 28ms
Epoch: 441 | Loss: 3.0087E-07 | Grad Norm: 1.4222E-04 | Time: 28ms
Epoch: 446 | Loss: 2.6121E-07 | Grad Norm: 1.0264E-04 | Time: 29ms
Epoch: 451 | Loss: 2.3646E-07 | Grad Norm: 8.6154E-05 | Time: 30ms
Epoch: 456 | Loss: 2.5436E-07 | Grad Norm: 1.5854E-04 | Time: 29ms
Epoch: 461 | Loss: 2.0001E-07 | Grad Norm: 6.2599E-05 | Time: 29ms
Epoch: 466 | Loss: 1.8636E-07 | Grad Norm: 6.4024E-05 | Time: 29ms
Epoch: 471 | Loss: 1.7499E-07 | Grad Norm: 6.7716E-05 | Time: 29ms
Epoch: 476 | Loss: 1.6416E-07 | Grad Norm: 7.0720E-05 | Time: 31ms
Epoch: 481 | Loss: 1.5232E-07 | Grad Norm: 5.5766E-05 | Time: 29ms
Epoch: 486 | Loss: 1.4526E-07 | Grad Norm: 6.4991E-05 | Time: 29ms
Epoch: 491 | Loss: 1.9110E-07 | Grad Norm: 1.8588E-04 | Time: 33ms
Epoch: 496 | Loss: 1.4714E-07 | Grad Norm: 1.1868E-04 | Time: 29ms
Epoch: 501 | Loss: 1.8829E-07 | Grad Norm: 2.0948E-04 | Time: 29ms
Epoch: 506 | Loss: 1.4722E-07 | Grad Norm: 1.2256E-04 | Time: 61ms
> Save model at epoch 507 with loss 1.1826E-07
> Save model at epoch 508 with loss 1.1611E-07
Epoch: 511 | Loss: 1.3408E-07 | Grad Norm: 1.2076E-04 | Time: 29ms
> Save model at epoch 512 with loss 1.1449E-07
> Save model at epoch 513 with loss 1.0995E-07
Epoch: 516 | Loss: 1.1233E-07 | Grad Norm: 9.7171E-05 | Time: 29ms
> Save model at epoch 520 with loss 1.0782E-07
Epoch: 521 | Loss: 1.0827E-07 | Grad Norm: 9.7175E-05 | Time: 29ms
> Save model at epoch 523 with loss 9.7691E-08
Epoch: 526 | Loss: 1.0375E-07 | Grad Norm: 9.4660E-05 | Time: 29ms
> Save model at epoch 527 with loss 9.4779E-08
Epoch: 531 | Loss: 1.1693E-07 | Grad Norm: 1.2864E-04 | Time: 31ms
Epoch: 536 | Loss: 1.4279E-07 | Grad Norm: 1.6928E-04 | Time: 29ms
Epoch: 541 | Loss: 1.0142E-07 | Grad Norm: 1.1292E-04 | Time: 28ms
> Save model at epoch 543 with loss 9.2198E-08
Epoch: 546 | Loss: 1.2168E-07 | Grad Norm: 1.5302E-04 | Time: 29ms
> Save model at epoch 549 with loss 8.9083E-08
> Save model at epoch 550 with loss 8.4778E-08
Epoch: 551 | Loss: 2.1403E-07 | Grad Norm: 2.5816E-04 | Time: 29ms
> Save model at epoch 555 with loss 7.9071E-08
Epoch: 556 | Loss: 8.0243E-08 | Grad Norm: 7.7912E-05 | Time: 29ms
Epoch: 561 | Loss: 1.2821E-07 | Grad Norm: 1.6976E-04 | Time: 29ms
Epoch: 566 | Loss: 2.3408E-07 | Grad Norm: 2.9023E-04 | Time: 29ms
Epoch: 571 | Loss: 2.1655E-07 | Grad Norm: 2.5808E-04 | Time: 32ms
Epoch: 576 | Loss: 1.5015E-06 | Grad Norm: 7.4452E-04 | Time: 31ms
Epoch: 581 | Loss: 1.2506E-07 | Grad Norm: 1.3434E-04 | Time: 29ms
Epoch: 586 | Loss: 2.1622E-07 | Grad Norm: 2.4412E-04 | Time: 57ms
Epoch: 591 | Loss: 7.2858E-07 | Grad Norm: 4.6236E-04 | Time: 31ms
Epoch: 596 | Loss: 1.3315E-06 | Grad Norm: 6.9291E-04 | Time: 29ms
Epoch: 601 | Loss: 7.1443E-07 | Grad Norm: 2.0694E-04 | Time: 29ms
Epoch: 606 | Loss: 2.3167E-07 | Grad Norm: 1.1182E-04 | Time: 29ms
Epoch: 611 | Loss: 2.8447E-07 | Grad Norm: 2.0153E-04 | Time: 29ms
Epoch: 616 | Loss: 3.1275E-07 | Grad Norm: 2.5028E-04 | Time: 29ms
Epoch: 621 | Loss: 2.3167E-07 | Grad Norm: 2.0131E-04 | Time: 29ms
Epoch: 626 | Loss: 3.9313E-07 | Grad Norm: 3.0552E-04 | Time: 29ms
Epoch: 631 | Loss: 3.7430E-07 | Grad Norm: 2.5289E-04 | Time: 29ms
Epoch: 636 | Loss: 4.9184E-07 | Grad Norm: 3.3044E-04 | Time: 30ms
Epoch: 641 | Loss: 2.9976E-07 | Grad Norm: 2.1864E-04 | Time: 29ms
Epoch: 646 | Loss: 2.2975E-07 | Grad Norm: 2.0244E-04 | Time: 29ms
Epoch: 651 | Loss: 1.6380E-06 | Grad Norm: 6.0846E-04 | Time: 30ms
Epoch: 656 | Loss: 3.8595E-05 | Grad Norm: 6.8052E-03 | Time: 29ms
Epoch: 661 | Loss: 3.3562E-07 | Grad Norm: 2.1219E-04 | Time: 29ms
Epoch: 666 | Loss: 2.4851E-07 | Grad Norm: 1.5243E-04 | Time: 57ms
Epoch: 671 | Loss: 2.0661E-07 | Grad Norm: 1.5238E-04 | Time: 29ms
Epoch: 676 | Loss: 1.6639E-07 | Grad Norm: 1.0839E-04 | Time: 29ms
Epoch: 681 | Loss: 1.3787E-07 | Grad Norm: 7.2494E-05 | Time: 29ms
Epoch: 686 | Loss: 1.1698E-07 | Grad Norm: 6.9351E-05 | Time: 29ms
Epoch: 691 | Loss: 1.0873E-07 | Grad Norm: 1.1691E-04 | Time: 29ms
Epoch: 696 | Loss: 8.7333E-08 | Grad Norm: 6.6321E-05 | Time: 28ms
Epoch: 701 | Loss: 7.6317E-08 | Grad Norm: 5.7580E-05 | Time: 31ms
> Save model at epoch 701 with loss 7.6317E-08
> Save model at epoch 702 with loss 7.4288E-08
> Save model at epoch 703 with loss 7.3195E-08
> Save model at epoch 704 with loss 7.1078E-08
Epoch: 706 | Loss: 6.8112E-08 | Grad Norm: 5.1920E-05 | Time: 29ms
> Save model at epoch 706 with loss 6.8112E-08
> Save model at epoch 707 with loss 6.6005E-08
> Save model at epoch 710 with loss 6.5985E-08
Epoch: 711 | Loss: 6.5130E-08 | Grad Norm: 8.2043E-05 | Time: 28ms
> Save model at epoch 711 with loss 6.5130E-08
> Save model at epoch 712 with loss 6.2361E-08
> Save model at epoch 713 with loss 6.1669E-08
> Save model at epoch 714 with loss 6.0208E-08
> Save model at epoch 715 with loss 5.9762E-08
Epoch: 716 | Loss: 5.6326E-08 | Grad Norm: 4.3359E-05 | Time: 29ms
> Save model at epoch 716 with loss 5.6326E-08
> Save model at epoch 717 with loss 5.6224E-08
> Save model at epoch 719 with loss 5.5189E-08
> Save model at epoch 720 with loss 5.4137E-08
Epoch: 721 | Loss: 5.2726E-08 | Grad Norm: 5.1005E-05 | Time: 29ms
> Save model at epoch 721 with loss 5.2726E-08
> Save model at epoch 723 with loss 5.2663E-08
> Save model at epoch 725 with loss 5.0954E-08
Epoch: 726 | Loss: 5.3868E-08 | Grad Norm: 9.6880E-05 | Time: 29ms
> Save model at epoch 727 with loss 5.0343E-08
> Save model at epoch 728 with loss 5.0302E-08
Epoch: 731 | Loss: 5.2092E-08 | Grad Norm: 9.4877E-05 | Time: 33ms
> Save model at epoch 732 with loss 4.6767E-08
Epoch: 736 | Loss: 4.5898E-08 | Grad Norm: 5.4638E-05 | Time: 30ms
> Save model at epoch 736 with loss 4.5898E-08
> Save model at epoch 737 with loss 4.5631E-08
> Save model at epoch 738 with loss 4.5455E-08
> Save model at epoch 739 with loss 4.5416E-08
Epoch: 741 | Loss: 4.6453E-08 | Grad Norm: 7.6530E-05 | Time: 28ms
> Save model at epoch 742 with loss 4.2867E-08
Epoch: 746 | Loss: 4.5256E-08 | Grad Norm: 7.8559E-05 | Time: 56ms
Epoch: 751 | Loss: 4.3288E-08 | Grad Norm: 7.2576E-05 | Time: 28ms
> Save model at epoch 752 with loss 4.0555E-08
Epoch: 756 | Loss: 4.0917E-08 | Grad Norm: 5.6678E-05 | Time: 29ms
Epoch: 761 | Loss: 5.2912E-08 | Grad Norm: 1.6377E-04 | Time: 28ms
Epoch: 766 | Loss: 4.0220E-08 | Grad Norm: 7.0032E-05 | Time: 29ms
> Save model at epoch 766 with loss 4.0220E-08
> Save model at epoch 767 with loss 3.9426E-08
Epoch: 771 | Loss: 3.8915E-08 | Grad Norm: 6.6778E-05 | Time: 28ms
> Save model at epoch 771 with loss 3.8915E-08
> Save model at epoch 772 with loss 3.8448E-08
> Save model at epoch 773 with loss 3.8099E-08
> Save model at epoch 774 with loss 3.7653E-08
> Save model at epoch 775 with loss 3.7469E-08
Epoch: 776 | Loss: 3.8654E-08 | Grad Norm: 7.0778E-05 | Time: 29ms
Epoch: 781 | Loss: 3.9062E-08 | Grad Norm: 9.0783E-05 | Time: 28ms
Epoch: 786 | Loss: 3.5604E-08 | Grad Norm: 4.2970E-05 | Time: 29ms
> Save model at epoch 786 with loss 3.5604E-08
Epoch: 791 | Loss: 4.3220E-08 | Grad Norm: 1.3898E-04 | Time: 28ms
Epoch: 796 | Loss: 3.9935E-08 | Grad Norm: 9.9613E-05 | Time: 29ms
Epoch: 801 | Loss: 3.6890E-08 | Grad Norm: 9.3532E-05 | Time: 28ms
Epoch: 806 | Loss: 3.5747E-08 | Grad Norm: 8.5546E-05 | Time: 29ms
> Save model at epoch 808 with loss 3.3443E-08
Epoch: 811 | Loss: 3.3769E-08 | Grad Norm: 7.1415E-05 | Time: 30ms
> Save model at epoch 812 with loss 3.3196E-08
Epoch: 816 | Loss: 4.7145E-08 | Grad Norm: 1.7605E-04 | Time: 29ms
Epoch: 821 | Loss: 3.9168E-08 | Grad Norm: 1.3074E-04 | Time: 28ms
> Save model at epoch 822 with loss 3.2033E-08
Epoch: 826 | Loss: 3.4884E-08 | Grad Norm: 9.7553E-05 | Time: 57ms
Epoch: 831 | Loss: 3.2663E-08 | Grad Norm: 8.0861E-05 | Time: 29ms
Epoch: 836 | Loss: 3.6646E-08 | Grad Norm: 1.1652E-04 | Time: 29ms
> Save model at epoch 839 with loss 3.1013E-08
Epoch: 841 | Loss: 3.1719E-08 | Grad Norm: 7.9444E-05 | Time: 28ms
Epoch: 846 | Loss: 3.2019E-08 | Grad Norm: 7.9277E-05 | Time: 29ms
Epoch: 851 | Loss: 3.5366E-08 | Grad Norm: 1.1500E-04 | Time: 30ms
> Save model at epoch 855 with loss 3.0521E-08
Epoch: 856 | Loss: 3.5158E-08 | Grad Norm: 1.2171E-04 | Time: 29ms
Epoch: 861 | Loss: 3.9675E-08 | Grad Norm: 1.5091E-04 | Time: 28ms
Epoch: 866 | Loss: 1.2468E-07 | Grad Norm: 4.4237E-04 | Time: 29ms
Epoch: 871 | Loss: 1.2269E-07 | Grad Norm: 2.5186E-04 | Time: 29ms
Epoch: 876 | Loss: 7.1659E-08 | Grad Norm: 2.2288E-04 | Time: 33ms
Epoch: 881 | Loss: 5.0649E-08 | Grad Norm: 1.7350E-04 | Time: 29ms
Epoch: 886 | Loss: 1.6639E-07 | Grad Norm: 3.9600E-04 | Time: 29ms
Epoch: 891 | Loss: 1.9229E-07 | Grad Norm: 4.8018E-04 | Time: 33ms
Epoch: 896 | Loss: 5.5684E-08 | Grad Norm: 1.8987E-04 | Time: 37ms
Epoch: 901 | Loss: 3.2004E-07 | Grad Norm: 6.2704E-04 | Time: 29ms
Epoch: 906 | Loss: 6.3840E-08 | Grad Norm: 1.2206E-04 | Time: 57ms
Epoch: 911 | Loss: 2.1224E-06 | Grad Norm: 1.3345E-03 | Time: 29ms
Epoch: 916 | Loss: 1.7098E-07 | Grad Norm: 2.3360E-04 | Time: 29ms
Epoch: 921 | Loss: 6.6756E-08 | Grad Norm: 1.7180E-04 | Time: 29ms
Epoch: 926 | Loss: 1.1280E-07 | Grad Norm: 2.4788E-04 | Time: 30ms
Epoch: 931 | Loss: 4.1411E-08 | Grad Norm: 8.4955E-05 | Time: 29ms
Epoch: 936 | Loss: 1.2851E-07 | Grad Norm: 2.6904E-04 | Time: 29ms
Epoch: 941 | Loss: 9.3164E-08 | Grad Norm: 1.5134E-04 | Time: 31ms
Epoch: 946 | Loss: 2.7630E-07 | Grad Norm: 4.5649E-04 | Time: 29ms
Epoch: 951 | Loss: 7.8304E-07 | Grad Norm: 6.5435E-04 | Time: 28ms
Epoch: 956 | Loss: 2.0169E-07 | Grad Norm: 2.9003E-04 | Time: 33ms
Epoch: 961 | Loss: 5.0547E-07 | Grad Norm: 4.4486E-04 | Time: 29ms
Epoch: 966 | Loss: 2.2708E-07 | Grad Norm: 3.5762E-04 | Time: 29ms
Epoch: 971 | Loss: 8.2016E-08 | Grad Norm: 1.2601E-04 | Time: 34ms
Epoch: 976 | Loss: 2.4244E-07 | Grad Norm: 3.1543E-04 | Time: 28ms
Epoch: 981 | Loss: 1.1872E-06 | Grad Norm: 6.1302E-04 | Time: 29ms
Epoch: 986 | Loss: 1.7142E-07 | Grad Norm: 2.3541E-04 | Time: 57ms
Epoch: 991 | Loss: 4.1740E-04 | Grad Norm: 2.0222E-02 | Time: 29ms
Epoch: 996 | Loss: 1.7063E-07 | Grad Norm: 1.4784E-04 | Time: 30ms
Epoch: 1001 | Loss: 8.8688E-08 | Grad Norm: 7.0992E-05 | Time: 29ms
Epoch: 1006 | Loss: 8.0854E-08 | Grad Norm: 8.0441E-05 | Time: 31ms
Epoch: 1011 | Loss: 8.3166E-08 | Grad Norm: 1.2067E-04 | Time: 28ms
Epoch: 1016 | Loss: 7.6791E-08 | Grad Norm: 6.2534E-05 | Time: 29ms
Epoch: 1021 | Loss: 7.9614E-08 | Grad Norm: 1.0920E-04 | Time: 30ms
Epoch: 1026 | Loss: 7.6625E-08 | Grad Norm: 8.3384E-05 | Time: 29ms
Epoch: 1031 | Loss: 8.0092E-08 | Grad Norm: 1.2941E-04 | Time: 29ms
Epoch: 1036 | Loss: 7.3925E-08 | Grad Norm: 6.9669E-05 | Time: 33ms
Epoch: 1041 | Loss: 7.6753E-08 | Grad Norm: 1.1192E-04 | Time: 29ms
Epoch: 1046 | Loss: 7.1736E-08 | Grad Norm: 7.7007E-05 | Time: 29ms
Epoch: 1051 | Loss: 7.3174E-08 | Grad Norm: 1.0760E-04 | Time: 33ms
Epoch: 1056 | Loss: 7.8861E-08 | Grad Norm: 1.4955E-04 | Time: 31ms
Epoch: 1061 | Loss: 8.8633E-08 | Grad Norm: 2.1962E-04 | Time: 29ms
Epoch: 1066 | Loss: 6.8076E-08 | Grad Norm: 6.9681E-05 | Time: 56ms
Epoch: 1071 | Loss: 8.8140E-08 | Grad Norm: 2.1968E-04 | Time: 29ms
Epoch: 1076 | Loss: 6.6314E-08 | Grad Norm: 9.1358E-05 | Time: 29ms
Epoch: 1081 | Loss: 6.9563E-08 | Grad Norm: 1.2206E-04 | Time: 29ms
Epoch: 1086 | Loss: 9.1465E-08 | Grad Norm: 2.4830E-04 | Time: 29ms
Epoch: 1091 | Loss: 6.4401E-08 | Grad Norm: 8.9655E-05 | Time: 29ms
Epoch: 1096 | Loss: 7.3061E-08 | Grad Norm: 1.7087E-04 | Time: 31ms
Epoch: 1101 | Loss: 7.6567E-08 | Grad Norm: 1.9141E-04 | Time: 28ms
Epoch: 1106 | Loss: 6.2642E-08 | Grad Norm: 1.0049E-04 | Time: 29ms
Epoch: 1111 | Loss: 6.6527E-08 | Grad Norm: 1.4871E-04 | Time: 29ms
Epoch: 1116 | Loss: 6.2432E-08 | Grad Norm: 1.1957E-04 | Time: 33ms
Epoch: 1121 | Loss: 8.5606E-08 | Grad Norm: 2.4781E-04 | Time: 29ms
Epoch: 1126 | Loss: 6.1064E-08 | Grad Norm: 1.2842E-04 | Time: 29ms
Epoch: 1131 | Loss: 6.6863E-08 | Grad Norm: 1.7033E-04 | Time: 33ms
Epoch: 1136 | Loss: 6.7140E-08 | Grad Norm: 1.7824E-04 | Time: 31ms
Epoch: 1141 | Loss: 7.9788E-08 | Grad Norm: 2.2596E-04 | Time: 30ms
Epoch: 1146 | Loss: 7.6094E-08 | Grad Norm: 2.1994E-04 | Time: 57ms
Epoch: 1151 | Loss: 7.0097E-08 | Grad Norm: 1.9561E-04 | Time: 28ms
Epoch: 1156 | Loss: 7.0235E-08 | Grad Norm: 2.0781E-04 | Time: 31ms
Epoch: 1161 | Loss: 6.8289E-08 | Grad Norm: 1.8184E-04 | Time: 29ms
Epoch: 1166 | Loss: 5.6324E-08 | Grad Norm: 1.2699E-04 | Time: 31ms
Epoch: 1171 | Loss: 5.5490E-08 | Grad Norm: 1.2191E-04 | Time: 31ms
Epoch: 1176 | Loss: 7.3445E-08 | Grad Norm: 1.8966E-04 | Time: 29ms
Epoch: 1181 | Loss: 8.3570E-08 | Grad Norm: 2.2656E-04 | Time: 31ms
Epoch: 1186 | Loss: 3.2223E-07 | Grad Norm: 6.2457E-04 | Time: 29ms
Epoch: 1191 | Loss: 5.3865E-08 | Grad Norm: 9.5439E-05 | Time: 29ms
Epoch: 1196 | Loss: 6.3560E-08 | Grad Norm: 1.4029E-04 | Time: 32ms
Epoch: 1201 | Loss: 5.7537E-08 | Grad Norm: 1.1709E-04 | Time: 29ms
Epoch: 1206 | Loss: 1.5008E-07 | Grad Norm: 3.3492E-04 | Time: 29ms
Epoch: 1211 | Loss: 8.5572E-08 | Grad Norm: 2.1394E-04 | Time: 34ms
Epoch: 1216 | Loss: 6.9683E-08 | Grad Norm: 1.6425E-04 | Time: 29ms
Epoch: 1221 | Loss: 5.3384E-08 | Grad Norm: 1.1884E-04 | Time: 29ms
Epoch: 1226 | Loss: 5.3751E-08 | Grad Norm: 1.1388E-04 | Time: 55ms
Epoch: 1231 | Loss: 1.8718E-07 | Grad Norm: 3.8432E-04 | Time: 30ms
Epoch: 1236 | Loss: 5.2500E-08 | Grad Norm: 1.1021E-04 | Time: 29ms
Epoch: 1241 | Loss: 1.6369E-07 | Grad Norm: 3.1715E-04 | Time: 29ms
Epoch: 1246 | Loss: 8.7766E-08 | Grad Norm: 1.9001E-04 | Time: 29ms
Epoch: 1251 | Loss: 7.5318E-08 | Grad Norm: 1.7499E-04 | Time: 29ms
Epoch: 1256 | Loss: 1.5745E-07 | Grad Norm: 3.0794E-04 | Time: 29ms
Epoch: 1261 | Loss: 4.2290E-08 | Grad Norm: 6.3874E-05 | Time: 32ms
Epoch: 1266 | Loss: 2.6287E-06 | Grad Norm: 1.1360E-03 | Time: 29ms
Epoch: 1271 | Loss: 4.1683E-07 | Grad Norm: 4.9790E-04 | Time: 29ms
Epoch: 1276 | Loss: 1.0612E-07 | Grad Norm: 1.6487E-04 | Time: 30ms
Epoch: 1281 | Loss: 1.0319E-07 | Grad Norm: 1.6757E-04 | Time: 29ms
Epoch: 1286 | Loss: 1.0556E-07 | Grad Norm: 1.6903E-04 | Time: 29ms
Epoch: 1291 | Loss: 9.7064E-08 | Grad Norm: 1.7758E-04 | Time: 33ms
Epoch: 1296 | Loss: 9.7512E-08 | Grad Norm: 1.7988E-04 | Time: 29ms
Epoch: 1301 | Loss: 1.1477E-07 | Grad Norm: 2.6168E-04 | Time: 29ms
Epoch: 1306 | Loss: 9.0982E-08 | Grad Norm: 1.7587E-04 | Time: 57ms
Epoch: 1311 | Loss: 9.7475E-08 | Grad Norm: 2.3437E-04 | Time: 30ms
Epoch: 1316 | Loss: 7.9989E-08 | Grad Norm: 1.4784E-04 | Time: 30ms
Epoch: 1321 | Loss: 8.4553E-08 | Grad Norm: 1.9618E-04 | Time: 30ms
Epoch: 1326 | Loss: 9.7608E-08 | Grad Norm: 2.8063E-04 | Time: 29ms
Epoch: 1331 | Loss: 7.3138E-08 | Grad Norm: 1.3852E-04 | Time: 31ms
Epoch: 1336 | Loss: 8.8568E-08 | Grad Norm: 2.7573E-04 | Time: 31ms
Epoch: 1341 | Loss: 7.0270E-08 | Grad Norm: 1.7295E-04 | Time: 29ms
Epoch: 1346 | Loss: 6.3126E-08 | Grad Norm: 1.3123E-04 | Time: 29ms
Epoch: 1351 | Loss: 9.8122E-08 | Grad Norm: 3.2537E-04 | Time: 29ms
Epoch: 1356 | Loss: 8.5323E-08 | Grad Norm: 2.6415E-04 | Time: 33ms
Epoch: 1361 | Loss: 6.4386E-08 | Grad Norm: 1.8774E-04 | Time: 29ms
Epoch: 1366 | Loss: 5.6817E-08 | Grad Norm: 1.4227E-04 | Time: 29ms
Epoch: 1371 | Loss: 1.2947E-07 | Grad Norm: 4.4458E-04 | Time: 29ms
Epoch: 1376 | Loss: 6.1341E-08 | Grad Norm: 2.0333E-04 | Time: 29ms
Epoch: 1381 | Loss: 8.7681E-08 | Grad Norm: 3.3485E-04 | Time: 29ms
Epoch: 1386 | Loss: 4.7628E-08 | Grad Norm: 1.3186E-04 | Time: 59ms
Epoch: 1391 | Loss: 8.4947E-08 | Grad Norm: 3.0155E-04 | Time: 30ms
Epoch: 1396 | Loss: 5.3175E-08 | Grad Norm: 1.4396E-04 | Time: 29ms
Epoch: 1401 | Loss: 1.2678E-07 | Grad Norm: 2.8196E-04 | Time: 28ms
Epoch: 1406 | Loss: 8.0829E-08 | Grad Norm: 1.8953E-04 | Time: 29ms
Epoch: 1411 | Loss: 2.7823E-07 | Grad Norm: 5.2866E-04 | Time: 28ms
Epoch: 1416 | Loss: 6.5934E-08 | Grad Norm: 1.3179E-04 | Time: 29ms
Epoch: 1421 | Loss: 9.1699E-08 | Grad Norm: 2.4594E-04 | Time: 29ms
Epoch: 1426 | Loss: 5.8398E-08 | Grad Norm: 1.3796E-04 | Time: 29ms
Epoch: 1431 | Loss: 7.5717E-08 | Grad Norm: 2.0525E-04 | Time: 29ms
Epoch: 1436 | Loss: 5.0947E-08 | Grad Norm: 1.4072E-04 | Time: 30ms
Epoch: 1441 | Loss: 1.6666E-07 | Grad Norm: 4.3762E-04 | Time: 29ms
Epoch: 1446 | Loss: 4.4905E-08 | Grad Norm: 8.1825E-05 | Time: 29ms
Epoch: 1451 | Loss: 7.5764E-08 | Grad Norm: 2.2742E-04 | Time: 34ms
Epoch: 1456 | Loss: 1.0271E-07 | Grad Norm: 2.4276E-04 | Time: 31ms
Epoch: 1461 | Loss: 6.8275E-08 | Grad Norm: 1.8394E-04 | Time: 33ms
Epoch: 1466 | Loss: 4.7822E-08 | Grad Norm: 1.2117E-04 | Time: 61ms
Epoch: 1471 | Loss: 7.2426E-08 | Grad Norm: 1.8970E-04 | Time: 29ms
Epoch: 1476 | Loss: 3.0021E-07 | Grad Norm: 5.0739E-04 | Time: 30ms
Epoch: 1481 | Loss: 1.5491E-07 | Grad Norm: 3.0186E-04 | Time: 29ms
Epoch: 1486 | Loss: 3.7077E-07 | Grad Norm: 5.2860E-04 | Time: 30ms
Epoch: 1491 | Loss: 7.7465E-08 | Grad Norm: 1.7270E-04 | Time: 30ms
Epoch: 1496 | Loss: 6.8495E-07 | Grad Norm: 6.3828E-04 | Time: 28ms
Epoch: 1501 | Loss: 7.7523E-08 | Grad Norm: 1.6374E-04 | Time: 30ms
Epoch: 1506 | Loss: 8.3544E-08 | Grad Norm: 1.9555E-04 | Time: 29ms
Epoch: 1511 | Loss: 4.7348E-07 | Grad Norm: 6.1929E-04 | Time: 29ms
Epoch: 1516 | Loss: 1.3338E-07 | Grad Norm: 2.8182E-04 | Time: 33ms
Epoch: 1521 | Loss: 1.1880E-07 | Grad Norm: 2.7041E-04 | Time: 28ms
Epoch: 1526 | Loss: 8.8065E-08 | Grad Norm: 2.1668E-04 | Time: 30ms
Epoch: 1531 | Loss: 9.9408E-08 | Grad Norm: 2.2864E-04 | Time: 33ms
Epoch: 1536 | Loss: 3.9019E-07 | Grad Norm: 4.7724E-04 | Time: 29ms
Epoch: 1541 | Loss: 2.4112E-07 | Grad Norm: 3.9179E-04 | Time: 28ms
Epoch: 1546 | Loss: 2.6143E-07 | Grad Norm: 3.9713E-04 | Time: 55ms
Epoch: 1551 | Loss: 6.1802E-08 | Grad Norm: 1.2803E-04 | Time: 28ms
Epoch: 1556 | Loss: 1.5928E-07 | Grad Norm: 2.9508E-04 | Time: 29ms
Epoch: 1561 | Loss: 1.7143E-07 | Grad Norm: 3.0360E-04 | Time: 29ms
Epoch: 1566 | Loss: 1.7459E-07 | Grad Norm: 3.2460E-04 | Time: 28ms
Epoch: 1571 | Loss: 1.3439E-06 | Grad Norm: 8.0493E-04 | Time: 29ms
Epoch: 1576 | Loss: 1.1490E-07 | Grad Norm: 2.1491E-04 | Time: 29ms
Epoch: 1581 | Loss: 8.3709E-08 | Grad Norm: 1.7876E-04 | Time: 30ms
Epoch: 1586 | Loss: 1.3428E-07 | Grad Norm: 2.6049E-04 | Time: 28ms
Epoch: 1591 | Loss: 5.6943E-08 | Grad Norm: 1.2920E-04 | Time: 28ms
Epoch: 1596 | Loss: 1.0549E-07 | Grad Norm: 2.4878E-04 | Time: 29ms
Epoch: 1601 | Loss: 3.6021E-07 | Grad Norm: 4.1940E-04 | Time: 28ms
Epoch: 1606 | Loss: 3.9197E-08 | Grad Norm: 4.0897E-05 | Time: 29ms
Epoch: 1611 | Loss: 6.1937E-08 | Grad Norm: 1.3128E-04 | Time: 30ms
Epoch: 1616 | Loss: 5.8300E-08 | Grad Norm: 1.4458E-04 | Time: 29ms
Epoch: 1621 | Loss: 3.9126E-08 | Grad Norm: 9.4862E-05 | Time: 28ms
Epoch: 1626 | Loss: 3.5732E-08 | Grad Norm: 7.8872E-05 | Time: 58ms
Epoch: 1631 | Loss: 3.4566E-08 | Grad Norm: 9.1490E-05 | Time: 29ms
Epoch: 1636 | Loss: 1.1255E-07 | Grad Norm: 2.3945E-04 | Time: 29ms
Epoch: 1641 | Loss: 5.2854E-08 | Grad Norm: 1.2393E-04 | Time: 28ms
Epoch: 1646 | Loss: 4.4189E-08 | Grad Norm: 1.0292E-04 | Time: 29ms
Epoch: 1651 | Loss: 7.6066E-08 | Grad Norm: 1.8905E-04 | Time: 30ms
Epoch: 1656 | Loss: 1.3372E-07 | Grad Norm: 2.6039E-04 | Time: 29ms
Epoch: 1661 | Loss: 3.2978E-08 | Grad Norm: 7.3588E-05 | Time: 31ms
> Save model at epoch 1662 with loss 3.0048E-08
Epoch: 1666 | Loss: 4.2899E-08 | Grad Norm: 1.2295E-04 | Time: 29ms
Epoch: 1671 | Loss: 5.0414E-08 | Grad Norm: 1.3839E-04 | Time: 29ms
Epoch: 1676 | Loss: 1.1534E-07 | Grad Norm: 2.6600E-04 | Time: 31ms
Epoch: 1681 | Loss: 1.8208E-07 | Grad Norm: 3.4159E-04 | Time: 28ms
Epoch: 1686 | Loss: 5.2976E-08 | Grad Norm: 1.4527E-04 | Time: 29ms
Epoch: 1691 | Loss: 6.7093E-08 | Grad Norm: 1.8128E-04 | Time: 30ms
Epoch: 1696 | Loss: 3.2468E-08 | Grad Norm: 9.1593E-05 | Time: 29ms
> Save model at epoch 1700 with loss 2.4040E-08
Epoch: 1701 | Loss: 4.8642E-08 | Grad Norm: 1.4626E-04 | Time: 29ms
Epoch: 1706 | Loss: 7.5030E-08 | Grad Norm: 1.6489E-04 | Time: 55ms
Epoch: 1711 | Loss: 3.9241E-08 | Grad Norm: 1.1569E-04 | Time: 29ms
Epoch: 1716 | Loss: 8.3523E-08 | Grad Norm: 2.0198E-04 | Time: 28ms
> Save model at epoch 1719 with loss 2.3853E-08
Epoch: 1721 | Loss: 3.1508E-08 | Grad Norm: 7.9359E-05 | Time: 29ms
Epoch: 1726 | Loss: 1.4390E-07 | Grad Norm: 2.8139E-04 | Time: 29ms
Epoch: 1731 | Loss: 6.7302E-08 | Grad Norm: 1.8963E-04 | Time: 29ms
Epoch: 1736 | Loss: 3.2139E-08 | Grad Norm: 9.5726E-05 | Time: 29ms
Epoch: 1741 | Loss: 2.8888E-08 | Grad Norm: 8.7657E-05 | Time: 29ms
Epoch: 1746 | Loss: 2.8969E-08 | Grad Norm: 7.8525E-05 | Time: 29ms
> Save model at epoch 1747 with loss 1.9235E-08
Epoch: 1751 | Loss: 5.9379E-08 | Grad Norm: 1.7260E-04 | Time: 29ms
Epoch: 1756 | Loss: 1.9242E-08 | Grad Norm: 4.8337E-05 | Time: 29ms
> Save model at epoch 1758 with loss 1.6665E-08
Epoch: 1761 | Loss: 2.9520E-08 | Grad Norm: 1.0983E-04 | Time: 29ms
Epoch: 1766 | Loss: 4.4413E-08 | Grad Norm: 1.6268E-04 | Time: 29ms
Epoch: 1771 | Loss: 3.3597E-08 | Grad Norm: 1.3121E-04 | Time: 30ms
Epoch: 1776 | Loss: 1.8079E-08 | Grad Norm: 5.3542E-05 | Time: 31ms
Epoch: 1781 | Loss: 8.1850E-08 | Grad Norm: 2.2441E-04 | Time: 30ms
> Save model at epoch 1785 with loss 1.3895E-08
Epoch: 1786 | Loss: 1.5074E-08 | Grad Norm: 4.9776E-05 | Time: 59ms
Epoch: 1791 | Loss: 1.6372E-08 | Grad Norm: 6.8624E-05 | Time: 29ms
Epoch: 1796 | Loss: 3.9451E-08 | Grad Norm: 1.5257E-04 | Time: 28ms
> Save model at epoch 1799 with loss 1.3625E-08
> Save model at epoch 1800 with loss 1.3406E-08
Epoch: 1801 | Loss: 1.4164E-08 | Grad Norm: 5.1901E-05 | Time: 29ms
> Save model at epoch 1805 with loss 1.3067E-08
Epoch: 1806 | Loss: 1.9669E-08 | Grad Norm: 8.9171E-05 | Time: 29ms
> Save model at epoch 1808 with loss 1.2798E-08
Epoch: 1811 | Loss: 3.9751E-08 | Grad Norm: 1.6448E-04 | Time: 29ms
Epoch: 1816 | Loss: 2.5628E-08 | Grad Norm: 1.2092E-04 | Time: 29ms
> Save model at epoch 1818 with loss 1.2378E-08
Epoch: 1821 | Loss: 1.2102E-08 | Grad Norm: 3.8995E-05 | Time: 28ms
> Save model at epoch 1821 with loss 1.2102E-08
> Save model at epoch 1822 with loss 1.1156E-08
Epoch: 1826 | Loss: 1.4346E-08 | Grad Norm: 6.6071E-05 | Time: 28ms
> Save model at epoch 1828 with loss 1.0490E-08
Epoch: 1831 | Loss: 1.4853E-08 | Grad Norm: 6.7522E-05 | Time: 29ms
Epoch: 1836 | Loss: 1.2100E-08 | Grad Norm: 5.6516E-05 | Time: 29ms
> Save model at epoch 1840 with loss 1.0257E-08
Epoch: 1841 | Loss: 1.7902E-08 | Grad Norm: 9.5586E-05 | Time: 29ms
Epoch: 1846 | Loss: 1.1018E-08 | Grad Norm: 4.9218E-05 | Time: 29ms
> Save model at epoch 1850 with loss 1.0198E-08
Epoch: 1851 | Loss: 1.2863E-08 | Grad Norm: 6.7822E-05 | Time: 29ms
> Save model at epoch 1852 with loss 9.7596E-09
Epoch: 1856 | Loss: 1.1097E-08 | Grad Norm: 4.7895E-05 | Time: 28ms
Epoch: 1861 | Loss: 1.6315E-08 | Grad Norm: 9.2416E-05 | Time: 28ms
> Save model at epoch 1863 with loss 9.6650E-09
> Save model at epoch 1864 with loss 9.1919E-09
Epoch: 1866 | Loss: 9.0608E-09 | Grad Norm: 3.4913E-05 | Time: 55ms
> Save model at epoch 1866 with loss 9.0608E-09
Epoch: 1871 | Loss: 9.1971E-09 | Grad Norm: 3.5632E-05 | Time: 28ms
Epoch: 1876 | Loss: 9.3531E-09 | Grad Norm: 4.2814E-05 | Time: 29ms
> Save model at epoch 1877 with loss 8.3747E-09
Epoch: 1881 | Loss: 1.2740E-08 | Grad Norm: 7.2004E-05 | Time: 29ms
> Save model at epoch 1885 with loss 8.1212E-09
Epoch: 1886 | Loss: 8.8635E-09 | Grad Norm: 3.7350E-05 | Time: 28ms
Epoch: 1891 | Loss: 7.8584E-09 | Grad Norm: 2.3864E-05 | Time: 28ms
> Save model at epoch 1891 with loss 7.8584E-09
Epoch: 1896 | Loss: 9.0528E-09 | Grad Norm: 4.0496E-05 | Time: 28ms
> Save model at epoch 1900 with loss 7.5415E-09
Epoch: 1901 | Loss: 7.8556E-09 | Grad Norm: 2.8544E-05 | Time: 28ms
Epoch: 1906 | Loss: 8.6125E-09 | Grad Norm: 4.0290E-05 | Time: 29ms
> Save model at epoch 1907 with loss 7.5062E-09
> Save model at epoch 1908 with loss 7.2699E-09
Epoch: 1911 | Loss: 7.4165E-09 | Grad Norm: 2.2574E-05 | Time: 28ms
> Save model at epoch 1914 with loss 7.2489E-09
Epoch: 1916 | Loss: 7.4670E-09 | Grad Norm: 2.1385E-05 | Time: 30ms
Epoch: 1921 | Loss: 7.7027E-09 | Grad Norm: 2.9493E-05 | Time: 29ms
Epoch: 1926 | Loss: 7.6912E-09 | Grad Norm: 2.9266E-05 | Time: 31ms
Epoch: 1931 | Loss: 7.2778E-09 | Grad Norm: 2.3777E-05 | Time: 31ms
> Save model at epoch 1932 with loss 6.8904E-09
Epoch: 1936 | Loss: 7.1383E-09 | Grad Norm: 2.0634E-05 | Time: 29ms
Epoch: 1941 | Loss: 6.9756E-09 | Grad Norm: 1.9578E-05 | Time: 29ms
Epoch: 1946 | Loss: 6.9913E-09 | Grad Norm: 1.9547E-05 | Time: 55ms
> Save model at epoch 1947 with loss 6.8040E-09
Epoch: 1951 | Loss: 7.1305E-09 | Grad Norm: 2.3854E-05 | Time: 28ms
Epoch: 1956 | Loss: 6.7083E-09 | Grad Norm: 1.4621E-05 | Time: 28ms
> Save model at epoch 1956 with loss 6.7083E-09
> Save model at epoch 1957 with loss 6.6157E-09
Epoch: 1961 | Loss: 7.0258E-09 | Grad Norm: 2.3462E-05 | Time: 28ms
Epoch: 1966 | Loss: 6.6372E-09 | Grad Norm: 1.3215E-05 | Time: 28ms
> Save model at epoch 1970 with loss 6.5738E-09
Epoch: 1971 | Loss: 6.6345E-09 | Grad Norm: 1.2637E-05 | Time: 28ms
> Save model at epoch 1974 with loss 6.5449E-09
Epoch: 1976 | Loss: 6.7217E-09 | Grad Norm: 1.6602E-05 | Time: 29ms
Epoch: 1981 | Loss: 6.5472E-09 | Grad Norm: 1.2948E-05 | Time: 29ms
> Save model at epoch 1983 with loss 6.5393E-09
> Save model at epoch 1985 with loss 6.5225E-09
Epoch: 1986 | Loss: 6.5454E-09 | Grad Norm: 1.2170E-05 | Time: 29ms
> Save model at epoch 1988 with loss 6.4934E-09
Epoch: 1991 | Loss: 6.5384E-09 | Grad Norm: 1.1570E-05 | Time: 28ms
> Save model at epoch 1992 with loss 6.4537E-09
Epoch: 1996 | Loss: 6.5613E-09 | Grad Norm: 9.8903E-06 | Time: 29ms
Total time: 1m3s
==> Creating training data ...
==> Start training ...
Epoch: 001 | Train Loss: 0.0000E+00 | Lya GN: 0.0000E+00 | Ctrl GN: 0.0000E+00 | Time: 100ms
Epoch: 001 | Test Loss: 0.0000E+00 | Time: 20ms
> Save at epoch 001 | Test loss 0.0000E+00
Epoch: 002 | Test Loss: 0.0000E+00 | Time: 20ms
> Save at epoch 002 | Test loss 0.0000E+00
Epoch: 003 | Test Loss: 0.0000E+00 | Time: 20ms
> Save at epoch 003 | Test loss 0.0000E+00
Epoch: 004 | Test Loss: 0.0000E+00 | Time: 20ms
> Save at epoch 004 | Test loss 0.0000E+00
Epoch: 005 | Test Loss: 0.0000E+00 | Time: 20ms
> Save at epoch 005 | Test loss 0.0000E+00
Epoch: 006 | Train Loss: 0.0000E+00 | Lya GN: 0.0000E+00 | Ctrl GN: 0.0000E+00 | Time: 78ms
Epoch: 006 | Test Loss: 0.0000E+00 | Time: 20ms
> Save at epoch 006 | Test loss 0.0000E+00
Epoch: 007 | Test Loss: 0.0000E+00 | Time: 20ms
> Save at epoch 007 | Test loss 0.0000E+00
Epoch: 008 | Test Loss: 0.0000E+00 | Time: 20ms
> Save at epoch 008 | Test loss 0.0000E+00
Epoch: 009 | Test Loss: 0.0000E+00 | Time: 20ms
> Save at epoch 009 | Test loss 0.0000E+00
Epoch: 010 | Test Loss: 0.0000E+00 | Time: 20ms
> Save at epoch 010 | Test loss 0.0000E+00
Epoch: 011 | Train Loss: 0.0000E+00 | Lya GN: 0.0000E+00 | Ctrl GN: 0.0000E+00 | Time: 46ms
Epoch: 011 | Test Loss: 0.0000E+00 | Time: 20ms
> Save at epoch 011 | Test loss 0.0000E+00
Epoch: 012 | Test Loss: 0.0000E+00 | Time: 20ms
> Save at epoch 012 | Test loss 0.0000E+00
Epoch: 013 | Test Loss: 0.0000E+00 | Time: 20ms
> Save at epoch 013 | Test loss 0.0000E+00
Epoch: 014 | Test Loss: 0.0000E+00 | Time: 20ms
> Save at epoch 014 | Test loss 0.0000E+00
Epoch: 015 | Test Loss: 0.0000E+00 | Time: 20ms
> Save at epoch 015 | Test loss 0.0000E+00
Epoch: 016 | Train Loss: 0.0000E+00 | Lya GN: 0.0000E+00 | Ctrl GN: 0.0000E+00 | Time: 42ms
Epoch: 016 | Test Loss: 0.0000E+00 | Time: 20ms
> Save at epoch 016 | Test loss 0.0000E+00
Epoch: 017 | Test Loss: 0.0000E+00 | Time: 20ms
> Save at epoch 017 | Test loss 0.0000E+00
Epoch: 018 | Test Loss: 0.0000E+00 | Time: 20ms
> Save at epoch 018 | Test loss 0.0000E+00
Epoch: 019 | Test Loss: 0.0000E+00 | Time: 20ms
> Save at epoch 019 | Test loss 0.0000E+00
Epoch: 020 | Test Loss: 0.0000E+00 | Time: 20ms
> Save at epoch 020 | Test loss 0.0000E+00
Epoch: 021 | Train Loss: 0.0000E+00 | Lya GN: 0.0000E+00 | Ctrl GN: 0.0000E+00 | Time: 43ms
Epoch: 021 | Test Loss: 0.0000E+00 | Time: 20ms
> Save at epoch 021 | Test loss 0.0000E+00
Epoch: 022 | Test Loss: 0.0000E+00 | Time: 50ms
> Save at epoch 022 | Test loss 0.0000E+00
Epoch: 023 | Test Loss: 0.0000E+00 | Time: 20ms
> Save at epoch 023 | Test loss 0.0000E+00
Epoch: 024 | Test Loss: 0.0000E+00 | Time: 20ms
> Save at epoch 024 | Test loss 0.0000E+00
Epoch: 025 | Test Loss: 0.0000E+00 | Time: 20ms
> Save at epoch 025 | Test loss 0.0000E+00
Epoch: 026 | Train Loss: 0.0000E+00 | Lya GN: 0.0000E+00 | Ctrl GN: 0.0000E+00 | Time: 42ms
Epoch: 026 | Test Loss: 0.0000E+00 | Time: 20ms
> Save at epoch 026 | Test loss 0.0000E+00
Epoch: 027 | Test Loss: 0.0000E+00 | Time: 20ms
> Save at epoch 027 | Test loss 0.0000E+00
Epoch: 028 | Test Loss: 0.0000E+00 | Time: 20ms
> Save at epoch 028 | Test loss 0.0000E+00
Epoch: 029 | Test Loss: 0.0000E+00 | Time: 20ms
> Save at epoch 029 | Test loss 0.0000E+00
Epoch: 030 | Test Loss: 0.0000E+00 | Time: 20ms
> Save at epoch 030 | Test loss 0.0000E+00
Epoch: 031 | Train Loss: 0.0000E+00 | Lya GN: 0.0000E+00 | Ctrl GN: 0.0000E+00 | Time: 72ms
Epoch: 031 | Test Loss: 0.0000E+00 | Time: 20ms
> Save at epoch 031 | Test loss 0.0000E+00
Epoch: 032 | Test Loss: 0.0000E+00 | Time: 20ms
> Save at epoch 032 | Test loss 0.0000E+00
Epoch: 033 | Test Loss: 0.0000E+00 | Time: 20ms
> Save at epoch 033 | Test loss 0.0000E+00
Epoch: 034 | Test Loss: 0.0000E+00 | Time: 20ms
> Save at epoch 034 | Test loss 0.0000E+00
Epoch: 035 | Test Loss: 0.0000E+00 | Time: 20ms
> Save at epoch 035 | Test loss 0.0000E+00
Epoch: 036 | Train Loss: 0.0000E+00 | Lya GN: 0.0000E+00 | Ctrl GN: 0.0000E+00 | Time: 42ms
Epoch: 036 | Test Loss: 0.0000E+00 | Time: 20ms
> Save at epoch 036 | Test loss 0.0000E+00
Epoch: 037 | Test Loss: 0.0000E+00 | Time: 20ms
> Save at epoch 037 | Test loss 0.0000E+00
Epoch: 038 | Test Loss: 0.0000E+00 | Time: 48ms
> Save at epoch 038 | Test loss 0.0000E+00
Epoch: 039 | Test Loss: 0.0000E+00 | Time: 20ms
> Save at epoch 039 | Test loss 0.0000E+00
Epoch: 040 | Test Loss: 0.0000E+00 | Time: 20ms
> Save at epoch 040 | Test loss 0.0000E+00
Epoch: 041 | Train Loss: 0.0000E+00 | Lya GN: 0.0000E+00 | Ctrl GN: 0.0000E+00 | Time: 43ms
Epoch: 041 | Test Loss: 0.0000E+00 | Time: 20ms
> Save at epoch 041 | Test loss 0.0000E+00
Epoch: 042 | Test Loss: 0.0000E+00 | Time: 20ms
> Save at epoch 042 | Test loss 0.0000E+00
Epoch: 043 | Test Loss: 0.0000E+00 | Time: 20ms
> Save at epoch 043 | Test loss 0.0000E+00
Epoch: 044 | Test Loss: 0.0000E+00 | Time: 20ms
> Save at epoch 044 | Test loss 0.0000E+00
Epoch: 045 | Test Loss: 0.0000E+00 | Time: 20ms
> Save at epoch 045 | Test loss 0.0000E+00
Epoch: 046 | Train Loss: 0.0000E+00 | Lya GN: 0.0000E+00 | Ctrl GN: 0.0000E+00 | Time: 43ms
Epoch: 046 | Test Loss: 0.0000E+00 | Time: 20ms
> Save at epoch 046 | Test loss 0.0000E+00
Epoch: 047 | Test Loss: 0.0000E+00 | Time: 20ms
> Save at epoch 047 | Test loss 0.0000E+00
Epoch: 048 | Test Loss: 0.0000E+00 | Time: 20ms
> Save at epoch 048 | Test loss 0.0000E+00
Epoch: 049 | Test Loss: 0.0000E+00 | Time: 20ms
> Save at epoch 049 | Test loss 0.0000E+00
Epoch: 050 | Test Loss: 0.0000E+00 | Time: 20ms
> Save at epoch 050 | Test loss 0.0000E+00
Epoch: 051 | Train Loss: 0.0000E+00 | Lya GN: 0.0000E+00 | Ctrl GN: 0.0000E+00 | Time: 43ms
Epoch: 051 | Test Loss: 0.0000E+00 | Time: 20ms
> Save at epoch 051 | Test loss 0.0000E+00
Epoch: 052 | Test Loss: 0.0000E+00 | Time: 20ms
> Save at epoch 052 | Test loss 0.0000E+00
Epoch: 053 | Test Loss: 0.0000E+00 | Time: 20ms
> Save at epoch 053 | Test loss 0.0000E+00
Epoch: 054 | Test Loss: 0.0000E+00 | Time: 20ms
> Save at epoch 054 | Test loss 0.0000E+00
Epoch: 055 | Test Loss: 0.0000E+00 | Time: 48ms
> Save at epoch 055 | Test loss 0.0000E+00
Epoch: 056 | Train Loss: 0.0000E+00 | Lya GN: 0.0000E+00 | Ctrl GN: 0.0000E+00 | Time: 43ms
Epoch: 056 | Test Loss: 0.0000E+00 | Time: 20ms
> Save at epoch 056 | Test loss 0.0000E+00
Epoch: 057 | Test Loss: 0.0000E+00 | Time: 20ms
> Save at epoch 057 | Test loss 0.0000E+00
Epoch: 058 | Test Loss: 0.0000E+00 | Time: 20ms
> Save at epoch 058 | Test loss 0.0000E+00
Epoch: 059 | Test Loss: 0.0000E+00 | Time: 20ms
> Save at epoch 059 | Test loss 0.0000E+00
Epoch: 060 | Test Loss: 0.0000E+00 | Time: 20ms
> Save at epoch 060 | Test loss 0.0000E+00
Epoch: 061 | Train Loss: 0.0000E+00 | Lya GN: 0.0000E+00 | Ctrl GN: 0.0000E+00 | Time: 43ms
Epoch: 061 | Test Loss: 0.0000E+00 | Time: 20ms
> Save at epoch 061 | Test loss 0.0000E+00
Epoch: 062 | Test Loss: 0.0000E+00 | Time: 20ms
> Save at epoch 062 | Test loss 0.0000E+00
Epoch: 063 | Test Loss: 0.0000E+00 | Time: 20ms
> Save at epoch 063 | Test loss 0.0000E+00
Epoch: 064 | Test Loss: 0.0000E+00 | Time: 20ms
> Save at epoch 064 | Test loss 0.0000E+00
Epoch: 065 | Test Loss: 0.0000E+00 | Time: 20ms
> Save at epoch 065 | Test loss 0.0000E+00
Epoch: 066 | Train Loss: 0.0000E+00 | Lya GN: 0.0000E+00 | Ctrl GN: 0.0000E+00 | Time: 43ms
Epoch: 066 | Test Loss: 0.0000E+00 | Time: 20ms
> Save at epoch 066 | Test loss 0.0000E+00
Epoch: 067 | Test Loss: 0.0000E+00 | Time: 20ms
> Save at epoch 067 | Test loss 0.0000E+00
Epoch: 068 | Test Loss: 0.0000E+00 | Time: 20ms
> Save at epoch 068 | Test loss 0.0000E+00
Epoch: 069 | Test Loss: 0.0000E+00 | Time: 20ms
> Save at epoch 069 | Test loss 0.0000E+00
Epoch: 070 | Test Loss: 0.0000E+00 | Time: 20ms
> Save at epoch 070 | Test loss 0.0000E+00
Epoch: 071 | Train Loss: 0.0000E+00 | Lya GN: 0.0000E+00 | Ctrl GN: 0.0000E+00 | Time: 43ms
Epoch: 071 | Test Loss: 0.0000E+00 | Time: 48ms
> Save at epoch 071 | Test loss 0.0000E+00
Epoch: 072 | Test Loss: 0.0000E+00 | Time: 20ms
> Save at epoch 072 | Test loss 0.0000E+00
Epoch: 073 | Test Loss: 0.0000E+00 | Time: 20ms
> Save at epoch 073 | Test loss 0.0000E+00
Epoch: 074 | Test Loss: 0.0000E+00 | Time: 20ms
> Save at epoch 074 | Test loss 0.0000E+00
Epoch: 075 | Test Loss: 0.0000E+00 | Time: 20ms
> Save at epoch 075 | Test loss 0.0000E+00
Epoch: 076 | Train Loss: 0.0000E+00 | Lya GN: 0.0000E+00 | Ctrl GN: 0.0000E+00 | Time: 46ms
Epoch: 076 | Test Loss: 0.0000E+00 | Time: 20ms
> Save at epoch 076 | Test loss 0.0000E+00
Epoch: 077 | Test Loss: 0.0000E+00 | Time: 20ms
> Save at epoch 077 | Test loss 0.0000E+00
Epoch: 078 | Test Loss: 0.0000E+00 | Time: 20ms
> Save at epoch 078 | Test loss 0.0000E+00
Epoch: 079 | Test Loss: 0.0000E+00 | Time: 20ms
> Save at epoch 079 | Test loss 0.0000E+00
Epoch: 080 | Test Loss: 0.0000E+00 | Time: 20ms
> Save at epoch 080 | Test loss 0.0000E+00
Epoch: 081 | Train Loss: 0.0000E+00 | Lya GN: 0.0000E+00 | Ctrl GN: 0.0000E+00 | Time: 46ms
Epoch: 081 | Test Loss: 0.0000E+00 | Time: 20ms
> Save at epoch 081 | Test loss 0.0000E+00
Epoch: 082 | Test Loss: 0.0000E+00 | Time: 20ms
> Save at epoch 082 | Test loss 0.0000E+00
Epoch: 083 | Test Loss: 0.0000E+00 | Time: 20ms
> Save at epoch 083 | Test loss 0.0000E+00
Epoch: 084 | Test Loss: 0.0000E+00 | Time: 20ms
> Save at epoch 084 | Test loss 0.0000E+00
Epoch: 085 | Test Loss: 0.0000E+00 | Time: 20ms
> Save at epoch 085 | Test loss 0.0000E+00
Epoch: 086 | Train Loss: 0.0000E+00 | Lya GN: 0.0000E+00 | Ctrl GN: 0.0000E+00 | Time: 46ms
Epoch: 086 | Test Loss: 0.0000E+00 | Time: 20ms
> Save at epoch 086 | Test loss 0.0000E+00
Epoch: 087 | Test Loss: 0.0000E+00 | Time: 47ms
> Save at epoch 087 | Test loss 0.0000E+00
Epoch: 088 | Test Loss: 0.0000E+00 | Time: 20ms
> Save at epoch 088 | Test loss 0.0000E+00
Epoch: 089 | Test Loss: 0.0000E+00 | Time: 20ms
> Save at epoch 089 | Test loss 0.0000E+00
Epoch: 090 | Test Loss: 0.0000E+00 | Time: 20ms
> Save at epoch 090 | Test loss 0.0000E+00
Epoch: 091 | Train Loss: 0.0000E+00 | Lya GN: 0.0000E+00 | Ctrl GN: 0.0000E+00 | Time: 43ms
Epoch: 091 | Test Loss: 0.0000E+00 | Time: 20ms
> Save at epoch 091 | Test loss 0.0000E+00
Epoch: 092 | Test Loss: 0.0000E+00 | Time: 20ms
> Save at epoch 092 | Test loss 0.0000E+00
Epoch: 093 | Test Loss: 0.0000E+00 | Time: 22ms
> Save at epoch 093 | Test loss 0.0000E+00
Epoch: 094 | Test Loss: 0.0000E+00 | Time: 20ms
> Save at epoch 094 | Test loss 0.0000E+00
Epoch: 095 | Test Loss: 0.0000E+00 | Time: 21ms
> Save at epoch 095 | Test loss 0.0000E+00
Epoch: 096 | Train Loss: 0.0000E+00 | Lya GN: 0.0000E+00 | Ctrl GN: 0.0000E+00 | Time: 74ms
Epoch: 096 | Test Loss: 0.0000E+00 | Time: 20ms
> Save at epoch 096 | Test loss 0.0000E+00
Epoch: 097 | Test Loss: 0.0000E+00 | Time: 21ms
> Save at epoch 097 | Test loss 0.0000E+00
Epoch: 098 | Test Loss: 0.0000E+00 | Time: 21ms
> Save at epoch 098 | Test loss 0.0000E+00
Epoch: 099 | Test Loss: 0.0000E+00 | Time: 21ms
> Save at epoch 099 | Test loss 0.0000E+00
Epoch: 100 | Test Loss: 0.0000E+00 | Time: 21ms
> Save at epoch 100 | Test loss 0.0000E+00
Total time: 6s986ms
==> Visualizing training and test losses ...
==> Saving the training results ...
==> Computing the Lyapunov function and stability condition ...
==> Checking the forward invariant set ...
==> Checking the Lyapunov function and stability condition ...
> Success:  True
==> Saving the forward invariant set ...
> Forward invariant set Lyapunov value:  0.0019126687
> Forward invariant set percentage:  0.049240625
==> Visualizing the Lyapunov function and stability condition ...
==> Done!
