[2025-04-19 03:24:54] === STARTING python: exp_num=1, precision=1.0E-03 ===
[2025-04-19 03:24:54] Launched python with PID 296671
==> Creating result directory ...
==> Loading test settings ...
==> torch device:  cpu
==> Seeding everything ...
==> Building dynamical system ...
==> Building Lyapunov neural network ...
==> Building controller neural network ...
==> dReal variables:  [Variable('x1') Variable('x2') Variable('x3') Variable('x4')]
==> dReal for lyapunov function
> Start constructing the dReal expression for lyapunov function ...
> Start time: 2025-04-19 03:24:55.477279
> Stop time: 2025-04-19 03:24:55.546207
> Time used: 68ms = 0.06892848014831543 s
> Checking consistency for lyapunov function ...
==> dReal for controller
> Start constructing the dReal expression for controller ...
> Start time: 2025-04-19 03:24:55.717370
> Stop time: 2025-04-19 03:24:55.718424
> Time used: 1ms = 0.0010535717010498047 s
> Checking consistency for controller ...
==> dReal for stability condition
> Checking consistency for stability condition ...
==> Verifying with dReal ...
> dReal precision: 1.0E-03
> dReal number of jobs: 1
> Start checking
> Start time: 2025-04-19 03:25:05.239221
[2025-04-19 17:34:05] Python process 296671 was killed by signal 15.
