==> Creating result directory ...
==> Loading test settings ...
==> Deciding torch device ...
==> torch device:  cuda
==> Seeding everything ...
==> Building dynamical system ...
==> Building Lyapunov neural network ...
==> Building controller neural network ...
##########################################
==> Repeat 1 times ...
==> Start sampling ...
> Delta: 1.00E-03
> Epsilon: 1.00E-03
> Required samples: 3800451
> Buffer size: 32768
> Buffer id: 005/116 | Total points: 1.64E+05/3.80E+06 | Good %: 0.68 | Buffer time: 82ms
> Buffer id: 010/116 | Total points: 3.28E+05/3.80E+06 | Good %: 0.68 | Buffer time: 92ms
> Buffer id: 015/116 | Total points: 4.92E+05/3.80E+06 | Good %: 0.68 | Buffer time: 73ms
> Buffer id: 020/116 | Total points: 6.55E+05/3.80E+06 | Good %: 0.68 | Buffer time: 85ms
> Buffer id: 025/116 | Total points: 8.19E+05/3.80E+06 | Good %: 0.68 | Buffer time: 72ms
> Buffer id: 030/116 | Total points: 9.83E+05/3.80E+06 | Good %: 0.68 | Buffer time: 72ms
> Buffer id: 035/116 | Total points: 1.15E+06/3.80E+06 | Good %: 0.68 | Buffer time: 72ms
> Buffer id: 040/116 | Total points: 1.31E+06/3.80E+06 | Good %: 0.68 | Buffer time: 72ms
> Buffer id: 045/116 | Total points: 1.47E+06/3.80E+06 | Good %: 0.68 | Buffer time: 84ms
> Buffer id: 050/116 | Total points: 1.64E+06/3.80E+06 | Good %: 0.68 | Buffer time: 72ms
> Buffer id: 055/116 | Total points: 1.80E+06/3.80E+06 | Good %: 0.68 | Buffer time: 83ms
> Buffer id: 060/116 | Total points: 1.97E+06/3.80E+06 | Good %: 0.68 | Buffer time: 72ms
> Buffer id: 065/116 | Total points: 2.13E+06/3.80E+06 | Good %: 0.68 | Buffer time: 72ms
> Buffer id: 070/116 | Total points: 2.29E+06/3.80E+06 | Good %: 0.68 | Buffer time: 73ms
> Buffer id: 075/116 | Total points: 2.46E+06/3.80E+06 | Good %: 0.68 | Buffer time: 73ms
> Buffer id: 080/116 | Total points: 2.62E+06/3.80E+06 | Good %: 0.68 | Buffer time: 83ms
> Buffer id: 085/116 | Total points: 2.79E+06/3.80E+06 | Good %: 0.68 | Buffer time: 76ms
> Buffer id: 090/116 | Total points: 2.95E+06/3.80E+06 | Good %: 0.68 | Buffer time: 87ms
> Buffer id: 095/116 | Total points: 3.11E+06/3.80E+06 | Good %: 0.68 | Buffer time: 71ms
> Buffer id: 100/116 | Total points: 3.28E+06/3.80E+06 | Good %: 0.68 | Buffer time: 76ms
> Buffer id: 105/116 | Total points: 3.44E+06/3.80E+06 | Good %: 0.68 | Buffer time: 76ms
> Buffer id: 110/116 | Total points: 3.60E+06/3.80E+06 | Good %: 0.68 | Buffer time: 76ms
> Buffer id: 115/116 | Total points: 3.77E+06/3.80E+06 | Good %: 0.68 | Buffer time: 87ms
==> Summary: 
> Required samples:  3800451
> Total points:  3801076
> Good points: 2573982. Percentage: 0.6772
> Bad points: 1227094. Percentage: 0.3228
> Time: 9s132ms. In seconds: 9.132878303527832
==> Dictionary saved!
##########################################
==> Repeat 2 times ...
==> Start sampling ...
> Delta: 1.00E-03
> Epsilon: 1.00E-03
> Required samples: 3800451
> Buffer size: 32768
> Buffer id: 005/116 | Total points: 1.64E+05/3.80E+06 | Good %: 0.68 | Buffer time: 86ms
> Buffer id: 010/116 | Total points: 3.28E+05/3.80E+06 | Good %: 0.68 | Buffer time: 76ms
> Buffer id: 015/116 | Total points: 4.92E+05/3.80E+06 | Good %: 0.68 | Buffer time: 87ms
> Buffer id: 020/116 | Total points: 6.55E+05/3.80E+06 | Good %: 0.68 | Buffer time: 76ms
> Buffer id: 025/116 | Total points: 8.19E+05/3.80E+06 | Good %: 0.68 | Buffer time: 78ms
> Buffer id: 030/116 | Total points: 9.83E+05/3.80E+06 | Good %: 0.68 | Buffer time: 77ms
> Buffer id: 035/116 | Total points: 1.15E+06/3.80E+06 | Good %: 0.68 | Buffer time: 76ms
> Buffer id: 040/116 | Total points: 1.31E+06/3.80E+06 | Good %: 0.68 | Buffer time: 87ms
> Buffer id: 045/116 | Total points: 1.47E+06/3.80E+06 | Good %: 0.68 | Buffer time: 76ms
> Buffer id: 050/116 | Total points: 1.64E+06/3.80E+06 | Good %: 0.68 | Buffer time: 89ms
> Buffer id: 055/116 | Total points: 1.80E+06/3.80E+06 | Good %: 0.68 | Buffer time: 76ms
> Buffer id: 060/116 | Total points: 1.97E+06/3.80E+06 | Good %: 0.68 | Buffer time: 76ms
> Buffer id: 065/116 | Total points: 2.13E+06/3.80E+06 | Good %: 0.68 | Buffer time: 76ms
> Buffer id: 070/116 | Total points: 2.29E+06/3.80E+06 | Good %: 0.68 | Buffer time: 76ms
> Buffer id: 075/116 | Total points: 2.46E+06/3.80E+06 | Good %: 0.68 | Buffer time: 89ms
> Buffer id: 080/116 | Total points: 2.62E+06/3.80E+06 | Good %: 0.68 | Buffer time: 72ms
> Buffer id: 085/116 | Total points: 2.79E+06/3.80E+06 | Good %: 0.68 | Buffer time: 84ms
> Buffer id: 090/116 | Total points: 2.95E+06/3.80E+06 | Good %: 0.68 | Buffer time: 83ms
> Buffer id: 095/116 | Total points: 3.11E+06/3.80E+06 | Good %: 0.68 | Buffer time: 75ms
> Buffer id: 100/116 | Total points: 3.28E+06/3.80E+06 | Good %: 0.68 | Buffer time: 72ms
> Buffer id: 105/116 | Total points: 3.44E+06/3.80E+06 | Good %: 0.68 | Buffer time: 72ms
> Buffer id: 110/116 | Total points: 3.60E+06/3.80E+06 | Good %: 0.68 | Buffer time: 85ms
> Buffer id: 115/116 | Total points: 3.77E+06/3.80E+06 | Good %: 0.68 | Buffer time: 72ms
==> Summary: 
> Required samples:  3800451
> Total points:  3801073
> Good points: 2573126. Percentage: 0.6769
> Bad points: 1227947. Percentage: 0.3231
> Time: 9s202ms. In seconds: 9.202231407165527
==> Dictionary saved!
##########################################
==> Repeat 3 times ...
==> Start sampling ...
> Delta: 1.00E-03
> Epsilon: 1.00E-03
> Required samples: 3800451
> Buffer size: 32768
> Buffer id: 005/116 | Total points: 1.64E+05/3.80E+06 | Good %: 0.68 | Buffer time: 75ms
> Buffer id: 010/116 | Total points: 3.28E+05/3.80E+06 | Good %: 0.68 | Buffer time: 72ms
> Buffer id: 015/116 | Total points: 4.92E+05/3.80E+06 | Good %: 0.68 | Buffer time: 82ms
> Buffer id: 020/116 | Total points: 6.55E+05/3.80E+06 | Good %: 0.68 | Buffer time: 73ms
> Buffer id: 025/116 | Total points: 8.19E+05/3.80E+06 | Good %: 0.68 | Buffer time: 72ms
> Buffer id: 030/116 | Total points: 9.83E+05/3.80E+06 | Good %: 0.68 | Buffer time: 72ms
> Buffer id: 035/116 | Total points: 1.15E+06/3.80E+06 | Good %: 0.68 | Buffer time: 83ms
> Buffer id: 040/116 | Total points: 1.31E+06/3.80E+06 | Good %: 0.68 | Buffer time: 72ms
> Buffer id: 045/116 | Total points: 1.47E+06/3.80E+06 | Good %: 0.68 | Buffer time: 72ms
> Buffer id: 050/116 | Total points: 1.64E+06/3.80E+06 | Good %: 0.68 | Buffer time: 83ms
> Buffer id: 055/116 | Total points: 1.80E+06/3.80E+06 | Good %: 0.68 | Buffer time: 72ms
> Buffer id: 060/116 | Total points: 1.97E+06/3.80E+06 | Good %: 0.68 | Buffer time: 84ms
> Buffer id: 065/116 | Total points: 2.13E+06/3.80E+06 | Good %: 0.68 | Buffer time: 72ms
> Buffer id: 070/116 | Total points: 2.29E+06/3.80E+06 | Good %: 0.68 | Buffer time: 82ms
> Buffer id: 075/116 | Total points: 2.46E+06/3.80E+06 | Good %: 0.68 | Buffer time: 72ms
> Buffer id: 080/116 | Total points: 2.62E+06/3.80E+06 | Good %: 0.68 | Buffer time: 72ms
> Buffer id: 085/116 | Total points: 2.79E+06/3.80E+06 | Good %: 0.68 | Buffer time: 83ms
> Buffer id: 090/116 | Total points: 2.95E+06/3.80E+06 | Good %: 0.68 | Buffer time: 73ms
> Buffer id: 095/116 | Total points: 3.11E+06/3.80E+06 | Good %: 0.68 | Buffer time: 72ms
> Buffer id: 100/116 | Total points: 3.28E+06/3.80E+06 | Good %: 0.68 | Buffer time: 72ms
> Buffer id: 105/116 | Total points: 3.44E+06/3.80E+06 | Good %: 0.68 | Buffer time: 82ms
> Buffer id: 110/116 | Total points: 3.60E+06/3.80E+06 | Good %: 0.68 | Buffer time: 72ms
> Buffer id: 115/116 | Total points: 3.77E+06/3.80E+06 | Good %: 0.68 | Buffer time: 72ms
==> Summary: 
> Required samples:  3800451
> Total points:  3801074
> Good points: 2573720. Percentage: 0.6771
> Bad points: 1227354. Percentage: 0.3229
> Time: 8s895ms. In seconds: 8.895235061645508
==> Dictionary saved!
##########################################
==> Repeat 4 times ...
==> Start sampling ...
> Delta: 1.00E-03
> Epsilon: 1.00E-03
> Required samples: 3800451
> Buffer size: 32768
> Buffer id: 005/116 | Total points: 1.64E+05/3.80E+06 | Good %: 0.68 | Buffer time: 72ms
> Buffer id: 010/116 | Total points: 3.28E+05/3.80E+06 | Good %: 0.68 | Buffer time: 85ms
> Buffer id: 015/116 | Total points: 4.92E+05/3.80E+06 | Good %: 0.68 | Buffer time: 72ms
> Buffer id: 020/116 | Total points: 6.55E+05/3.80E+06 | Good %: 0.68 | Buffer time: 72ms
> Buffer id: 025/116 | Total points: 8.19E+05/3.80E+06 | Good %: 0.68 | Buffer time: 73ms
> Buffer id: 030/116 | Total points: 9.83E+05/3.80E+06 | Good %: 0.68 | Buffer time: 72ms
> Buffer id: 035/116 | Total points: 1.15E+06/3.80E+06 | Good %: 0.68 | Buffer time: 83ms
> Buffer id: 040/116 | Total points: 1.31E+06/3.80E+06 | Good %: 0.68 | Buffer time: 72ms
> Buffer id: 045/116 | Total points: 1.47E+06/3.80E+06 | Good %: 0.68 | Buffer time: 83ms
> Buffer id: 050/116 | Total points: 1.64E+06/3.80E+06 | Good %: 0.68 | Buffer time: 72ms
> Buffer id: 055/116 | Total points: 1.80E+06/3.80E+06 | Good %: 0.68 | Buffer time: 72ms
> Buffer id: 060/116 | Total points: 1.97E+06/3.80E+06 | Good %: 0.68 | Buffer time: 72ms
> Buffer id: 065/116 | Total points: 2.13E+06/3.80E+06 | Good %: 0.68 | Buffer time: 72ms
> Buffer id: 070/116 | Total points: 2.29E+06/3.80E+06 | Good %: 0.68 | Buffer time: 82ms
> Buffer id: 075/116 | Total points: 2.46E+06/3.80E+06 | Good %: 0.68 | Buffer time: 72ms
> Buffer id: 080/116 | Total points: 2.62E+06/3.80E+06 | Good %: 0.68 | Buffer time: 85ms
> Buffer id: 085/116 | Total points: 2.79E+06/3.80E+06 | Good %: 0.68 | Buffer time: 72ms
> Buffer id: 090/116 | Total points: 2.95E+06/3.80E+06 | Good %: 0.68 | Buffer time: 72ms
> Buffer id: 095/116 | Total points: 3.11E+06/3.80E+06 | Good %: 0.68 | Buffer time: 72ms
> Buffer id: 100/116 | Total points: 3.28E+06/3.80E+06 | Good %: 0.68 | Buffer time: 72ms
> Buffer id: 105/116 | Total points: 3.44E+06/3.80E+06 | Good %: 0.68 | Buffer time: 82ms
> Buffer id: 110/116 | Total points: 3.60E+06/3.80E+06 | Good %: 0.68 | Buffer time: 72ms
> Buffer id: 115/116 | Total points: 3.77E+06/3.80E+06 | Good %: 0.68 | Buffer time: 84ms
==> Summary: 
> Required samples:  3800451
> Total points:  3801071
> Good points: 2573780. Percentage: 0.6771
> Bad points: 1227291. Percentage: 0.3229
> Time: 8s849ms. In seconds: 8.849159240722656
==> Dictionary saved!
==> Done!
