==> Creating result directory ...
==> Loading test settings ...
==> Deciding torch device ...
==> torch device:  cuda
==> Seeding everything ...
==> Building dynamical system ...
==> Building Lyapunov neural network ...
==> Building controller neural network ...
##########################################
==> Repeat 1 times ...
==> Start sampling ...
> Delta: 1.00E-03
> Epsilon: 1.00E-03
> Required samples: 3800451
> Buffer size: 32768
> Buffer id: 005/116 | Total points: 1.63E+05/3.80E+06 | Good %: 1.00 | Buffer time: 79ms
> Buffer id: 010/116 | Total points: 3.26E+05/3.80E+06 | Good %: 1.00 | Buffer time: 81ms
> Buffer id: 015/116 | Total points: 4.89E+05/3.80E+06 | Good %: 1.00 | Buffer time: 61ms
> Buffer id: 020/116 | Total points: 6.53E+05/3.80E+06 | Good %: 1.00 | Buffer time: 72ms
> Buffer id: 025/116 | Total points: 8.16E+05/3.80E+06 | Good %: 1.00 | Buffer time: 60ms
> Buffer id: 030/116 | Total points: 9.79E+05/3.80E+06 | Good %: 1.00 | Buffer time: 60ms
> Buffer id: 035/116 | Total points: 1.14E+06/3.80E+06 | Good %: 1.00 | Buffer time: 60ms
> Buffer id: 040/116 | Total points: 1.31E+06/3.80E+06 | Good %: 1.00 | Buffer time: 72ms
> Buffer id: 045/116 | Total points: 1.47E+06/3.80E+06 | Good %: 1.00 | Buffer time: 71ms
> Buffer id: 050/116 | Total points: 1.63E+06/3.80E+06 | Good %: 1.00 | Buffer time: 60ms
> Buffer id: 055/116 | Total points: 1.79E+06/3.80E+06 | Good %: 1.00 | Buffer time: 71ms
> Buffer id: 060/116 | Total points: 1.96E+06/3.80E+06 | Good %: 1.00 | Buffer time: 60ms
> Buffer id: 065/116 | Total points: 2.12E+06/3.80E+06 | Good %: 1.00 | Buffer time: 60ms
> Buffer id: 070/116 | Total points: 2.28E+06/3.80E+06 | Good %: 1.00 | Buffer time: 60ms
> Buffer id: 075/116 | Total points: 2.45E+06/3.80E+06 | Good %: 1.00 | Buffer time: 70ms
> Buffer id: 080/116 | Total points: 2.61E+06/3.80E+06 | Good %: 1.00 | Buffer time: 74ms
> Buffer id: 085/116 | Total points: 2.77E+06/3.80E+06 | Good %: 1.00 | Buffer time: 61ms
> Buffer id: 090/116 | Total points: 2.94E+06/3.80E+06 | Good %: 1.00 | Buffer time: 71ms
> Buffer id: 095/116 | Total points: 3.10E+06/3.80E+06 | Good %: 1.00 | Buffer time: 60ms
> Buffer id: 100/116 | Total points: 3.26E+06/3.80E+06 | Good %: 1.00 | Buffer time: 61ms
> Buffer id: 105/116 | Total points: 3.43E+06/3.80E+06 | Good %: 1.00 | Buffer time: 61ms
> Buffer id: 110/116 | Total points: 3.59E+06/3.80E+06 | Good %: 1.00 | Buffer time: 61ms
> Buffer id: 115/116 | Total points: 3.75E+06/3.80E+06 | Good %: 1.00 | Buffer time: 71ms
==> Summary: 
> Required samples:  3800451
> Total points:  3817652
> Good points: 3817652. Percentage: 1.0000
> Bad points: 0. Percentage: 0.0000
> Time: 7s764ms. In seconds: 7.764610052108765
==> Dictionary saved!
##########################################
==> Repeat 2 times ...
==> Start sampling ...
> Delta: 1.00E-03
> Epsilon: 1.00E-03
> Required samples: 3800451
> Buffer size: 32768
> Buffer id: 005/116 | Total points: 1.63E+05/3.80E+06 | Good %: 1.00 | Buffer time: 61ms
> Buffer id: 010/116 | Total points: 3.26E+05/3.80E+06 | Good %: 1.00 | Buffer time: 70ms
> Buffer id: 015/116 | Total points: 4.89E+05/3.80E+06 | Good %: 1.00 | Buffer time: 62ms
> Buffer id: 020/116 | Total points: 6.53E+05/3.80E+06 | Good %: 1.00 | Buffer time: 71ms
> Buffer id: 025/116 | Total points: 8.16E+05/3.80E+06 | Good %: 1.00 | Buffer time: 72ms
> Buffer id: 030/116 | Total points: 9.79E+05/3.80E+06 | Good %: 1.00 | Buffer time: 60ms
> Buffer id: 035/116 | Total points: 1.14E+06/3.80E+06 | Good %: 1.00 | Buffer time: 60ms
> Buffer id: 040/116 | Total points: 1.31E+06/3.80E+06 | Good %: 1.00 | Buffer time: 60ms
> Buffer id: 045/116 | Total points: 1.47E+06/3.80E+06 | Good %: 1.00 | Buffer time: 74ms
> Buffer id: 050/116 | Total points: 1.63E+06/3.80E+06 | Good %: 1.00 | Buffer time: 60ms
> Buffer id: 055/116 | Total points: 1.79E+06/3.80E+06 | Good %: 1.00 | Buffer time: 71ms
> Buffer id: 060/116 | Total points: 1.96E+06/3.80E+06 | Good %: 1.00 | Buffer time: 70ms
> Buffer id: 065/116 | Total points: 2.12E+06/3.80E+06 | Good %: 1.00 | Buffer time: 60ms
> Buffer id: 070/116 | Total points: 2.28E+06/3.80E+06 | Good %: 1.00 | Buffer time: 60ms
> Buffer id: 075/116 | Total points: 2.45E+06/3.80E+06 | Good %: 1.00 | Buffer time: 60ms
> Buffer id: 080/116 | Total points: 2.61E+06/3.80E+06 | Good %: 1.00 | Buffer time: 71ms
> Buffer id: 085/116 | Total points: 2.77E+06/3.80E+06 | Good %: 1.00 | Buffer time: 60ms
> Buffer id: 090/116 | Total points: 2.94E+06/3.80E+06 | Good %: 1.00 | Buffer time: 72ms
> Buffer id: 095/116 | Total points: 3.10E+06/3.80E+06 | Good %: 1.00 | Buffer time: 71ms
> Buffer id: 100/116 | Total points: 3.26E+06/3.80E+06 | Good %: 1.00 | Buffer time: 60ms
> Buffer id: 105/116 | Total points: 3.43E+06/3.80E+06 | Good %: 1.00 | Buffer time: 61ms
> Buffer id: 110/116 | Total points: 3.59E+06/3.80E+06 | Good %: 1.00 | Buffer time: 61ms
> Buffer id: 115/116 | Total points: 3.75E+06/3.80E+06 | Good %: 1.00 | Buffer time: 70ms
==> Summary: 
> Required samples:  3800451
> Total points:  3817934
> Good points: 3817934. Percentage: 1.0000
> Bad points: 0. Percentage: 0.0000
> Time: 7s580ms. In seconds: 7.580343008041382
==> Dictionary saved!
##########################################
==> Repeat 3 times ...
==> Start sampling ...
> Delta: 1.00E-03
> Epsilon: 1.00E-03
> Required samples: 3800451
> Buffer size: 32768
> Buffer id: 005/116 | Total points: 1.63E+05/3.80E+06 | Good %: 1.00 | Buffer time: 60ms
> Buffer id: 010/116 | Total points: 3.26E+05/3.80E+06 | Good %: 1.00 | Buffer time: 70ms
> Buffer id: 015/116 | Total points: 4.89E+05/3.80E+06 | Good %: 1.00 | Buffer time: 70ms
> Buffer id: 020/116 | Total points: 6.53E+05/3.80E+06 | Good %: 1.00 | Buffer time: 60ms
> Buffer id: 025/116 | Total points: 8.16E+05/3.80E+06 | Good %: 1.00 | Buffer time: 72ms
> Buffer id: 030/116 | Total points: 9.79E+05/3.80E+06 | Good %: 1.00 | Buffer time: 60ms
> Buffer id: 035/116 | Total points: 1.14E+06/3.80E+06 | Good %: 1.00 | Buffer time: 60ms
> Buffer id: 040/116 | Total points: 1.31E+06/3.80E+06 | Good %: 1.00 | Buffer time: 60ms
> Buffer id: 045/116 | Total points: 1.47E+06/3.80E+06 | Good %: 1.00 | Buffer time: 69ms
> Buffer id: 050/116 | Total points: 1.63E+06/3.80E+06 | Good %: 1.00 | Buffer time: 71ms
> Buffer id: 055/116 | Total points: 1.79E+06/3.80E+06 | Good %: 1.00 | Buffer time: 61ms
> Buffer id: 060/116 | Total points: 1.96E+06/3.80E+06 | Good %: 1.00 | Buffer time: 72ms
> Buffer id: 065/116 | Total points: 2.12E+06/3.80E+06 | Good %: 1.00 | Buffer time: 61ms
> Buffer id: 070/116 | Total points: 2.28E+06/3.80E+06 | Good %: 1.00 | Buffer time: 60ms
> Buffer id: 075/116 | Total points: 2.45E+06/3.80E+06 | Good %: 1.00 | Buffer time: 60ms
> Buffer id: 080/116 | Total points: 2.61E+06/3.80E+06 | Good %: 1.00 | Buffer time: 60ms
> Buffer id: 085/116 | Total points: 2.77E+06/3.80E+06 | Good %: 1.00 | Buffer time: 72ms
> Buffer id: 090/116 | Total points: 2.94E+06/3.80E+06 | Good %: 1.00 | Buffer time: 61ms
> Buffer id: 095/116 | Total points: 3.10E+06/3.80E+06 | Good %: 1.00 | Buffer time: 73ms
> Buffer id: 100/116 | Total points: 3.26E+06/3.80E+06 | Good %: 1.00 | Buffer time: 60ms
> Buffer id: 105/116 | Total points: 3.43E+06/3.80E+06 | Good %: 1.00 | Buffer time: 60ms
> Buffer id: 110/116 | Total points: 3.59E+06/3.80E+06 | Good %: 1.00 | Buffer time: 60ms
> Buffer id: 115/116 | Total points: 3.75E+06/3.80E+06 | Good %: 1.00 | Buffer time: 60ms
==> Summary: 
> Required samples:  3800451
> Total points:  3818107
> Good points: 3818107. Percentage: 1.0000
> Bad points: 0. Percentage: 0.0000
> Time: 7s555ms. In seconds: 7.555170059204102
==> Dictionary saved!
##########################################
==> Repeat 4 times ...
==> Start sampling ...
> Delta: 1.00E-03
> Epsilon: 1.00E-03
> Required samples: 3800451
> Buffer size: 32768
> Buffer id: 005/116 | Total points: 1.63E+05/3.80E+06 | Good %: 1.00 | Buffer time: 60ms
> Buffer id: 010/116 | Total points: 3.26E+05/3.80E+06 | Good %: 1.00 | Buffer time: 60ms
> Buffer id: 015/116 | Total points: 4.89E+05/3.80E+06 | Good %: 1.00 | Buffer time: 71ms
> Buffer id: 020/116 | Total points: 6.53E+05/3.80E+06 | Good %: 1.00 | Buffer time: 60ms
> Buffer id: 025/116 | Total points: 8.16E+05/3.80E+06 | Good %: 1.00 | Buffer time: 71ms
> Buffer id: 030/116 | Total points: 9.79E+05/3.80E+06 | Good %: 1.00 | Buffer time: 73ms
> Buffer id: 035/116 | Total points: 1.14E+06/3.80E+06 | Good %: 1.00 | Buffer time: 60ms
> Buffer id: 040/116 | Total points: 1.31E+06/3.80E+06 | Good %: 1.00 | Buffer time: 60ms
> Buffer id: 045/116 | Total points: 1.47E+06/3.80E+06 | Good %: 1.00 | Buffer time: 60ms
> Buffer id: 050/116 | Total points: 1.63E+06/3.80E+06 | Good %: 1.00 | Buffer time: 71ms
> Buffer id: 055/116 | Total points: 1.79E+06/3.80E+06 | Good %: 1.00 | Buffer time: 60ms
> Buffer id: 060/116 | Total points: 1.96E+06/3.80E+06 | Good %: 1.00 | Buffer time: 72ms
> Buffer id: 065/116 | Total points: 2.12E+06/3.80E+06 | Good %: 1.00 | Buffer time: 71ms
> Buffer id: 070/116 | Total points: 2.28E+06/3.80E+06 | Good %: 1.00 | Buffer time: 60ms
> Buffer id: 075/116 | Total points: 2.45E+06/3.80E+06 | Good %: 1.00 | Buffer time: 60ms
> Buffer id: 080/116 | Total points: 2.61E+06/3.80E+06 | Good %: 1.00 | Buffer time: 60ms
> Buffer id: 085/116 | Total points: 2.77E+06/3.80E+06 | Good %: 1.00 | Buffer time: 70ms
> Buffer id: 090/116 | Total points: 2.94E+06/3.80E+06 | Good %: 1.00 | Buffer time: 61ms
> Buffer id: 095/116 | Total points: 3.10E+06/3.80E+06 | Good %: 1.00 | Buffer time: 72ms
> Buffer id: 100/116 | Total points: 3.26E+06/3.80E+06 | Good %: 1.00 | Buffer time: 71ms
> Buffer id: 105/116 | Total points: 3.43E+06/3.80E+06 | Good %: 1.00 | Buffer time: 61ms
> Buffer id: 110/116 | Total points: 3.59E+06/3.80E+06 | Good %: 1.00 | Buffer time: 60ms
> Buffer id: 115/116 | Total points: 3.75E+06/3.80E+06 | Good %: 1.00 | Buffer time: 60ms
==> Summary: 
> Required samples:  3800451
> Total points:  3817813
> Good points: 3817813. Percentage: 1.0000
> Bad points: 0. Percentage: 0.0000
> Time: 7s566ms. In seconds: 7.566573143005371
==> Dictionary saved!
==> Done!
