==> Creating result directory ...
==> Loading test settings ...
==> torch device:  cpu
==> Seeding everything ...
==> Building dynamical system ...
==> Building Lyapunov neural network ...
==> Building controller neural network ...
==> dReal variables:  [Variable('x1') Variable('x2')]
==> dReal for lyapunov function
> Start constructing the dReal expression for lyapunov function ...
> Start time: 2025-03-27 11:54:23.424201
> Stop time: 2025-03-27 11:54:23.452366
> Time used: 28ms = 0.028165102005004883 s
> Checking consistency for lyapunov function ...
==> dReal for controller
> Start constructing the dReal expression for controller ...
> Start time: 2025-03-27 11:54:23.456727
> Stop time: 2025-03-27 11:54:23.457025
> Time used: 0ms = 0.00029730796813964844 s
> Checking consistency for controller ...
==> dReal for stability condition
> Checking consistency for stability condition ...
==> Verifying with dReal ...
> dReal precision: 1.0E-02
> dReal number of jobs: 4
> Start checking
> Start time: 2025-03-27 11:54:23.508562
> Stop time: 2025-03-27 11:55:11.372701
> Time used: 47s864ms
> Result:
None
> Success: True
> False positive: False
==> Done!
