==> Creating result directory ...
==> Loading test settings ...
==> Deciding torch device ...
==> torch device:  cuda
==> Seeding everything ...
==> Building dynamical system ...
==> Building Lyapunov neural network ...
==> Building controller neural network ...
==> Start sampling ...
> Delta: 1.00E-03
> Epsilon: 1.00E-03
> Required samples: 3800451
> Buffer size: 32768
> Buffer id: 005/116 | Total points: 1.63E+05/3.80E+06 | Good %: 1.00 | Buffer time: 81ms
> Buffer id: 010/116 | Total points: 3.25E+05/3.80E+06 | Good %: 1.00 | Buffer time: 84ms
> Buffer id: 015/116 | Total points: 4.88E+05/3.80E+06 | Good %: 1.00 | Buffer time: 64ms
> Buffer id: 020/116 | Total points: 6.50E+05/3.80E+06 | Good %: 1.00 | Buffer time: 76ms
> Buffer id: 025/116 | Total points: 8.13E+05/3.80E+06 | Good %: 1.00 | Buffer time: 63ms
> Buffer id: 030/116 | Total points: 9.76E+05/3.80E+06 | Good %: 1.00 | Buffer time: 63ms
> Buffer id: 035/116 | Total points: 1.14E+06/3.80E+06 | Good %: 1.00 | Buffer time: 67ms
> Buffer id: 040/116 | Total points: 1.30E+06/3.80E+06 | Good %: 1.00 | Buffer time: 79ms
> Buffer id: 045/116 | Total points: 1.46E+06/3.80E+06 | Good %: 1.00 | Buffer time: 74ms
> Buffer id: 050/116 | Total points: 1.63E+06/3.80E+06 | Good %: 1.00 | Buffer time: 63ms
> Buffer id: 055/116 | Total points: 1.79E+06/3.80E+06 | Good %: 1.00 | Buffer time: 75ms
> Buffer id: 060/116 | Total points: 1.95E+06/3.80E+06 | Good %: 1.00 | Buffer time: 63ms
> Buffer id: 065/116 | Total points: 2.11E+06/3.80E+06 | Good %: 1.00 | Buffer time: 63ms
> Buffer id: 070/116 | Total points: 2.28E+06/3.80E+06 | Good %: 1.00 | Buffer time: 71ms
> Buffer id: 075/116 | Total points: 2.44E+06/3.80E+06 | Good %: 1.00 | Buffer time: 74ms
> Buffer id: 080/116 | Total points: 2.60E+06/3.80E+06 | Good %: 1.00 | Buffer time: 74ms
> Buffer id: 085/116 | Total points: 2.76E+06/3.80E+06 | Good %: 1.00 | Buffer time: 63ms
> Buffer id: 090/116 | Total points: 2.93E+06/3.80E+06 | Good %: 1.00 | Buffer time: 74ms
> Buffer id: 095/116 | Total points: 3.09E+06/3.80E+06 | Good %: 1.00 | Buffer time: 63ms
> Buffer id: 100/116 | Total points: 3.25E+06/3.80E+06 | Good %: 1.00 | Buffer time: 63ms
> Buffer id: 105/116 | Total points: 3.41E+06/3.80E+06 | Good %: 1.00 | Buffer time: 63ms
> Buffer id: 110/116 | Total points: 3.58E+06/3.80E+06 | Good %: 1.00 | Buffer time: 63ms
> Buffer id: 115/116 | Total points: 3.74E+06/3.80E+06 | Good %: 1.00 | Buffer time: 74ms
==> Summary: 
> Required samples:  3800451
> Total points:  3805151
> Good points: 3805151. Percentage: 1.0000
> Bad points: 0. Percentage: 0.0000
> Time: 8s84ms. In seconds: 8.08408260345459
==> Dictionary saved!
==> Done!
