==> Creating result directory ...
==> Loading test settings ...
==> Deciding torch device ...
==> torch device:  cuda
==> Seeding everything ...
==> Building dynamical system ...
==> Building Lyapunov neural network ...
==========================================================================================
Layer (type:depth-idx)                   Output Shape              Param #
==========================================================================================
LyapunovNetwork                          [1, 1]                    --
├─Sequential: 1-1                        [1, 64]                   --
│    └─LinearLayer: 2-1                  [1, 64]                   384
│    └─LinearLayer: 2-2                  [1, 64]                   4,096
│    └─LinearLayer: 2-3                  [1, 64]                   4,096
==========================================================================================
Total params: 8,576
Trainable params: 8,576
Non-trainable params: 0
Total mult-adds (M): 0.01
==========================================================================================
Input size (MB): 0.00
Forward/backward pass size (MB): 0.00
Params size (MB): 0.03
Estimated Total Size (MB): 0.04
==========================================================================================
==> Building controller neural network ...
==========================================================================================
Layer (type:depth-idx)                   Output Shape              Param #
==========================================================================================
FullyConnectedNetwork                    [1, 2]                    --
├─Sequential: 1-1                        [1, 2]                    --
│    └─LinearLayer: 2-1                  [1, 16]                   96
│    └─LinearLayer: 2-2                  [1, 16]                   256
│    └─LinearLayer: 2-3                  [1, 2]                    32
==========================================================================================
Total params: 384
Trainable params: 384
Non-trainable params: 0
Total mult-adds (M): 0.00
==========================================================================================
Input size (MB): 0.00
Forward/backward pass size (MB): 0.00
Params size (MB): 0.00
Estimated Total Size (MB): 0.00
==========================================================================================
==> Amount of training data:  15625
==> Computing the LQR controller ...
> LQR gain:  [[ -2.23606798  -3.16227766  15.36674217  -3.46486894  -4.04036574
    3.56137208]
 [  2.23606798  -3.16227766 -15.36674217   3.46486894  -4.04036574
   -3.56137208]]
> LQR P matrix:  [[ 1.54953649e+01  8.11813631e-17 -1.59269401e+01  7.00531674e+00
  -5.18121598e-16 -1.11803399e+00]
 [ 8.11813631e-17  2.55535166e+01 -2.07118968e-15  8.01809022e-16
   6.32455532e+00 -2.42796444e-16]
 [-1.59269401e+01 -2.07118968e-15  9.24581902e+01 -2.35613410e+01
  -2.09659622e-15  7.68337108e+00]
 [ 7.00531674e+00  8.01809022e-16 -2.35613410e+01  9.23145272e+00
   5.60754473e-16 -1.73243447e+00]
 [-5.18121598e-16  6.32455532e+00 -2.09659622e-15  5.60754473e-16
   8.08073148e+00 -4.18794398e-17]
 [-1.11803399e+00 -2.42796444e-16  7.68337108e+00 -1.73243447e+00
  -4.18794398e-17  1.78068604e+00]]
==> Pretraining the controller_nn ...
Epoch: 001 | Loss: 3.0799E+01 | Grad Norm: 1.1656E+00 | Time: 91ms
> Save model at epoch 001 with loss 3.0799E+01
> Save model at epoch 003 with loss 3.0793E+01
> Save model at epoch 005 with loss 3.0779E+01
Epoch: 006 | Loss: 3.0717E+01 | Grad Norm: 1.1670E+00 | Time: 44ms
> Save model at epoch 006 with loss 3.0717E+01
> Save model at epoch 008 with loss 3.0693E+01
Epoch: 011 | Loss: 3.0685E+01 | Grad Norm: 1.2055E+00 | Time: 46ms
> Save model at epoch 011 with loss 3.0685E+01
> Save model at epoch 012 with loss 3.0656E+01
> Save model at epoch 014 with loss 3.0566E+01
Epoch: 016 | Loss: 3.0653E+01 | Grad Norm: 1.3500E+00 | Time: 49ms
> Save model at epoch 017 with loss 3.0554E+01
> Save model at epoch 019 with loss 3.0441E+01
> Save model at epoch 020 with loss 3.0425E+01
Epoch: 021 | Loss: 3.0418E+01 | Grad Norm: 1.6353E+00 | Time: 43ms
> Save model at epoch 021 with loss 3.0418E+01
> Save model at epoch 022 with loss 3.0343E+01
> Save model at epoch 023 with loss 3.0297E+01
> Save model at epoch 024 with loss 3.0194E+01
> Save model at epoch 025 with loss 3.0191E+01
Epoch: 026 | Loss: 3.0054E+01 | Grad Norm: 2.0966E+00 | Time: 48ms
> Save model at epoch 026 with loss 3.0054E+01
> Save model at epoch 027 with loss 3.0034E+01
> Save model at epoch 028 with loss 2.9896E+01
> Save model at epoch 029 with loss 2.9810E+01
> Save model at epoch 030 with loss 2.9685E+01
Epoch: 031 | Loss: 2.9636E+01 | Grad Norm: 2.7941E+00 | Time: 48ms
> Save model at epoch 031 with loss 2.9636E+01
> Save model at epoch 032 with loss 2.9438E+01
> Save model at epoch 033 with loss 2.9323E+01
> Save model at epoch 034 with loss 2.9136E+01
> Save model at epoch 035 with loss 2.8976E+01
Epoch: 036 | Loss: 2.8740E+01 | Grad Norm: 3.7159E+00 | Time: 49ms
> Save model at epoch 036 with loss 2.8740E+01
> Save model at epoch 037 with loss 2.8600E+01
> Save model at epoch 038 with loss 2.8339E+01
> Save model at epoch 039 with loss 2.8101E+01
> Save model at epoch 040 with loss 2.7793E+01
Epoch: 041 | Loss: 2.7444E+01 | Grad Norm: 4.9069E+00 | Time: 48ms
> Save model at epoch 041 with loss 2.7444E+01
> Save model at epoch 042 with loss 2.7166E+01
> Save model at epoch 043 with loss 2.6769E+01
> Save model at epoch 044 with loss 2.6489E+01
> Save model at epoch 045 with loss 2.6024E+01
Epoch: 046 | Loss: 2.5629E+01 | Grad Norm: 6.3155E+00 | Time: 48ms
> Save model at epoch 046 with loss 2.5629E+01
> Save model at epoch 047 with loss 2.5139E+01
> Save model at epoch 048 with loss 2.4629E+01
> Save model at epoch 049 with loss 2.4065E+01
> Save model at epoch 050 with loss 2.3495E+01
Epoch: 051 | Loss: 2.2940E+01 | Grad Norm: 7.6684E+00 | Time: 43ms
> Save model at epoch 051 with loss 2.2940E+01
> Save model at epoch 052 with loss 2.2247E+01
> Save model at epoch 053 with loss 2.1662E+01
> Save model at epoch 054 with loss 2.0932E+01
> Save model at epoch 055 with loss 2.0202E+01
Epoch: 056 | Loss: 1.9514E+01 | Grad Norm: 8.5097E+00 | Time: 44ms
> Save model at epoch 056 with loss 1.9514E+01
> Save model at epoch 057 with loss 1.8801E+01
> Save model at epoch 058 with loss 1.8020E+01
> Save model at epoch 059 with loss 1.7231E+01
> Save model at epoch 060 with loss 1.6467E+01
Epoch: 061 | Loss: 1.5675E+01 | Grad Norm: 8.3236E+00 | Time: 46ms
> Save model at epoch 061 with loss 1.5675E+01
> Save model at epoch 062 with loss 1.4827E+01
> Save model at epoch 063 with loss 1.4089E+01
> Save model at epoch 064 with loss 1.3310E+01
> Save model at epoch 065 with loss 1.2564E+01
Epoch: 066 | Loss: 1.1847E+01 | Grad Norm: 6.8940E+00 | Time: 43ms
> Save model at epoch 066 with loss 1.1847E+01
> Save model at epoch 067 with loss 1.1166E+01
> Save model at epoch 068 with loss 1.0486E+01
> Save model at epoch 069 with loss 9.8784E+00
> Save model at epoch 070 with loss 9.2752E+00
Epoch: 071 | Loss: 8.7072E+00 | Grad Norm: 4.6587E+00 | Time: 76ms
> Save model at epoch 071 with loss 8.7072E+00
> Save model at epoch 072 with loss 8.1925E+00
> Save model at epoch 073 with loss 7.6899E+00
> Save model at epoch 074 with loss 7.2214E+00
> Save model at epoch 075 with loss 6.7715E+00
Epoch: 076 | Loss: 6.3332E+00 | Grad Norm: 3.4116E+00 | Time: 43ms
> Save model at epoch 076 with loss 6.3332E+00
> Save model at epoch 077 with loss 5.9046E+00
> Save model at epoch 078 with loss 5.4655E+00
> Save model at epoch 079 with loss 5.0487E+00
> Save model at epoch 080 with loss 4.6395E+00
Epoch: 081 | Loss: 4.2269E+00 | Grad Norm: 3.1570E+00 | Time: 74ms
> Save model at epoch 081 with loss 4.2269E+00
> Save model at epoch 082 with loss 3.8278E+00
> Save model at epoch 083 with loss 3.4429E+00
> Save model at epoch 084 with loss 3.0601E+00
> Save model at epoch 085 with loss 2.6952E+00
Epoch: 086 | Loss: 2.3438E+00 | Grad Norm: 2.4585E+00 | Time: 43ms
> Save model at epoch 086 with loss 2.3438E+00
> Save model at epoch 087 with loss 2.0188E+00
> Save model at epoch 088 with loss 1.7088E+00
> Save model at epoch 089 with loss 1.4124E+00
> Save model at epoch 090 with loss 1.1366E+00
Epoch: 091 | Loss: 8.8407E-01 | Grad Norm: 1.5059E+00 | Time: 75ms
> Save model at epoch 091 with loss 8.8407E-01
> Save model at epoch 092 with loss 6.5691E-01
> Save model at epoch 093 with loss 4.6619E-01
> Save model at epoch 094 with loss 3.2109E-01
> Save model at epoch 095 with loss 2.3176E-01
Epoch: 096 | Loss: 1.8190E-01 | Grad Norm: 5.0579E-01 | Time: 43ms
> Save model at epoch 096 with loss 1.8190E-01
> Save model at epoch 097 with loss 1.5250E-01
> Save model at epoch 098 with loss 1.3231E-01
> Save model at epoch 099 with loss 1.1755E-01
> Save model at epoch 100 with loss 1.0577E-01
Epoch: 101 | Loss: 9.6134E-02 | Grad Norm: 2.7310E-01 | Time: 42ms
> Save model at epoch 101 with loss 9.6134E-02
> Save model at epoch 102 with loss 8.7862E-02
> Save model at epoch 103 with loss 8.1286E-02
> Save model at epoch 104 with loss 7.5073E-02
> Save model at epoch 105 with loss 6.9926E-02
Epoch: 106 | Loss: 6.5189E-02 | Grad Norm: 2.2812E-01 | Time: 46ms
> Save model at epoch 106 with loss 6.5189E-02
> Save model at epoch 107 with loss 6.1177E-02
> Save model at epoch 108 with loss 5.7436E-02
> Save model at epoch 109 with loss 5.3975E-02
> Save model at epoch 110 with loss 5.0868E-02
Epoch: 111 | Loss: 4.8249E-02 | Grad Norm: 2.0662E-01 | Time: 48ms
> Save model at epoch 111 with loss 4.8249E-02
> Save model at epoch 112 with loss 4.5539E-02
> Save model at epoch 113 with loss 4.3315E-02
> Save model at epoch 114 with loss 4.1102E-02
> Save model at epoch 115 with loss 3.9211E-02
Epoch: 116 | Loss: 3.7301E-02 | Grad Norm: 1.5957E-01 | Time: 44ms
> Save model at epoch 116 with loss 3.7301E-02
> Save model at epoch 117 with loss 3.5751E-02
> Save model at epoch 118 with loss 3.4061E-02
> Save model at epoch 119 with loss 3.2673E-02
> Save model at epoch 120 with loss 3.1195E-02
Epoch: 121 | Loss: 2.9897E-02 | Grad Norm: 1.6892E-01 | Time: 43ms
> Save model at epoch 121 with loss 2.9897E-02
> Save model at epoch 122 with loss 2.8602E-02
> Save model at epoch 123 with loss 2.7452E-02
> Save model at epoch 124 with loss 2.6422E-02
> Save model at epoch 125 with loss 2.5430E-02
Epoch: 126 | Loss: 2.4480E-02 | Grad Norm: 1.3329E-01 | Time: 43ms
> Save model at epoch 126 with loss 2.4480E-02
> Save model at epoch 127 with loss 2.3532E-02
> Save model at epoch 128 with loss 2.2591E-02
> Save model at epoch 129 with loss 2.1762E-02
> Save model at epoch 130 with loss 2.0973E-02
Epoch: 131 | Loss: 2.0131E-02 | Grad Norm: 1.2529E-01 | Time: 43ms
> Save model at epoch 131 with loss 2.0131E-02
> Save model at epoch 132 with loss 1.9563E-02
> Save model at epoch 133 with loss 1.8747E-02
> Save model at epoch 134 with loss 1.8044E-02
> Save model at epoch 135 with loss 1.7367E-02
Epoch: 136 | Loss: 1.6679E-02 | Grad Norm: 1.1525E-01 | Time: 44ms
> Save model at epoch 136 with loss 1.6679E-02
> Save model at epoch 137 with loss 1.6071E-02
> Save model at epoch 138 with loss 1.5488E-02
> Save model at epoch 139 with loss 1.4916E-02
> Save model at epoch 140 with loss 1.4394E-02
Epoch: 141 | Loss: 1.3816E-02 | Grad Norm: 9.6480E-02 | Time: 45ms
> Save model at epoch 141 with loss 1.3816E-02
> Save model at epoch 142 with loss 1.3254E-02
> Save model at epoch 143 with loss 1.2832E-02
> Save model at epoch 144 with loss 1.2279E-02
> Save model at epoch 145 with loss 1.1895E-02
Epoch: 146 | Loss: 1.1365E-02 | Grad Norm: 8.6987E-02 | Time: 45ms
> Save model at epoch 146 with loss 1.1365E-02
> Save model at epoch 147 with loss 1.0956E-02
> Save model at epoch 148 with loss 1.0550E-02
> Save model at epoch 149 with loss 1.0106E-02
> Save model at epoch 150 with loss 9.6830E-03
Epoch: 151 | Loss: 9.2848E-03 | Grad Norm: 7.9731E-02 | Time: 52ms
> Save model at epoch 151 with loss 9.2848E-03
> Save model at epoch 152 with loss 8.9120E-03
> Save model at epoch 153 with loss 8.5223E-03
> Save model at epoch 154 with loss 8.1931E-03
> Save model at epoch 155 with loss 7.8141E-03
Epoch: 156 | Loss: 7.4744E-03 | Grad Norm: 7.2217E-02 | Time: 49ms
> Save model at epoch 156 with loss 7.4744E-03
> Save model at epoch 157 with loss 7.1691E-03
> Save model at epoch 158 with loss 6.8534E-03
> Save model at epoch 159 with loss 6.5044E-03
> Save model at epoch 160 with loss 6.2436E-03
Epoch: 161 | Loss: 5.9703E-03 | Grad Norm: 6.7224E-02 | Time: 44ms
> Save model at epoch 161 with loss 5.9703E-03
> Save model at epoch 162 with loss 5.6791E-03
> Save model at epoch 163 with loss 5.3829E-03
> Save model at epoch 164 with loss 5.1160E-03
> Save model at epoch 165 with loss 4.8666E-03
Epoch: 166 | Loss: 4.6479E-03 | Grad Norm: 6.1659E-02 | Time: 46ms
> Save model at epoch 166 with loss 4.6479E-03
> Save model at epoch 167 with loss 4.3933E-03
> Save model at epoch 168 with loss 4.1589E-03
> Save model at epoch 169 with loss 3.9797E-03
> Save model at epoch 170 with loss 3.7446E-03
Epoch: 171 | Loss: 3.5495E-03 | Grad Norm: 5.5467E-02 | Time: 44ms
> Save model at epoch 171 with loss 3.5495E-03
> Save model at epoch 172 with loss 3.3438E-03
> Save model at epoch 173 with loss 3.1496E-03
> Save model at epoch 174 with loss 2.9962E-03
> Save model at epoch 175 with loss 2.8083E-03
Epoch: 176 | Loss: 2.6644E-03 | Grad Norm: 4.3618E-02 | Time: 76ms
> Save model at epoch 176 with loss 2.6644E-03
> Save model at epoch 177 with loss 2.5113E-03
> Save model at epoch 178 with loss 2.3699E-03
> Save model at epoch 179 with loss 2.2350E-03
> Save model at epoch 180 with loss 2.1106E-03
Epoch: 181 | Loss: 1.9936E-03 | Grad Norm: 3.1218E-02 | Time: 43ms
> Save model at epoch 181 with loss 1.9936E-03
> Save model at epoch 182 with loss 1.8927E-03
> Save model at epoch 183 with loss 1.7774E-03
> Save model at epoch 184 with loss 1.6701E-03
> Save model at epoch 185 with loss 1.5904E-03
Epoch: 186 | Loss: 1.5111E-03 | Grad Norm: 3.2860E-02 | Time: 72ms
> Save model at epoch 186 with loss 1.5111E-03
> Save model at epoch 187 with loss 1.4331E-03
> Save model at epoch 188 with loss 1.3437E-03
> Save model at epoch 189 with loss 1.2747E-03
> Save model at epoch 190 with loss 1.2100E-03
Epoch: 191 | Loss: 1.1507E-03 | Grad Norm: 2.9331E-02 | Time: 44ms
> Save model at epoch 191 with loss 1.1507E-03
> Save model at epoch 192 with loss 1.0981E-03
> Save model at epoch 193 with loss 1.0354E-03
> Save model at epoch 194 with loss 9.8605E-04
> Save model at epoch 195 with loss 9.4704E-04
Epoch: 196 | Loss: 9.0064E-04 | Grad Norm: 2.7718E-02 | Time: 44ms
> Save model at epoch 196 with loss 9.0064E-04
> Save model at epoch 197 with loss 8.5545E-04
> Save model at epoch 198 with loss 8.1812E-04
> Save model at epoch 199 with loss 7.8537E-04
> Save model at epoch 200 with loss 7.5339E-04
Epoch: 201 | Loss: 7.2038E-04 | Grad Norm: 2.0789E-02 | Time: 45ms
> Save model at epoch 201 with loss 7.2038E-04
> Save model at epoch 202 with loss 6.8923E-04
> Save model at epoch 203 with loss 6.5319E-04
> Save model at epoch 204 with loss 6.2623E-04
> Save model at epoch 205 with loss 6.0092E-04
Epoch: 206 | Loss: 5.6844E-04 | Grad Norm: 1.7102E-02 | Time: 43ms
> Save model at epoch 206 with loss 5.6844E-04
> Save model at epoch 207 with loss 5.4695E-04
> Save model at epoch 208 with loss 5.2220E-04
> Save model at epoch 209 with loss 5.0074E-04
> Save model at epoch 210 with loss 4.7999E-04
Epoch: 211 | Loss: 4.6230E-04 | Grad Norm: 1.6725E-02 | Time: 43ms
> Save model at epoch 211 with loss 4.6230E-04
> Save model at epoch 212 with loss 4.3632E-04
> Save model at epoch 213 with loss 4.1660E-04
> Save model at epoch 214 with loss 4.0086E-04
> Save model at epoch 215 with loss 3.8197E-04
Epoch: 216 | Loss: 3.6355E-04 | Grad Norm: 1.3306E-02 | Time: 46ms
> Save model at epoch 216 with loss 3.6355E-04
> Save model at epoch 217 with loss 3.4771E-04
> Save model at epoch 218 with loss 3.3315E-04
> Save model at epoch 219 with loss 3.1830E-04
> Save model at epoch 220 with loss 3.0500E-04
Epoch: 221 | Loss: 2.8924E-04 | Grad Norm: 1.1925E-02 | Time: 44ms
> Save model at epoch 221 with loss 2.8924E-04
> Save model at epoch 222 with loss 2.7824E-04
> Save model at epoch 223 with loss 2.6800E-04
> Save model at epoch 224 with loss 2.5357E-04
> Save model at epoch 225 with loss 2.4156E-04
Epoch: 226 | Loss: 2.3029E-04 | Grad Norm: 1.0089E-02 | Time: 45ms
> Save model at epoch 226 with loss 2.3029E-04
> Save model at epoch 227 with loss 2.2223E-04
> Save model at epoch 228 with loss 2.1104E-04
> Save model at epoch 229 with loss 2.0158E-04
> Save model at epoch 230 with loss 1.9071E-04
Epoch: 231 | Loss: 1.8263E-04 | Grad Norm: 1.0482E-02 | Time: 46ms
> Save model at epoch 231 with loss 1.8263E-04
> Save model at epoch 232 with loss 1.7371E-04
> Save model at epoch 233 with loss 1.6633E-04
> Save model at epoch 234 with loss 1.5839E-04
> Save model at epoch 235 with loss 1.5174E-04
Epoch: 236 | Loss: 1.4421E-04 | Grad Norm: 8.9168E-03 | Time: 47ms
> Save model at epoch 236 with loss 1.4421E-04
> Save model at epoch 237 with loss 1.3891E-04
> Save model at epoch 238 with loss 1.3216E-04
> Save model at epoch 239 with loss 1.2813E-04
> Save model at epoch 240 with loss 1.2252E-04
Epoch: 241 | Loss: 1.1824E-04 | Grad Norm: 9.0676E-03 | Time: 46ms
> Save model at epoch 241 with loss 1.1824E-04
> Save model at epoch 242 with loss 1.1232E-04
> Save model at epoch 243 with loss 1.0437E-04
> Save model at epoch 244 with loss 9.9104E-05
> Save model at epoch 245 with loss 9.5979E-05
Epoch: 246 | Loss: 9.0414E-05 | Grad Norm: 7.1656E-03 | Time: 46ms
> Save model at epoch 246 with loss 9.0414E-05
> Save model at epoch 247 with loss 8.6353E-05
> Save model at epoch 248 with loss 8.3349E-05
> Save model at epoch 249 with loss 7.9332E-05
> Save model at epoch 250 with loss 7.5938E-05
Epoch: 251 | Loss: 7.3343E-05 | Grad Norm: 6.2071E-03 | Time: 44ms
> Save model at epoch 251 with loss 7.3343E-05
> Save model at epoch 252 with loss 6.9607E-05
> Save model at epoch 253 with loss 6.6469E-05
> Save model at epoch 254 with loss 6.3698E-05
> Save model at epoch 255 with loss 6.0543E-05
Epoch: 256 | Loss: 5.8116E-05 | Grad Norm: 5.9602E-03 | Time: 44ms
> Save model at epoch 256 with loss 5.8116E-05
> Save model at epoch 257 with loss 5.5503E-05
> Save model at epoch 258 with loss 5.2910E-05
> Save model at epoch 259 with loss 5.0646E-05
> Save model at epoch 260 with loss 4.8734E-05
Epoch: 261 | Loss: 4.7980E-05 | Grad Norm: 5.7696E-03 | Time: 44ms
> Save model at epoch 261 with loss 4.7980E-05
> Save model at epoch 262 with loss 4.4343E-05
> Save model at epoch 263 with loss 4.3035E-05
> Save model at epoch 264 with loss 4.1334E-05
> Save model at epoch 265 with loss 3.9216E-05
Epoch: 266 | Loss: 3.7351E-05 | Grad Norm: 4.2505E-03 | Time: 44ms
> Save model at epoch 266 with loss 3.7351E-05
> Save model at epoch 267 with loss 3.5863E-05
> Save model at epoch 268 with loss 3.4658E-05
> Save model at epoch 270 with loss 3.2055E-05
Epoch: 271 | Loss: 3.1795E-05 | Grad Norm: 4.5720E-03 | Time: 44ms
> Save model at epoch 271 with loss 3.1795E-05
> Save model at epoch 272 with loss 2.9124E-05
> Save model at epoch 273 with loss 2.8701E-05
> Save model at epoch 274 with loss 2.6853E-05
> Save model at epoch 275 with loss 2.5985E-05
Epoch: 276 | Loss: 2.4651E-05 | Grad Norm: 4.4830E-03 | Time: 44ms
> Save model at epoch 276 with loss 2.4651E-05
> Save model at epoch 277 with loss 2.4345E-05
> Save model at epoch 278 with loss 2.2895E-05
> Save model at epoch 279 with loss 2.1917E-05
> Save model at epoch 280 with loss 2.0906E-05
Epoch: 281 | Loss: 2.0564E-05 | Grad Norm: 4.3263E-03 | Time: 47ms
> Save model at epoch 281 with loss 2.0564E-05
> Save model at epoch 282 with loss 1.9661E-05
> Save model at epoch 283 with loss 1.8666E-05
> Save model at epoch 284 with loss 1.7905E-05
> Save model at epoch 285 with loss 1.7263E-05
Epoch: 286 | Loss: 1.6505E-05 | Grad Norm: 3.6306E-03 | Time: 44ms
> Save model at epoch 286 with loss 1.6505E-05
> Save model at epoch 287 with loss 1.6364E-05
> Save model at epoch 288 with loss 1.5550E-05
> Save model at epoch 289 with loss 1.4720E-05
> Save model at epoch 290 with loss 1.4329E-05
Epoch: 291 | Loss: 1.3745E-05 | Grad Norm: 3.3461E-03 | Time: 46ms
> Save model at epoch 291 with loss 1.3745E-05
> Save model at epoch 292 with loss 1.3227E-05
> Save model at epoch 293 with loss 1.2737E-05
> Save model at epoch 294 with loss 1.2304E-05
> Save model at epoch 295 with loss 1.1993E-05
Epoch: 296 | Loss: 1.1477E-05 | Grad Norm: 4.6990E-03 | Time: 43ms
> Save model at epoch 296 with loss 1.1477E-05
> Save model at epoch 297 with loss 1.1148E-05
> Save model at epoch 298 with loss 1.0720E-05
> Save model at epoch 299 with loss 1.0425E-05
> Save model at epoch 300 with loss 1.0178E-05
Epoch: 301 | Loss: 9.7475E-06 | Grad Norm: 5.4291E-03 | Time: 43ms
> Save model at epoch 301 with loss 9.7475E-06
> Save model at epoch 302 with loss 9.5546E-06
> Save model at epoch 303 with loss 8.9270E-06
> Save model at epoch 304 with loss 8.5592E-06
> Save model at epoch 305 with loss 8.4163E-06
Epoch: 306 | Loss: 8.2855E-06 | Grad Norm: 5.1075E-03 | Time: 45ms
> Save model at epoch 306 with loss 8.2855E-06
> Save model at epoch 307 with loss 7.9520E-06
> Save model at epoch 309 with loss 7.8026E-06
> Save model at epoch 310 with loss 7.1088E-06
Epoch: 311 | Loss: 8.1664E-06 | Grad Norm: 1.3469E-02 | Time: 47ms
> Save model at epoch 312 with loss 6.8958E-06
> Save model at epoch 314 with loss 6.2890E-06
> Save model at epoch 315 with loss 6.2004E-06
Epoch: 316 | Loss: 1.1716E-05 | Grad Norm: 2.7793E-02 | Time: 44ms
> Save model at epoch 318 with loss 5.6014E-06
Epoch: 321 | Loss: 1.2520E-05 | Grad Norm: 2.6272E-02 | Time: 75ms
> Save model at epoch 324 with loss 4.7236E-06
> Save model at epoch 325 with loss 4.4133E-06
Epoch: 326 | Loss: 4.3733E-06 | Grad Norm: 5.0004E-03 | Time: 43ms
> Save model at epoch 326 with loss 4.3733E-06
> Save model at epoch 327 with loss 4.1407E-06
> Save model at epoch 328 with loss 4.0710E-06
> Save model at epoch 329 with loss 3.9002E-06
Epoch: 331 | Loss: 3.8349E-06 | Grad Norm: 5.9648E-03 | Time: 75ms
> Save model at epoch 331 with loss 3.8349E-06
Epoch: 336 | Loss: 6.0526E-06 | Grad Norm: 1.8868E-02 | Time: 43ms
Epoch: 341 | Loss: 3.9912E-06 | Grad Norm: 1.2074E-02 | Time: 45ms
> Save model at epoch 342 with loss 3.6387E-06
> Save model at epoch 343 with loss 3.0534E-06
> Save model at epoch 344 with loss 2.6439E-06
> Save model at epoch 345 with loss 2.5189E-06
Epoch: 346 | Loss: 2.4499E-06 | Grad Norm: 3.0798E-03 | Time: 47ms
> Save model at epoch 346 with loss 2.4499E-06
Epoch: 351 | Loss: 4.7677E-06 | Grad Norm: 1.6490E-02 | Time: 43ms
Epoch: 356 | Loss: 2.2339E-06 | Grad Norm: 6.4140E-03 | Time: 43ms
> Save model at epoch 356 with loss 2.2339E-06
Epoch: 361 | Loss: 2.2323E-06 | Grad Norm: 7.5545E-03 | Time: 43ms
> Save model at epoch 361 with loss 2.2323E-06
> Save model at epoch 363 with loss 1.7705E-06
Epoch: 366 | Loss: 2.0558E-06 | Grad Norm: 6.4032E-03 | Time: 45ms
> Save model at epoch 367 with loss 1.6212E-06
Epoch: 371 | Loss: 3.0238E-06 | Grad Norm: 1.2854E-02 | Time: 43ms
> Save model at epoch 375 with loss 1.3565E-06
Epoch: 376 | Loss: 1.2236E-06 | Grad Norm: 2.9089E-03 | Time: 43ms
> Save model at epoch 376 with loss 1.2236E-06
> Save model at epoch 378 with loss 1.2122E-06
> Save model at epoch 379 with loss 1.1094E-06
Epoch: 381 | Loss: 1.1278E-06 | Grad Norm: 2.6470E-03 | Time: 43ms
Epoch: 386 | Loss: 1.3178E-06 | Grad Norm: 5.5465E-03 | Time: 44ms
Epoch: 391 | Loss: 1.1568E-06 | Grad Norm: 5.6192E-03 | Time: 44ms
> Save model at epoch 392 with loss 9.7962E-07
> Save model at epoch 393 with loss 9.3727E-07
Epoch: 396 | Loss: 1.1889E-05 | Grad Norm: 3.7649E-02 | Time: 43ms
> Save model at epoch 400 with loss 8.1766E-07
Epoch: 401 | Loss: 8.3092E-07 | Grad Norm: 3.0993E-03 | Time: 43ms
Epoch: 406 | Loss: 1.5973E-05 | Grad Norm: 3.7169E-02 | Time: 43ms
> Save model at epoch 408 with loss 7.2185E-07
> Save model at epoch 409 with loss 6.6195E-07
Epoch: 411 | Loss: 7.0510E-07 | Grad Norm: 2.7244E-03 | Time: 43ms
> Save model at epoch 412 with loss 6.4851E-07
> Save model at epoch 415 with loss 6.0149E-07
Epoch: 416 | Loss: 5.9421E-07 | Grad Norm: 1.7029E-03 | Time: 48ms
> Save model at epoch 416 with loss 5.9421E-07
Epoch: 421 | Loss: 6.3772E-07 | Grad Norm: 3.1792E-03 | Time: 43ms
Epoch: 426 | Loss: 5.7163E-07 | Grad Norm: 2.3810E-03 | Time: 75ms
> Save model at epoch 426 with loss 5.7163E-07
> Save model at epoch 427 with loss 5.1006E-07
> Save model at epoch 429 with loss 4.9265E-07
> Save model at epoch 430 with loss 4.8868E-07
Epoch: 431 | Loss: 4.8637E-07 | Grad Norm: 1.4733E-03 | Time: 43ms
> Save model at epoch 431 with loss 4.8637E-07
Epoch: 436 | Loss: 5.8471E-06 | Grad Norm: 2.2197E-02 | Time: 43ms
Epoch: 441 | Loss: 4.2098E-07 | Grad Norm: 1.4246E-03 | Time: 43ms
> Save model at epoch 441 with loss 4.2098E-07
Epoch: 446 | Loss: 4.0258E-07 | Grad Norm: 1.6480E-03 | Time: 43ms
> Save model at epoch 446 with loss 4.0258E-07
Epoch: 451 | Loss: 4.9126E-07 | Grad Norm: 3.4953E-03 | Time: 43ms
Epoch: 456 | Loss: 9.8046E-07 | Grad Norm: 6.4571E-03 | Time: 44ms
> Save model at epoch 458 with loss 3.3864E-07
> Save model at epoch 459 with loss 3.2814E-07
> Save model at epoch 460 with loss 3.2338E-07
Epoch: 461 | Loss: 3.1439E-07 | Grad Norm: 1.1003E-03 | Time: 43ms
> Save model at epoch 461 with loss 3.1439E-07
> Save model at epoch 464 with loss 3.0935E-07
> Save model at epoch 465 with loss 3.0894E-07
Epoch: 466 | Loss: 3.3422E-07 | Grad Norm: 1.3362E-03 | Time: 43ms
> Save model at epoch 470 with loss 2.8645E-07
Epoch: 471 | Loss: 3.9484E-07 | Grad Norm: 3.8299E-03 | Time: 44ms
Epoch: 476 | Loss: 9.5266E-07 | Grad Norm: 8.8933E-03 | Time: 43ms
> Save model at epoch 477 with loss 2.8166E-07
> Save model at epoch 478 with loss 2.6450E-07
Epoch: 481 | Loss: 1.8598E-06 | Grad Norm: 1.3436E-02 | Time: 43ms
Epoch: 486 | Loss: 2.1688E-06 | Grad Norm: 1.3077E-02 | Time: 43ms
> Save model at epoch 489 with loss 2.0797E-07
Epoch: 491 | Loss: 2.6335E-07 | Grad Norm: 2.7167E-03 | Time: 43ms
Epoch: 496 | Loss: 2.1935E-05 | Grad Norm: 4.7711E-02 | Time: 43ms
Epoch: 501 | Loss: 1.9089E-07 | Grad Norm: 1.2437E-03 | Time: 43ms
> Save model at epoch 501 with loss 1.9089E-07
> Save model at epoch 502 with loss 1.6815E-07
> Save model at epoch 503 with loss 1.5733E-07
> Save model at epoch 504 with loss 1.5653E-07
Epoch: 506 | Loss: 1.5079E-07 | Grad Norm: 6.9812E-04 | Time: 43ms
> Save model at epoch 506 with loss 1.5079E-07
> Save model at epoch 507 with loss 1.4554E-07
> Save model at epoch 508 with loss 1.4443E-07
Epoch: 511 | Loss: 1.4334E-07 | Grad Norm: 8.2980E-04 | Time: 46ms
> Save model at epoch 511 with loss 1.4334E-07
> Save model at epoch 512 with loss 1.3655E-07
Epoch: 516 | Loss: 1.3713E-07 | Grad Norm: 1.3463E-03 | Time: 43ms
> Save model at epoch 518 with loss 1.2702E-07
Epoch: 521 | Loss: 1.4784E-07 | Grad Norm: 1.8611E-03 | Time: 78ms
Epoch: 526 | Loss: 1.0834E-06 | Grad Norm: 9.7717E-03 | Time: 43ms
> Save model at epoch 529 with loss 1.1272E-07
Epoch: 531 | Loss: 1.2457E-07 | Grad Norm: 1.7327E-03 | Time: 74ms
Epoch: 536 | Loss: 2.0867E-06 | Grad Norm: 1.2771E-02 | Time: 44ms
> Save model at epoch 539 with loss 9.1628E-08
> Save model at epoch 540 with loss 8.9869E-08
Epoch: 541 | Loss: 8.8931E-08 | Grad Norm: 8.3265E-04 | Time: 73ms
> Save model at epoch 541 with loss 8.8931E-08
> Save model at epoch 542 with loss 8.8690E-08
> Save model at epoch 543 with loss 8.2767E-08
> Save model at epoch 545 with loss 8.2110E-08
Epoch: 546 | Loss: 9.9504E-08 | Grad Norm: 1.5018E-03 | Time: 43ms
Epoch: 551 | Loss: 8.2762E-07 | Grad Norm: 9.3868E-03 | Time: 43ms
Epoch: 556 | Loss: 1.9769E-07 | Grad Norm: 3.7450E-03 | Time: 44ms
> Save model at epoch 558 with loss 7.5604E-08
Epoch: 561 | Loss: 7.3247E-08 | Grad Norm: 1.1508E-03 | Time: 43ms
> Save model at epoch 561 with loss 7.3247E-08
Epoch: 566 | Loss: 3.4401E-06 | Grad Norm: 1.9812E-02 | Time: 43ms
> Save model at epoch 569 with loss 7.0892E-08
> Save model at epoch 570 with loss 6.1623E-08
Epoch: 571 | Loss: 5.8624E-08 | Grad Norm: 6.9286E-04 | Time: 45ms
> Save model at epoch 571 with loss 5.8624E-08
Epoch: 576 | Loss: 1.2747E-06 | Grad Norm: 1.0273E-02 | Time: 43ms
Epoch: 581 | Loss: 2.1481E-06 | Grad Norm: 1.5231E-02 | Time: 44ms
Epoch: 586 | Loss: 1.2482E-07 | Grad Norm: 2.5666E-03 | Time: 43ms
> Save model at epoch 587 with loss 5.1001E-08
> Save model at epoch 588 with loss 4.9466E-08
> Save model at epoch 589 with loss 4.7407E-08
Epoch: 591 | Loss: 2.6518E-06 | Grad Norm: 1.3489E-02 | Time: 43ms
Epoch: 596 | Loss: 1.5971E-07 | Grad Norm: 3.6718E-03 | Time: 47ms
> Save model at epoch 599 with loss 4.0828E-08
Epoch: 601 | Loss: 9.5341E-08 | Grad Norm: 2.6343E-03 | Time: 43ms
Epoch: 606 | Loss: 9.3808E-06 | Grad Norm: 2.9684E-02 | Time: 44ms
> Save model at epoch 610 with loss 3.9952E-08
Epoch: 611 | Loss: 3.5007E-08 | Grad Norm: 4.2810E-04 | Time: 43ms
> Save model at epoch 611 with loss 3.5007E-08
> Save model at epoch 614 with loss 3.3588E-08
Epoch: 616 | Loss: 3.4162E-08 | Grad Norm: 3.9894E-04 | Time: 44ms
Epoch: 621 | Loss: 4.4644E-08 | Grad Norm: 1.1749E-03 | Time: 45ms
Epoch: 626 | Loss: 7.1655E-07 | Grad Norm: 8.1849E-03 | Time: 51ms
Epoch: 631 | Loss: 2.7548E-06 | Grad Norm: 1.5948E-02 | Time: 43ms
> Save model at epoch 634 with loss 3.1734E-08
Epoch: 636 | Loss: 5.8451E-08 | Grad Norm: 1.8955E-03 | Time: 75ms
Epoch: 641 | Loss: 1.7175E-07 | Grad Norm: 4.0182E-03 | Time: 44ms
Epoch: 646 | Loss: 1.8164E-06 | Grad Norm: 1.3542E-02 | Time: 44ms
Epoch: 651 | Loss: 1.9038E-06 | Grad Norm: 1.4108E-02 | Time: 44ms
Epoch: 656 | Loss: 3.0535E-08 | Grad Norm: 9.5374E-04 | Time: 43ms
> Save model at epoch 656 with loss 3.0535E-08
> Save model at epoch 657 with loss 2.9124E-08
Epoch: 661 | Loss: 4.0866E-07 | Grad Norm: 6.0289E-03 | Time: 43ms
> Save model at epoch 664 with loss 2.8784E-08
> Save model at epoch 665 with loss 2.8120E-08
Epoch: 666 | Loss: 2.6284E-08 | Grad Norm: 8.1695E-04 | Time: 45ms
> Save model at epoch 666 with loss 2.6284E-08
> Save model at epoch 667 with loss 2.4104E-08
> Save model at epoch 668 with loss 2.1400E-08
Epoch: 671 | Loss: 1.0559E-07 | Grad Norm: 2.9443E-03 | Time: 45ms
Epoch: 676 | Loss: 2.1007E-08 | Grad Norm: 4.9186E-04 | Time: 43ms
> Save model at epoch 676 with loss 2.1007E-08
> Save model at epoch 679 with loss 2.0313E-08
Epoch: 681 | Loss: 6.9514E-08 | Grad Norm: 1.9814E-03 | Time: 43ms
Epoch: 686 | Loss: 2.2552E-08 | Grad Norm: 6.2208E-04 | Time: 43ms
> Save model at epoch 687 with loss 1.9379E-08
> Save model at epoch 688 with loss 1.8786E-08
> Save model at epoch 690 with loss 1.7450E-08
Epoch: 691 | Loss: 1.8731E-08 | Grad Norm: 4.6810E-04 | Time: 43ms
Epoch: 696 | Loss: 3.5318E-08 | Grad Norm: 1.3389E-03 | Time: 43ms
Epoch: 701 | Loss: 8.0127E-07 | Grad Norm: 9.1603E-03 | Time: 43ms
> Save model at epoch 704 with loss 1.6002E-08
> Save model at epoch 705 with loss 1.5887E-08
Epoch: 706 | Loss: 1.6432E-08 | Grad Norm: 3.7879E-04 | Time: 43ms
> Save model at epoch 708 with loss 1.5471E-08
> Save model at epoch 709 with loss 1.5260E-08
> Save model at epoch 710 with loss 1.4802E-08
Epoch: 711 | Loss: 1.6872E-08 | Grad Norm: 5.1483E-04 | Time: 43ms
Epoch: 716 | Loss: 1.6528E-08 | Grad Norm: 4.3039E-04 | Time: 44ms
Epoch: 721 | Loss: 1.4885E-08 | Grad Norm: 3.6949E-04 | Time: 44ms
Epoch: 726 | Loss: 6.8201E-07 | Grad Norm: 8.4257E-03 | Time: 43ms
> Save model at epoch 730 with loss 1.4087E-08
Epoch: 731 | Loss: 1.8658E-08 | Grad Norm: 7.9913E-04 | Time: 72ms
Epoch: 736 | Loss: 5.6480E-08 | Grad Norm: 2.1207E-03 | Time: 43ms
Epoch: 741 | Loss: 2.7573E-08 | Grad Norm: 1.0222E-03 | Time: 72ms
> Save model at epoch 742 with loss 1.3488E-08
Epoch: 746 | Loss: 3.2535E-06 | Grad Norm: 1.9773E-02 | Time: 44ms
> Save model at epoch 750 with loss 1.1941E-08
Epoch: 751 | Loss: 1.3739E-08 | Grad Norm: 1.8314E-04 | Time: 71ms
> Save model at epoch 754 with loss 1.1864E-08
> Save model at epoch 755 with loss 1.1556E-08
Epoch: 756 | Loss: 1.1264E-08 | Grad Norm: 2.1312E-04 | Time: 43ms
> Save model at epoch 756 with loss 1.1264E-08
Epoch: 761 | Loss: 1.3279E-08 | Grad Norm: 4.5801E-04 | Time: 44ms
Epoch: 766 | Loss: 1.4671E-08 | Grad Norm: 6.5422E-04 | Time: 43ms
Epoch: 771 | Loss: 1.3069E-07 | Grad Norm: 3.3715E-03 | Time: 43ms
Epoch: 776 | Loss: 8.8795E-08 | Grad Norm: 2.3333E-03 | Time: 43ms
> Save model at epoch 779 with loss 9.8167E-09
> Threshold reached. Stop training.
Total time: 37s297ms
==> Pretraining the Lyapunov_nn ...
Epoch: 001 | Loss: 2.2515E-02 | Grad Norm: 2.7485E-01 | Time: 109ms
> Save model at epoch 001 with loss 2.2515E-02
> Save model at epoch 002 with loss 1.8092E-02
> Save model at epoch 003 with loss 1.0061E-02
> Save model at epoch 004 with loss 4.7094E-03
> Save model at epoch 005 with loss 2.1843E-03
Epoch: 006 | Loss: 1.1022E-03 | Grad Norm: 1.9483E-02 | Time: 45ms
> Save model at epoch 006 with loss 1.1022E-03
> Save model at epoch 007 with loss 6.2333E-04
> Save model at epoch 008 with loss 3.8927E-04
> Save model at epoch 009 with loss 2.5840E-04
> Save model at epoch 010 with loss 1.7496E-04
Epoch: 011 | Loss: 1.1891E-04 | Grad Norm: 2.5053E-03 | Time: 73ms
> Save model at epoch 011 with loss 1.1891E-04
> Save model at epoch 012 with loss 8.1254E-05
> Save model at epoch 013 with loss 5.6585E-05
> Save model at epoch 014 with loss 4.0397E-05
> Save model at epoch 015 with loss 2.9875E-05
Epoch: 016 | Loss: 2.3170E-05 | Grad Norm: 6.4614E-04 | Time: 45ms
> Save model at epoch 016 with loss 2.3170E-05
> Save model at epoch 017 with loss 1.8746E-05
> Save model at epoch 018 with loss 1.5714E-05
> Save model at epoch 019 with loss 1.3645E-05
> Save model at epoch 020 with loss 1.2130E-05
Epoch: 021 | Loss: 1.0964E-05 | Grad Norm: 3.1178E-04 | Time: 45ms
> Save model at epoch 021 with loss 1.0964E-05
> Save model at epoch 022 with loss 1.0036E-05
> Save model at epoch 023 with loss 9.2671E-06
> Save model at epoch 024 with loss 8.6806E-06
> Save model at epoch 025 with loss 8.1093E-06
Epoch: 026 | Loss: 7.7473E-06 | Grad Norm: 2.6585E-04 | Time: 44ms
> Save model at epoch 026 with loss 7.7473E-06
> Save model at epoch 027 with loss 7.3496E-06
> Save model at epoch 028 with loss 7.0015E-06
> Save model at epoch 029 with loss 6.7011E-06
> Save model at epoch 030 with loss 6.4168E-06
Epoch: 031 | Loss: 6.1456E-06 | Grad Norm: 2.2101E-04 | Time: 45ms
> Save model at epoch 031 with loss 6.1456E-06
> Save model at epoch 032 with loss 5.9585E-06
> Save model at epoch 033 with loss 5.7040E-06
> Save model at epoch 034 with loss 5.4890E-06
> Save model at epoch 035 with loss 5.2826E-06
Epoch: 036 | Loss: 5.0975E-06 | Grad Norm: 1.9454E-04 | Time: 45ms
> Save model at epoch 036 with loss 5.0975E-06
> Save model at epoch 037 with loss 4.9006E-06
> Save model at epoch 038 with loss 4.7291E-06
> Save model at epoch 039 with loss 4.5594E-06
> Save model at epoch 040 with loss 4.3960E-06
Epoch: 041 | Loss: 4.2524E-06 | Grad Norm: 1.6487E-04 | Time: 46ms
> Save model at epoch 041 with loss 4.2524E-06
> Save model at epoch 042 with loss 4.0961E-06
> Save model at epoch 043 with loss 3.9759E-06
> Save model at epoch 044 with loss 3.8307E-06
> Save model at epoch 045 with loss 3.7566E-06
Epoch: 046 | Loss: 3.5785E-06 | Grad Norm: 1.5733E-04 | Time: 45ms
> Save model at epoch 046 with loss 3.5785E-06
> Save model at epoch 047 with loss 3.4829E-06
> Save model at epoch 048 with loss 3.3439E-06
> Save model at epoch 049 with loss 3.2426E-06
> Save model at epoch 050 with loss 3.1397E-06
Epoch: 051 | Loss: 3.0359E-06 | Grad Norm: 1.6771E-04 | Time: 44ms
> Save model at epoch 051 with loss 3.0359E-06
> Save model at epoch 052 with loss 2.9611E-06
> Save model at epoch 053 with loss 2.8604E-06
> Save model at epoch 054 with loss 2.8117E-06
> Save model at epoch 055 with loss 2.7169E-06
Epoch: 056 | Loss: 2.6088E-06 | Grad Norm: 1.5740E-04 | Time: 45ms
> Save model at epoch 056 with loss 2.6088E-06
> Save model at epoch 057 with loss 2.5323E-06
> Save model at epoch 058 with loss 2.4680E-06
> Save model at epoch 059 with loss 2.3956E-06
> Save model at epoch 060 with loss 2.3790E-06
Epoch: 061 | Loss: 2.2826E-06 | Grad Norm: 1.6333E-04 | Time: 45ms
> Save model at epoch 061 with loss 2.2826E-06
> Save model at epoch 062 with loss 2.2200E-06
> Save model at epoch 063 with loss 2.1641E-06
> Save model at epoch 064 with loss 2.1402E-06
> Save model at epoch 065 with loss 2.0460E-06
Epoch: 066 | Loss: 1.9839E-06 | Grad Norm: 1.3435E-04 | Time: 45ms
> Save model at epoch 066 with loss 1.9839E-06
> Save model at epoch 067 with loss 1.9530E-06
> Save model at epoch 068 with loss 1.8954E-06
> Save model at epoch 069 with loss 1.8729E-06
> Save model at epoch 070 with loss 1.8096E-06
Epoch: 071 | Loss: 1.7531E-06 | Grad Norm: 1.2037E-04 | Time: 45ms
> Save model at epoch 071 with loss 1.7531E-06
> Save model at epoch 072 with loss 1.7169E-06
> Save model at epoch 073 with loss 1.6937E-06
> Save model at epoch 074 with loss 1.6471E-06
> Save model at epoch 075 with loss 1.5896E-06
Epoch: 076 | Loss: 1.5370E-06 | Grad Norm: 1.2620E-04 | Time: 45ms
> Save model at epoch 076 with loss 1.5370E-06
> Save model at epoch 077 with loss 1.5183E-06
> Save model at epoch 078 with loss 1.4674E-06
> Save model at epoch 079 with loss 1.4266E-06
> Save model at epoch 080 with loss 1.3912E-06
Epoch: 081 | Loss: 1.3410E-06 | Grad Norm: 1.2631E-04 | Time: 45ms
> Save model at epoch 081 with loss 1.3410E-06
> Save model at epoch 082 with loss 1.3372E-06
> Save model at epoch 083 with loss 1.2981E-06
> Save model at epoch 084 with loss 1.2731E-06
> Save model at epoch 085 with loss 1.2422E-06
Epoch: 086 | Loss: 1.1804E-06 | Grad Norm: 1.2304E-04 | Time: 47ms
> Save model at epoch 086 with loss 1.1804E-06
> Save model at epoch 087 with loss 1.1320E-06
> Save model at epoch 089 with loss 1.0857E-06
> Save model at epoch 090 with loss 1.0454E-06
Epoch: 091 | Loss: 1.0408E-06 | Grad Norm: 1.4553E-04 | Time: 45ms
> Save model at epoch 091 with loss 1.0408E-06
> Save model at epoch 092 with loss 1.0154E-06
> Save model at epoch 093 with loss 9.8436E-07
> Save model at epoch 094 with loss 9.8111E-07
> Save model at epoch 095 with loss 9.5208E-07
Epoch: 096 | Loss: 8.9800E-07 | Grad Norm: 1.3956E-04 | Time: 76ms
> Save model at epoch 096 with loss 8.9800E-07
> Save model at epoch 097 with loss 8.6195E-07
> Save model at epoch 098 with loss 8.3933E-07
> Save model at epoch 100 with loss 8.2120E-07
Epoch: 101 | Loss: 7.8423E-07 | Grad Norm: 1.3433E-04 | Time: 45ms
> Save model at epoch 101 with loss 7.8423E-07
> Save model at epoch 102 with loss 7.8114E-07
> Save model at epoch 103 with loss 7.5365E-07
> Save model at epoch 104 with loss 7.4019E-07
> Save model at epoch 105 with loss 6.9312E-07
Epoch: 106 | Loss: 7.2977E-07 | Grad Norm: 2.2396E-04 | Time: 75ms
> Save model at epoch 107 with loss 6.8774E-07
> Save model at epoch 108 with loss 6.1971E-07
> Save model at epoch 109 with loss 6.1129E-07
> Save model at epoch 110 with loss 5.9166E-07
Epoch: 111 | Loss: 5.8352E-07 | Grad Norm: 1.3160E-04 | Time: 45ms
> Save model at epoch 111 with loss 5.8352E-07
> Save model at epoch 112 with loss 5.7598E-07
> Save model at epoch 113 with loss 5.4403E-07
> Save model at epoch 114 with loss 5.2940E-07
> Save model at epoch 115 with loss 5.1550E-07
Epoch: 116 | Loss: 4.9735E-07 | Grad Norm: 1.1662E-04 | Time: 45ms
> Save model at epoch 116 with loss 4.9735E-07
> Save model at epoch 119 with loss 4.7493E-07
> Save model at epoch 120 with loss 4.4397E-07
Epoch: 121 | Loss: 4.5258E-07 | Grad Norm: 1.6243E-04 | Time: 46ms
> Save model at epoch 122 with loss 4.3023E-07
> Save model at epoch 123 with loss 4.1134E-07
Epoch: 126 | Loss: 3.9330E-07 | Grad Norm: 1.4302E-04 | Time: 45ms
> Save model at epoch 126 with loss 3.9330E-07
> Save model at epoch 128 with loss 3.8698E-07
> Save model at epoch 129 with loss 3.6552E-07
Epoch: 131 | Loss: 3.8144E-07 | Grad Norm: 1.8969E-04 | Time: 45ms
> Save model at epoch 132 with loss 3.3390E-07
> Save model at epoch 135 with loss 3.2409E-07
Epoch: 136 | Loss: 3.3531E-07 | Grad Norm: 2.0132E-04 | Time: 45ms
> Save model at epoch 137 with loss 2.8897E-07
> Save model at epoch 138 with loss 2.8875E-07
Epoch: 141 | Loss: 2.8985E-07 | Grad Norm: 1.5929E-04 | Time: 44ms
> Save model at epoch 142 with loss 2.7749E-07
Epoch: 146 | Loss: 4.1251E-07 | Grad Norm: 2.7928E-04 | Time: 45ms
Epoch: 151 | Loss: 3.6219E-07 | Grad Norm: 2.7058E-04 | Time: 44ms
> Save model at epoch 155 with loss 2.3535E-07
Epoch: 156 | Loss: 3.4558E-07 | Grad Norm: 2.8090E-04 | Time: 45ms
Epoch: 161 | Loss: 3.5053E-07 | Grad Norm: 1.9966E-04 | Time: 44ms
> Save model at epoch 165 with loss 2.0516E-07
Epoch: 166 | Loss: 4.1320E-07 | Grad Norm: 3.2545E-04 | Time: 45ms
Epoch: 171 | Loss: 9.3101E-07 | Grad Norm: 5.5235E-04 | Time: 45ms
Epoch: 176 | Loss: 3.4075E-06 | Grad Norm: 1.1753E-03 | Time: 45ms
Epoch: 181 | Loss: 2.0466E-07 | Grad Norm: 1.3855E-04 | Time: 47ms
> Save model at epoch 181 with loss 2.0466E-07
> Save model at epoch 183 with loss 1.6163E-07
Epoch: 186 | Loss: 2.5058E-07 | Grad Norm: 2.0368E-04 | Time: 45ms
Epoch: 191 | Loss: 2.7035E-07 | Grad Norm: 2.2417E-04 | Time: 72ms
> Save model at epoch 192 with loss 1.5723E-07
Epoch: 196 | Loss: 3.3500E-07 | Grad Norm: 2.6903E-04 | Time: 45ms
Epoch: 201 | Loss: 1.8773E-07 | Grad Norm: 1.3172E-04 | Time: 44ms
> Save model at epoch 202 with loss 1.5342E-07
Epoch: 206 | Loss: 5.7448E-07 | Grad Norm: 3.6237E-04 | Time: 45ms
Epoch: 211 | Loss: 1.6753E-07 | Grad Norm: 8.9909E-05 | Time: 45ms
Epoch: 216 | Loss: 1.1801E-06 | Grad Norm: 4.2489E-04 | Time: 45ms
Epoch: 221 | Loss: 3.1267E-07 | Grad Norm: 1.9173E-04 | Time: 45ms
Epoch: 226 | Loss: 1.7630E-07 | Grad Norm: 1.0923E-04 | Time: 45ms
Epoch: 231 | Loss: 3.3756E-06 | Grad Norm: 6.8847E-04 | Time: 45ms
Epoch: 236 | Loss: 3.8345E-06 | Grad Norm: 7.0951E-04 | Time: 45ms
Epoch: 241 | Loss: 2.2302E-07 | Grad Norm: 1.3894E-04 | Time: 45ms
> Save model at epoch 243 with loss 1.4115E-07
> Save model at epoch 244 with loss 1.3882E-07
Epoch: 246 | Loss: 1.5313E-07 | Grad Norm: 9.5410E-05 | Time: 46ms
Epoch: 251 | Loss: 5.0734E-07 | Grad Norm: 2.5712E-04 | Time: 45ms
Epoch: 256 | Loss: 2.7571E-07 | Grad Norm: 1.6558E-04 | Time: 46ms
Epoch: 261 | Loss: 2.4989E-07 | Grad Norm: 1.5397E-04 | Time: 45ms
Epoch: 266 | Loss: 5.9437E-06 | Grad Norm: 8.1472E-04 | Time: 45ms
Epoch: 271 | Loss: 2.5684E-06 | Grad Norm: 2.8145E-04 | Time: 46ms
Epoch: 276 | Loss: 1.7469E-06 | Grad Norm: 2.4069E-04 | Time: 73ms
Epoch: 281 | Loss: 1.4200E-06 | Grad Norm: 2.1296E-04 | Time: 44ms
Epoch: 286 | Loss: 1.1660E-06 | Grad Norm: 1.6795E-04 | Time: 73ms
Epoch: 291 | Loss: 1.0087E-06 | Grad Norm: 1.9044E-04 | Time: 45ms
Epoch: 296 | Loss: 8.7659E-07 | Grad Norm: 1.8144E-04 | Time: 46ms
Epoch: 301 | Loss: 7.4873E-07 | Grad Norm: 1.4347E-04 | Time: 45ms
Epoch: 306 | Loss: 6.6474E-07 | Grad Norm: 1.3833E-04 | Time: 45ms
Epoch: 311 | Loss: 6.0383E-07 | Grad Norm: 1.7848E-04 | Time: 45ms
Epoch: 316 | Loss: 5.3449E-07 | Grad Norm: 1.6965E-04 | Time: 45ms
Epoch: 321 | Loss: 4.5945E-07 | Grad Norm: 1.3291E-04 | Time: 46ms
Epoch: 326 | Loss: 4.0151E-07 | Grad Norm: 9.9763E-05 | Time: 45ms
Epoch: 331 | Loss: 3.7842E-07 | Grad Norm: 1.4529E-04 | Time: 45ms
Epoch: 336 | Loss: 3.2963E-07 | Grad Norm: 1.1736E-04 | Time: 44ms
Epoch: 341 | Loss: 3.0514E-07 | Grad Norm: 1.2285E-04 | Time: 45ms
Epoch: 346 | Loss: 2.7027E-07 | Grad Norm: 1.0402E-04 | Time: 45ms
Epoch: 351 | Loss: 2.4139E-07 | Grad Norm: 8.6774E-05 | Time: 44ms
Epoch: 356 | Loss: 2.2846E-07 | Grad Norm: 1.0170E-04 | Time: 44ms
Epoch: 361 | Loss: 1.9282E-07 | Grad Norm: 6.0585E-05 | Time: 46ms
Epoch: 366 | Loss: 1.8891E-07 | Grad Norm: 8.5222E-05 | Time: 45ms
Epoch: 371 | Loss: 1.7532E-07 | Grad Norm: 1.0022E-04 | Time: 75ms
Epoch: 376 | Loss: 1.7454E-07 | Grad Norm: 1.1248E-04 | Time: 45ms
Epoch: 381 | Loss: 1.4887E-07 | Grad Norm: 9.0845E-05 | Time: 45ms
> Save model at epoch 384 with loss 1.3620E-07
> Save model at epoch 385 with loss 1.3405E-07
Epoch: 386 | Loss: 1.5043E-07 | Grad Norm: 1.1646E-04 | Time: 45ms
> Save model at epoch 387 with loss 1.2828E-07
> Save model at epoch 390 with loss 1.2546E-07
Epoch: 391 | Loss: 1.3127E-07 | Grad Norm: 9.7555E-05 | Time: 47ms
> Save model at epoch 392 with loss 1.2277E-07
> Save model at epoch 393 with loss 1.1553E-07
> Save model at epoch 395 with loss 1.1191E-07
Epoch: 396 | Loss: 1.1052E-07 | Grad Norm: 6.6893E-05 | Time: 45ms
> Save model at epoch 396 with loss 1.1052E-07
> Save model at epoch 397 with loss 1.0867E-07
> Save model at epoch 399 with loss 1.0395E-07
Epoch: 401 | Loss: 1.1818E-07 | Grad Norm: 1.0888E-04 | Time: 44ms
> Save model at epoch 402 with loss 1.0151E-07
Epoch: 406 | Loss: 1.9579E-07 | Grad Norm: 2.0673E-04 | Time: 45ms
> Save model at epoch 407 with loss 1.0059E-07
> Save model at epoch 408 with loss 8.9641E-08
Epoch: 411 | Loss: 1.1966E-07 | Grad Norm: 1.3168E-04 | Time: 45ms
Epoch: 416 | Loss: 2.1929E-07 | Grad Norm: 2.2286E-04 | Time: 45ms
Epoch: 421 | Loss: 4.0168E-07 | Grad Norm: 3.2395E-04 | Time: 45ms
Epoch: 426 | Loss: 2.8649E-07 | Grad Norm: 2.5341E-04 | Time: 45ms
Epoch: 431 | Loss: 7.1086E-07 | Grad Norm: 4.1490E-04 | Time: 45ms
Epoch: 436 | Loss: 3.8386E-07 | Grad Norm: 2.8480E-04 | Time: 45ms
Epoch: 441 | Loss: 3.7948E-07 | Grad Norm: 2.7054E-04 | Time: 44ms
Epoch: 446 | Loss: 1.1097E-06 | Grad Norm: 4.4756E-04 | Time: 46ms
Epoch: 451 | Loss: 2.3009E-07 | Grad Norm: 1.6298E-04 | Time: 45ms
Epoch: 456 | Loss: 5.4780E-07 | Grad Norm: 2.7911E-04 | Time: 73ms
Epoch: 461 | Loss: 1.0146E-07 | Grad Norm: 6.6971E-05 | Time: 45ms
Epoch: 466 | Loss: 9.6303E-07 | Grad Norm: 3.6956E-04 | Time: 79ms
Epoch: 471 | Loss: 2.0138E-07 | Grad Norm: 1.2193E-04 | Time: 45ms
Epoch: 476 | Loss: 5.7267E-07 | Grad Norm: 1.9633E-04 | Time: 45ms
Epoch: 481 | Loss: 1.7439E-06 | Grad Norm: 3.0821E-04 | Time: 52ms
Epoch: 486 | Loss: 1.1858E-06 | Grad Norm: 3.5032E-04 | Time: 45ms
Epoch: 491 | Loss: 2.9727E-07 | Grad Norm: 1.2498E-04 | Time: 45ms
Epoch: 496 | Loss: 3.3037E-03 | Grad Norm: 8.8071E-02 | Time: 45ms
Epoch: 501 | Loss: 4.6168E-07 | Grad Norm: 9.3503E-05 | Time: 45ms
Epoch: 506 | Loss: 2.9660E-07 | Grad Norm: 7.2105E-05 | Time: 54ms
Epoch: 511 | Loss: 2.2941E-07 | Grad Norm: 6.0793E-05 | Time: 48ms
Epoch: 516 | Loss: 1.8451E-07 | Grad Norm: 5.4008E-05 | Time: 46ms
Epoch: 521 | Loss: 1.5635E-07 | Grad Norm: 4.6242E-05 | Time: 45ms
Epoch: 526 | Loss: 1.4811E-07 | Grad Norm: 3.9064E-05 | Time: 45ms
Epoch: 531 | Loss: 1.4615E-07 | Grad Norm: 4.4332E-05 | Time: 46ms
Epoch: 536 | Loss: 1.4534E-07 | Grad Norm: 5.2591E-05 | Time: 45ms
Epoch: 541 | Loss: 1.4594E-07 | Grad Norm: 6.1145E-05 | Time: 47ms
Epoch: 546 | Loss: 1.3961E-07 | Grad Norm: 4.2681E-05 | Time: 45ms
Epoch: 551 | Loss: 1.3784E-07 | Grad Norm: 4.4031E-05 | Time: 75ms
Epoch: 556 | Loss: 1.3838E-07 | Grad Norm: 5.9293E-05 | Time: 45ms
Epoch: 561 | Loss: 1.4005E-07 | Grad Norm: 7.2576E-05 | Time: 46ms
Epoch: 566 | Loss: 1.2870E-07 | Grad Norm: 4.4645E-05 | Time: 45ms
Epoch: 571 | Loss: 1.2806E-07 | Grad Norm: 5.3629E-05 | Time: 45ms
Epoch: 576 | Loss: 1.2620E-07 | Grad Norm: 5.6592E-05 | Time: 45ms
Epoch: 581 | Loss: 1.2522E-07 | Grad Norm: 5.9294E-05 | Time: 45ms
Epoch: 586 | Loss: 1.1624E-07 | Grad Norm: 4.0100E-05 | Time: 45ms
Epoch: 591 | Loss: 1.2666E-07 | Grad Norm: 8.2517E-05 | Time: 45ms
Epoch: 596 | Loss: 1.1188E-07 | Grad Norm: 4.7581E-05 | Time: 48ms
Epoch: 601 | Loss: 1.1208E-07 | Grad Norm: 6.2335E-05 | Time: 45ms
Epoch: 606 | Loss: 1.1197E-07 | Grad Norm: 6.7936E-05 | Time: 50ms
Epoch: 611 | Loss: 1.0651E-07 | Grad Norm: 6.3348E-05 | Time: 48ms
Epoch: 616 | Loss: 9.7687E-08 | Grad Norm: 4.2890E-05 | Time: 51ms
Epoch: 621 | Loss: 1.3845E-07 | Grad Norm: 1.3946E-04 | Time: 46ms
Epoch: 626 | Loss: 1.0388E-07 | Grad Norm: 8.4129E-05 | Time: 47ms
Epoch: 631 | Loss: 9.7414E-08 | Grad Norm: 7.0563E-05 | Time: 45ms
> Save model at epoch 635 with loss 8.7964E-08
Epoch: 636 | Loss: 1.2220E-07 | Grad Norm: 1.3135E-04 | Time: 81ms
Epoch: 641 | Loss: 1.0403E-07 | Grad Norm: 8.9905E-05 | Time: 45ms
Epoch: 646 | Loss: 8.9090E-08 | Grad Norm: 6.6241E-05 | Time: 74ms
Epoch: 651 | Loss: 9.2569E-08 | Grad Norm: 8.2623E-05 | Time: 45ms
> Save model at epoch 652 with loss 7.8979E-08
Epoch: 656 | Loss: 8.1537E-08 | Grad Norm: 6.6245E-05 | Time: 46ms
Epoch: 661 | Loss: 9.6500E-08 | Grad Norm: 1.0892E-04 | Time: 46ms
> Save model at epoch 663 with loss 7.7633E-08
> Save model at epoch 664 with loss 7.5416E-08
Epoch: 666 | Loss: 9.2107E-08 | Grad Norm: 9.9598E-05 | Time: 45ms
Epoch: 671 | Loss: 1.5862E-07 | Grad Norm: 1.7832E-04 | Time: 45ms
Epoch: 676 | Loss: 8.5785E-08 | Grad Norm: 8.7931E-05 | Time: 46ms
Epoch: 681 | Loss: 8.1187E-08 | Grad Norm: 8.0609E-05 | Time: 45ms
Epoch: 686 | Loss: 2.6453E-06 | Grad Norm: 8.2811E-04 | Time: 45ms
Epoch: 691 | Loss: 1.9817E-06 | Grad Norm: 2.0144E-04 | Time: 46ms
Epoch: 696 | Loss: 2.2527E-07 | Grad Norm: 7.1784E-05 | Time: 45ms
Epoch: 701 | Loss: 2.1076E-07 | Grad Norm: 5.1907E-05 | Time: 52ms
Epoch: 706 | Loss: 2.0149E-07 | Grad Norm: 4.9561E-05 | Time: 45ms
Epoch: 711 | Loss: 1.9342E-07 | Grad Norm: 5.4481E-05 | Time: 48ms
Epoch: 716 | Loss: 1.8708E-07 | Grad Norm: 5.8629E-05 | Time: 46ms
Epoch: 721 | Loss: 1.7736E-07 | Grad Norm: 5.7978E-05 | Time: 50ms
Epoch: 726 | Loss: 1.7154E-07 | Grad Norm: 7.5782E-05 | Time: 45ms
Epoch: 731 | Loss: 1.6420E-07 | Grad Norm: 6.8843E-05 | Time: 75ms
Epoch: 736 | Loss: 1.5075E-07 | Grad Norm: 4.7991E-05 | Time: 45ms
Epoch: 741 | Loss: 1.4168E-07 | Grad Norm: 4.8370E-05 | Time: 45ms
Epoch: 746 | Loss: 1.3645E-07 | Grad Norm: 6.1401E-05 | Time: 46ms
Epoch: 751 | Loss: 1.2840E-07 | Grad Norm: 5.9212E-05 | Time: 45ms
Epoch: 756 | Loss: 1.1801E-07 | Grad Norm: 4.7825E-05 | Time: 49ms
Epoch: 761 | Loss: 1.1142E-07 | Grad Norm: 5.1618E-05 | Time: 49ms
Epoch: 766 | Loss: 1.0443E-07 | Grad Norm: 4.8224E-05 | Time: 46ms
Epoch: 771 | Loss: 9.6805E-08 | Grad Norm: 5.0063E-05 | Time: 45ms
Epoch: 776 | Loss: 9.6170E-08 | Grad Norm: 7.0694E-05 | Time: 45ms
Epoch: 781 | Loss: 9.0526E-08 | Grad Norm: 7.5095E-05 | Time: 45ms
Epoch: 786 | Loss: 8.2091E-08 | Grad Norm: 6.8935E-05 | Time: 48ms
Epoch: 791 | Loss: 7.4693E-08 | Grad Norm: 6.0804E-05 | Time: 46ms
> Save model at epoch 791 with loss 7.4693E-08
> Save model at epoch 793 with loss 7.4101E-08
Epoch: 796 | Loss: 7.0698E-08 | Grad Norm: 5.9222E-05 | Time: 46ms
> Save model at epoch 796 with loss 7.0698E-08
Epoch: 801 | Loss: 7.6718E-08 | Grad Norm: 9.0761E-05 | Time: 45ms
> Save model at epoch 804 with loss 6.6476E-08
Epoch: 806 | Loss: 6.0809E-08 | Grad Norm: 4.9800E-05 | Time: 46ms
> Save model at epoch 806 with loss 6.0809E-08
Epoch: 811 | Loss: 6.4945E-08 | Grad Norm: 9.4592E-05 | Time: 45ms
> Save model at epoch 815 with loss 5.9848E-08
Epoch: 816 | Loss: 7.6752E-08 | Grad Norm: 1.2759E-04 | Time: 76ms
Epoch: 821 | Loss: 6.9758E-08 | Grad Norm: 1.1720E-04 | Time: 49ms
> Save model at epoch 824 with loss 5.7602E-08
Epoch: 826 | Loss: 7.0629E-08 | Grad Norm: 1.1350E-04 | Time: 75ms
> Save model at epoch 827 with loss 5.1278E-08
Epoch: 831 | Loss: 6.0969E-08 | Grad Norm: 1.0866E-04 | Time: 49ms
Epoch: 836 | Loss: 3.8080E-07 | Grad Norm: 3.0775E-04 | Time: 48ms
Epoch: 841 | Loss: 7.2292E-08 | Grad Norm: 1.1301E-04 | Time: 45ms
Epoch: 846 | Loss: 5.9948E-08 | Grad Norm: 9.3314E-05 | Time: 47ms
> Save model at epoch 850 with loss 4.4545E-08
Epoch: 851 | Loss: 6.7237E-08 | Grad Norm: 1.2078E-04 | Time: 51ms
> Save model at epoch 854 with loss 4.1269E-08
Epoch: 856 | Loss: 9.9080E-08 | Grad Norm: 1.7079E-04 | Time: 45ms
Epoch: 861 | Loss: 7.9896E-08 | Grad Norm: 1.1541E-04 | Time: 45ms
Epoch: 866 | Loss: 1.8455E-07 | Grad Norm: 2.4505E-04 | Time: 45ms
Epoch: 871 | Loss: 2.3501E-06 | Grad Norm: 7.8120E-04 | Time: 45ms
Epoch: 876 | Loss: 8.0211E-08 | Grad Norm: 1.3620E-04 | Time: 45ms
> Save model at epoch 877 with loss 2.4447E-08
> Save model at epoch 878 with loss 2.1608E-08
> Save model at epoch 880 with loss 2.1554E-08
Epoch: 881 | Loss: 2.1553E-08 | Grad Norm: 3.1776E-05 | Time: 45ms
> Save model at epoch 881 with loss 2.1553E-08
> Save model at epoch 882 with loss 2.1550E-08
Epoch: 886 | Loss: 2.1786E-08 | Grad Norm: 3.7828E-05 | Time: 45ms
> Save model at epoch 887 with loss 2.1241E-08
Epoch: 891 | Loss: 2.1122E-08 | Grad Norm: 2.6374E-05 | Time: 45ms
> Save model at epoch 891 with loss 2.1122E-08
Epoch: 896 | Loss: 2.1741E-08 | Grad Norm: 3.7168E-05 | Time: 45ms
Epoch: 901 | Loss: 2.1912E-08 | Grad Norm: 4.4046E-05 | Time: 47ms
Epoch: 906 | Loss: 2.1195E-08 | Grad Norm: 3.2895E-05 | Time: 45ms
> Save model at epoch 909 with loss 2.1039E-08
> Save model at epoch 910 with loss 2.0842E-08
Epoch: 911 | Loss: 2.2385E-08 | Grad Norm: 4.6934E-05 | Time: 74ms
> Save model at epoch 914 with loss 2.0825E-08
> Save model at epoch 915 with loss 2.0671E-08
Epoch: 916 | Loss: 2.0889E-08 | Grad Norm: 3.1242E-05 | Time: 45ms
Epoch: 921 | Loss: 2.1344E-08 | Grad Norm: 4.0885E-05 | Time: 45ms
Epoch: 926 | Loss: 2.2616E-08 | Grad Norm: 5.7407E-05 | Time: 45ms
Epoch: 931 | Loss: 2.2953E-08 | Grad Norm: 6.0627E-05 | Time: 45ms
> Save model at epoch 935 with loss 2.0550E-08
Epoch: 936 | Loss: 2.1170E-08 | Grad Norm: 4.0238E-05 | Time: 45ms
Epoch: 941 | Loss: 2.1986E-08 | Grad Norm: 5.3132E-05 | Time: 45ms
Epoch: 946 | Loss: 2.3936E-08 | Grad Norm: 7.8583E-05 | Time: 45ms
Epoch: 951 | Loss: 2.2347E-08 | Grad Norm: 6.5653E-05 | Time: 45ms
> Save model at epoch 952 with loss 2.0055E-08
Epoch: 956 | Loss: 2.0523E-08 | Grad Norm: 4.3776E-05 | Time: 48ms
Epoch: 961 | Loss: 2.1379E-08 | Grad Norm: 5.1884E-05 | Time: 47ms
Epoch: 966 | Loss: 2.1829E-08 | Grad Norm: 6.1028E-05 | Time: 45ms
Epoch: 971 | Loss: 2.3172E-08 | Grad Norm: 6.8334E-05 | Time: 46ms
Epoch: 976 | Loss: 2.4047E-08 | Grad Norm: 8.2236E-05 | Time: 46ms
Epoch: 981 | Loss: 2.0492E-08 | Grad Norm: 5.6330E-05 | Time: 46ms
Epoch: 986 | Loss: 2.2295E-08 | Grad Norm: 7.4472E-05 | Time: 52ms
> Save model at epoch 988 with loss 1.9936E-08
Epoch: 991 | Loss: 2.7767E-08 | Grad Norm: 1.1459E-04 | Time: 45ms
> Save model at epoch 994 with loss 1.9552E-08
Epoch: 996 | Loss: 3.1715E-08 | Grad Norm: 1.2067E-04 | Time: 75ms
Epoch: 1001 | Loss: 1.9704E-08 | Grad Norm: 5.2672E-05 | Time: 45ms
> Save model at epoch 1005 with loss 1.9101E-08
Epoch: 1006 | Loss: 2.3183E-08 | Grad Norm: 8.2671E-05 | Time: 73ms
Epoch: 1011 | Loss: 3.6455E-08 | Grad Norm: 1.6062E-04 | Time: 45ms
Epoch: 1016 | Loss: 5.7383E-08 | Grad Norm: 2.1521E-04 | Time: 45ms
Epoch: 1021 | Loss: 3.8318E-08 | Grad Norm: 1.6455E-04 | Time: 45ms
Epoch: 1026 | Loss: 9.9881E-08 | Grad Norm: 3.0567E-04 | Time: 45ms
Epoch: 1031 | Loss: 3.1704E-08 | Grad Norm: 1.2036E-04 | Time: 45ms
Epoch: 1036 | Loss: 6.7691E-08 | Grad Norm: 2.2597E-04 | Time: 45ms
Epoch: 1041 | Loss: 1.9828E-07 | Grad Norm: 3.7000E-04 | Time: 45ms
Epoch: 1046 | Loss: 8.1842E-08 | Grad Norm: 2.3668E-04 | Time: 45ms
Epoch: 1051 | Loss: 3.1205E-06 | Grad Norm: 1.4702E-03 | Time: 46ms
Epoch: 1056 | Loss: 2.8203E-08 | Grad Norm: 7.7060E-05 | Time: 48ms
Epoch: 1061 | Loss: 2.1143E-08 | Grad Norm: 4.8943E-05 | Time: 49ms
Epoch: 1066 | Loss: 2.9783E-08 | Grad Norm: 7.8236E-05 | Time: 45ms
Epoch: 1071 | Loss: 4.0559E-08 | Grad Norm: 1.0842E-04 | Time: 49ms
Epoch: 1076 | Loss: 3.7927E-08 | Grad Norm: 1.0260E-04 | Time: 45ms
Epoch: 1081 | Loss: 8.2370E-07 | Grad Norm: 5.9635E-04 | Time: 50ms
> Save model at epoch 1085 with loss 1.8956E-08
Epoch: 1086 | Loss: 1.9880E-08 | Grad Norm: 5.0122E-05 | Time: 46ms
Epoch: 1091 | Loss: 1.7318E-07 | Grad Norm: 2.5836E-04 | Time: 74ms
Epoch: 1096 | Loss: 2.9520E-07 | Grad Norm: 3.4536E-04 | Time: 48ms
Epoch: 1101 | Loss: 1.4492E-07 | Grad Norm: 2.1624E-04 | Time: 48ms
Epoch: 1106 | Loss: 8.0281E-07 | Grad Norm: 4.6570E-04 | Time: 45ms
Epoch: 1111 | Loss: 2.5625E-08 | Grad Norm: 6.3147E-05 | Time: 45ms
> Save model at epoch 1114 with loss 1.5267E-08
Epoch: 1116 | Loss: 8.5963E-08 | Grad Norm: 1.4438E-04 | Time: 45ms
Epoch: 1121 | Loss: 3.6044E-08 | Grad Norm: 8.2260E-05 | Time: 45ms
Epoch: 1126 | Loss: 3.0599E-08 | Grad Norm: 7.3755E-05 | Time: 45ms
Epoch: 1131 | Loss: 7.7876E-07 | Grad Norm: 3.8689E-04 | Time: 45ms
Epoch: 1136 | Loss: 1.0979E-06 | Grad Norm: 6.4850E-04 | Time: 49ms
Epoch: 1141 | Loss: 5.2518E-08 | Grad Norm: 9.6580E-05 | Time: 45ms
Epoch: 1146 | Loss: 4.8916E-08 | Grad Norm: 7.8981E-05 | Time: 49ms
Epoch: 1151 | Loss: 5.0472E-08 | Grad Norm: 9.2338E-05 | Time: 45ms
Epoch: 1156 | Loss: 5.2971E-08 | Grad Norm: 1.1537E-04 | Time: 50ms
Epoch: 1161 | Loss: 5.8483E-08 | Grad Norm: 1.4110E-04 | Time: 46ms
Epoch: 1166 | Loss: 5.1000E-08 | Grad Norm: 1.1094E-04 | Time: 46ms
Epoch: 1171 | Loss: 5.1861E-08 | Grad Norm: 1.1609E-04 | Time: 45ms
Epoch: 1176 | Loss: 4.2569E-08 | Grad Norm: 6.4467E-05 | Time: 73ms
Epoch: 1181 | Loss: 5.9654E-08 | Grad Norm: 1.6060E-04 | Time: 46ms
Epoch: 1186 | Loss: 4.3222E-08 | Grad Norm: 8.2972E-05 | Time: 74ms
Epoch: 1191 | Loss: 4.5741E-08 | Grad Norm: 9.6810E-05 | Time: 46ms
Epoch: 1196 | Loss: 4.2380E-08 | Grad Norm: 8.4033E-05 | Time: 48ms
Epoch: 1201 | Loss: 4.8318E-08 | Grad Norm: 1.1828E-04 | Time: 45ms
Epoch: 1206 | Loss: 4.8808E-08 | Grad Norm: 1.1439E-04 | Time: 45ms
Epoch: 1211 | Loss: 4.8483E-08 | Grad Norm: 1.2767E-04 | Time: 45ms
Epoch: 1216 | Loss: 5.4465E-08 | Grad Norm: 1.4257E-04 | Time: 45ms
Epoch: 1221 | Loss: 7.4492E-08 | Grad Norm: 2.1827E-04 | Time: 45ms
Epoch: 1226 | Loss: 4.9792E-08 | Grad Norm: 1.3768E-04 | Time: 45ms
Epoch: 1231 | Loss: 8.8606E-08 | Grad Norm: 2.4658E-04 | Time: 45ms
Epoch: 1236 | Loss: 1.7729E-07 | Grad Norm: 3.7012E-04 | Time: 45ms
Epoch: 1241 | Loss: 4.1333E-08 | Grad Norm: 1.0513E-04 | Time: 52ms
Epoch: 1246 | Loss: 4.4748E-08 | Grad Norm: 1.1259E-04 | Time: 45ms
Epoch: 1251 | Loss: 3.8675E-08 | Grad Norm: 1.0066E-04 | Time: 50ms
Epoch: 1256 | Loss: 1.4974E-06 | Grad Norm: 9.9124E-04 | Time: 45ms
Epoch: 1261 | Loss: 1.1434E-07 | Grad Norm: 2.2458E-04 | Time: 52ms
Epoch: 1266 | Loss: 1.1585E-07 | Grad Norm: 2.0232E-04 | Time: 45ms
Epoch: 1271 | Loss: 1.0778E-07 | Grad Norm: 2.1143E-04 | Time: 75ms
Epoch: 1276 | Loss: 6.0514E-08 | Grad Norm: 9.7560E-05 | Time: 45ms
Epoch: 1281 | Loss: 8.8137E-08 | Grad Norm: 1.7937E-04 | Time: 45ms
Epoch: 1286 | Loss: 8.0882E-08 | Grad Norm: 1.5053E-04 | Time: 45ms
Epoch: 1291 | Loss: 7.6776E-08 | Grad Norm: 1.5176E-04 | Time: 45ms
Epoch: 1296 | Loss: 4.3356E-08 | Grad Norm: 7.8461E-05 | Time: 45ms
Epoch: 1301 | Loss: 3.5333E-08 | Grad Norm: 5.6125E-05 | Time: 45ms
Epoch: 1306 | Loss: 2.2084E-02 | Grad Norm: 5.3161E-01 | Time: 45ms
Epoch: 1311 | Loss: 1.5860E-08 | Grad Norm: 7.1405E-05 | Time: 45ms
> Save model at epoch 1312 with loss 1.3957E-08
> Save model at epoch 1313 with loss 1.3328E-08
> Save model at epoch 1314 with loss 1.3265E-08
Epoch: 1316 | Loss: 1.3503E-08 | Grad Norm: 4.1085E-05 | Time: 45ms
> Save model at epoch 1317 with loss 1.3132E-08
Epoch: 1321 | Loss: 1.3606E-08 | Grad Norm: 3.6722E-05 | Time: 45ms
Epoch: 1326 | Loss: 1.4323E-08 | Grad Norm: 6.2994E-05 | Time: 45ms
Epoch: 1331 | Loss: 1.4220E-08 | Grad Norm: 6.0366E-05 | Time: 45ms
> Save model at epoch 1332 with loss 1.2948E-08
Epoch: 1336 | Loss: 1.3666E-08 | Grad Norm: 4.7453E-05 | Time: 45ms
Epoch: 1341 | Loss: 1.4351E-08 | Grad Norm: 6.3548E-05 | Time: 45ms
Epoch: 1346 | Loss: 1.6316E-08 | Grad Norm: 9.4387E-05 | Time: 48ms
Epoch: 1351 | Loss: 1.3828E-08 | Grad Norm: 5.4093E-05 | Time: 45ms
Epoch: 1356 | Loss: 1.3353E-08 | Grad Norm: 4.1243E-05 | Time: 74ms
Epoch: 1361 | Loss: 1.4991E-08 | Grad Norm: 7.1292E-05 | Time: 45ms
Epoch: 1366 | Loss: 1.5897E-08 | Grad Norm: 8.1520E-05 | Time: 76ms
Epoch: 1371 | Loss: 1.4373E-08 | Grad Norm: 6.1597E-05 | Time: 45ms
Epoch: 1376 | Loss: 1.4590E-08 | Grad Norm: 7.0052E-05 | Time: 44ms
Epoch: 1381 | Loss: 1.5051E-08 | Grad Norm: 7.1793E-05 | Time: 45ms
Epoch: 1386 | Loss: 1.5028E-08 | Grad Norm: 7.1390E-05 | Time: 45ms
Epoch: 1391 | Loss: 1.6353E-08 | Grad Norm: 8.3105E-05 | Time: 45ms
Epoch: 1396 | Loss: 1.4401E-08 | Grad Norm: 6.1705E-05 | Time: 45ms
Epoch: 1401 | Loss: 1.6493E-08 | Grad Norm: 8.8822E-05 | Time: 45ms
Epoch: 1406 | Loss: 1.7102E-08 | Grad Norm: 8.9831E-05 | Time: 45ms
Epoch: 1411 | Loss: 1.8481E-08 | Grad Norm: 1.1721E-04 | Time: 45ms
Epoch: 1416 | Loss: 2.7659E-08 | Grad Norm: 1.7403E-04 | Time: 45ms
Epoch: 1421 | Loss: 1.9414E-08 | Grad Norm: 1.1022E-04 | Time: 44ms
Epoch: 1426 | Loss: 1.8126E-08 | Grad Norm: 1.1024E-04 | Time: 45ms
Epoch: 1431 | Loss: 3.6984E-08 | Grad Norm: 1.9307E-04 | Time: 46ms
Epoch: 1436 | Loss: 2.1979E-08 | Grad Norm: 1.3705E-04 | Time: 45ms
Epoch: 1441 | Loss: 1.5461E-08 | Grad Norm: 7.6908E-05 | Time: 46ms
Epoch: 1446 | Loss: 3.4399E-08 | Grad Norm: 1.8026E-04 | Time: 45ms
Epoch: 1451 | Loss: 1.6287E-08 | Grad Norm: 7.4380E-05 | Time: 74ms
Epoch: 1456 | Loss: 6.8024E-08 | Grad Norm: 2.8727E-04 | Time: 45ms
Epoch: 1461 | Loss: 1.8938E-07 | Grad Norm: 4.4297E-04 | Time: 45ms
Epoch: 1466 | Loss: 1.9712E-08 | Grad Norm: 9.3968E-05 | Time: 45ms
Epoch: 1471 | Loss: 2.3742E-08 | Grad Norm: 1.0390E-04 | Time: 45ms
Epoch: 1476 | Loss: 5.1867E-08 | Grad Norm: 1.5607E-04 | Time: 45ms
Epoch: 1481 | Loss: 1.9265E-08 | Grad Norm: 6.9940E-05 | Time: 45ms
Epoch: 1486 | Loss: 5.3532E-08 | Grad Norm: 1.5332E-04 | Time: 45ms
Epoch: 1491 | Loss: 5.1566E-08 | Grad Norm: 1.6782E-04 | Time: 45ms
Epoch: 1496 | Loss: 1.4856E-08 | Grad Norm: 4.2115E-05 | Time: 46ms
Epoch: 1501 | Loss: 6.3508E-08 | Grad Norm: 2.0005E-04 | Time: 46ms
Epoch: 1506 | Loss: 4.4358E-08 | Grad Norm: 1.3673E-04 | Time: 46ms
Epoch: 1511 | Loss: 2.1070E-07 | Grad Norm: 3.8765E-04 | Time: 46ms
Epoch: 1516 | Loss: 8.0974E-08 | Grad Norm: 1.9406E-04 | Time: 46ms
Epoch: 1521 | Loss: 6.8348E-08 | Grad Norm: 1.7452E-04 | Time: 45ms
Epoch: 1526 | Loss: 1.5386E-07 | Grad Norm: 2.7618E-04 | Time: 46ms
Epoch: 1531 | Loss: 1.2520E-07 | Grad Norm: 2.3190E-04 | Time: 46ms
Epoch: 1536 | Loss: 2.0816E-08 | Grad Norm: 6.8976E-05 | Time: 74ms
Epoch: 1541 | Loss: 1.1842E-07 | Grad Norm: 2.3327E-04 | Time: 45ms
Epoch: 1546 | Loss: 5.9432E-07 | Grad Norm: 4.6607E-04 | Time: 73ms
Epoch: 1551 | Loss: 2.0986E-07 | Grad Norm: 3.1237E-04 | Time: 45ms
Epoch: 1556 | Loss: 1.2373E-07 | Grad Norm: 2.2185E-04 | Time: 45ms
Epoch: 1561 | Loss: 1.8347E-08 | Grad Norm: 5.0524E-05 | Time: 45ms
Epoch: 1566 | Loss: 1.7993E-08 | Grad Norm: 4.8034E-05 | Time: 45ms
Epoch: 1571 | Loss: 2.6305E-08 | Grad Norm: 6.8870E-05 | Time: 46ms
Epoch: 1576 | Loss: 6.5353E-08 | Grad Norm: 1.4256E-04 | Time: 45ms
Epoch: 1581 | Loss: 5.8946E-08 | Grad Norm: 1.3402E-04 | Time: 45ms
Epoch: 1586 | Loss: 7.7639E-08 | Grad Norm: 1.5431E-04 | Time: 45ms
Epoch: 1591 | Loss: 1.0189E-07 | Grad Norm: 1.6901E-04 | Time: 45ms
Epoch: 1596 | Loss: 6.7889E-08 | Grad Norm: 1.2030E-04 | Time: 45ms
Epoch: 1601 | Loss: 7.3748E-08 | Grad Norm: 1.4217E-04 | Time: 45ms
Epoch: 1606 | Loss: 2.3635E-07 | Grad Norm: 2.7723E-04 | Time: 47ms
Epoch: 1611 | Loss: 7.0950E-08 | Grad Norm: 1.3843E-04 | Time: 46ms
Epoch: 1616 | Loss: 5.5492E-07 | Grad Norm: 3.8657E-04 | Time: 45ms
Epoch: 1621 | Loss: 2.0326E-08 | Grad Norm: 5.4173E-05 | Time: 47ms
Epoch: 1626 | Loss: 6.1322E-08 | Grad Norm: 1.1985E-04 | Time: 45ms
Epoch: 1631 | Loss: 2.6227E-08 | Grad Norm: 6.4976E-05 | Time: 73ms
Epoch: 1636 | Loss: 7.7796E-08 | Grad Norm: 1.4203E-04 | Time: 45ms
Epoch: 1641 | Loss: 3.8992E-07 | Grad Norm: 3.2520E-04 | Time: 45ms
Epoch: 1646 | Loss: 4.8380E-08 | Grad Norm: 9.2523E-05 | Time: 45ms
Epoch: 1651 | Loss: 3.9504E-07 | Grad Norm: 3.5151E-04 | Time: 45ms
Epoch: 1656 | Loss: 4.5370E-08 | Grad Norm: 9.5740E-05 | Time: 46ms
Epoch: 1661 | Loss: 2.0239E-08 | Grad Norm: 5.3519E-05 | Time: 45ms
Epoch: 1666 | Loss: 3.6005E-08 | Grad Norm: 8.7644E-05 | Time: 45ms
Epoch: 1671 | Loss: 2.7722E-08 | Grad Norm: 6.3960E-05 | Time: 47ms
Epoch: 1676 | Loss: 6.5080E-08 | Grad Norm: 1.2385E-04 | Time: 45ms
Epoch: 1681 | Loss: 2.1349E-08 | Grad Norm: 5.9193E-05 | Time: 45ms
Epoch: 1686 | Loss: 2.3921E-08 | Grad Norm: 6.1444E-05 | Time: 45ms
Epoch: 1691 | Loss: 1.5251E-08 | Grad Norm: 4.0185E-05 | Time: 45ms
Epoch: 1696 | Loss: 6.3410E-08 | Grad Norm: 1.0268E-04 | Time: 45ms
Epoch: 1701 | Loss: 3.7674E-08 | Grad Norm: 6.7495E-05 | Time: 45ms
Epoch: 1706 | Loss: 2.0730E-08 | Grad Norm: 5.0548E-05 | Time: 45ms
Epoch: 1711 | Loss: 2.3674E-08 | Grad Norm: 5.0986E-05 | Time: 45ms
Epoch: 1716 | Loss: 5.2177E-08 | Grad Norm: 1.1160E-04 | Time: 72ms
Epoch: 1721 | Loss: 3.8246E-08 | Grad Norm: 8.8448E-05 | Time: 45ms
Epoch: 1726 | Loss: 1.6436E-08 | Grad Norm: 4.2004E-05 | Time: 73ms
Epoch: 1731 | Loss: 7.7887E-08 | Grad Norm: 1.1981E-04 | Time: 45ms
Epoch: 1736 | Loss: 2.5267E-08 | Grad Norm: 5.9086E-05 | Time: 45ms
Epoch: 1741 | Loss: 2.0539E-08 | Grad Norm: 5.6203E-05 | Time: 45ms
Epoch: 1746 | Loss: 4.5607E-08 | Grad Norm: 9.6578E-05 | Time: 45ms
Epoch: 1751 | Loss: 4.0297E-08 | Grad Norm: 9.1460E-05 | Time: 45ms
Epoch: 1756 | Loss: 1.8198E-08 | Grad Norm: 4.5750E-05 | Time: 45ms
Epoch: 1761 | Loss: 8.3826E-08 | Grad Norm: 1.4248E-04 | Time: 45ms
Epoch: 1766 | Loss: 2.2394E-08 | Grad Norm: 6.3819E-05 | Time: 45ms
Epoch: 1771 | Loss: 1.6743E-08 | Grad Norm: 4.0111E-05 | Time: 45ms
> Save model at epoch 1772 with loss 1.2849E-08
Epoch: 1776 | Loss: 5.0311E-08 | Grad Norm: 1.0785E-04 | Time: 45ms
Epoch: 1781 | Loss: 2.0992E-08 | Grad Norm: 5.3752E-05 | Time: 46ms
> Save model at epoch 1784 with loss 1.2323E-08
Epoch: 1786 | Loss: 2.2386E-08 | Grad Norm: 6.4338E-05 | Time: 45ms
> Save model at epoch 1787 with loss 1.2248E-08
> Save model at epoch 1788 with loss 1.0715E-08
Epoch: 1791 | Loss: 1.9579E-08 | Grad Norm: 5.8642E-05 | Time: 45ms
Epoch: 1796 | Loss: 4.0201E-08 | Grad Norm: 9.5901E-05 | Time: 45ms
Epoch: 1801 | Loss: 1.3621E-08 | Grad Norm: 3.8939E-05 | Time: 46ms
> Save model at epoch 1804 with loss 9.1189E-09
Epoch: 1806 | Loss: 1.3332E-08 | Grad Norm: 3.6416E-05 | Time: 45ms
Epoch: 1811 | Loss: 3.1101E-08 | Grad Norm: 7.9754E-05 | Time: 75ms
Epoch: 1816 | Loss: 1.1821E-08 | Grad Norm: 3.2341E-05 | Time: 47ms
Epoch: 1821 | Loss: 1.0873E-08 | Grad Norm: 3.1162E-05 | Time: 47ms
> Save model at epoch 1822 with loss 8.6656E-09
Epoch: 1826 | Loss: 1.0435E-08 | Grad Norm: 2.9134E-05 | Time: 48ms
Epoch: 1831 | Loss: 1.0279E-08 | Grad Norm: 2.6456E-05 | Time: 48ms
Epoch: 1836 | Loss: 9.6322E-09 | Grad Norm: 2.5930E-05 | Time: 47ms
> Save model at epoch 1838 with loss 8.2997E-09
Epoch: 1841 | Loss: 9.4841E-09 | Grad Norm: 2.5899E-05 | Time: 47ms
Epoch: 1846 | Loss: 1.0643E-08 | Grad Norm: 3.0415E-05 | Time: 47ms
Epoch: 1851 | Loss: 1.5047E-08 | Grad Norm: 4.3960E-05 | Time: 45ms
Epoch: 1856 | Loss: 8.6500E-09 | Grad Norm: 2.4147E-05 | Time: 45ms
Epoch: 1861 | Loss: 1.0853E-08 | Grad Norm: 3.1242E-05 | Time: 45ms
Epoch: 1866 | Loss: 9.3627E-09 | Grad Norm: 2.6999E-05 | Time: 45ms
> Save model at epoch 1869 with loss 8.2911E-09
Epoch: 1871 | Loss: 7.6819E-09 | Grad Norm: 1.8136E-05 | Time: 45ms
> Save model at epoch 1871 with loss 7.6819E-09
Epoch: 1876 | Loss: 1.2178E-08 | Grad Norm: 4.4765E-05 | Time: 45ms
> Save model at epoch 1878 with loss 7.3158E-09
Epoch: 1881 | Loss: 8.8395E-09 | Grad Norm: 2.7706E-05 | Time: 45ms
Epoch: 1886 | Loss: 7.5323E-09 | Grad Norm: 1.9220E-05 | Time: 46ms
> Save model at epoch 1889 with loss 6.9713E-09
Epoch: 1891 | Loss: 7.4682E-09 | Grad Norm: 2.0165E-05 | Time: 45ms
Epoch: 1896 | Loss: 9.7850E-09 | Grad Norm: 3.5320E-05 | Time: 74ms
Epoch: 1901 | Loss: 9.8453E-09 | Grad Norm: 3.8792E-05 | Time: 46ms
> Save model at epoch 1903 with loss 6.5803E-09
Epoch: 1906 | Loss: 6.7829E-09 | Grad Norm: 1.6103E-05 | Time: 76ms
> Save model at epoch 1910 with loss 6.3211E-09
Epoch: 1911 | Loss: 6.2603E-09 | Grad Norm: 1.1589E-05 | Time: 45ms
> Save model at epoch 1911 with loss 6.2603E-09
Epoch: 1916 | Loss: 7.7475E-09 | Grad Norm: 2.5494E-05 | Time: 45ms
Epoch: 1921 | Loss: 6.4954E-09 | Grad Norm: 1.6761E-05 | Time: 45ms
> Save model at epoch 1925 with loss 6.2078E-09
Epoch: 1926 | Loss: 6.7901E-09 | Grad Norm: 1.6644E-05 | Time: 46ms
> Save model at epoch 1930 with loss 6.1906E-09
Epoch: 1931 | Loss: 6.4188E-09 | Grad Norm: 1.6351E-05 | Time: 45ms
> Save model at epoch 1933 with loss 5.9502E-09
> Save model at epoch 1935 with loss 5.9494E-09
Epoch: 1936 | Loss: 6.0772E-09 | Grad Norm: 1.2208E-05 | Time: 45ms
> Save model at epoch 1937 with loss 5.8780E-09
> Save model at epoch 1939 with loss 5.8049E-09
Epoch: 1941 | Loss: 5.8480E-09 | Grad Norm: 1.1011E-05 | Time: 45ms
> Save model at epoch 1942 with loss 5.7349E-09
> Save model at epoch 1944 with loss 5.6776E-09
Epoch: 1946 | Loss: 6.0372E-09 | Grad Norm: 1.5789E-05 | Time: 45ms
> Save model at epoch 1950 with loss 5.6294E-09
Epoch: 1951 | Loss: 5.6325E-09 | Grad Norm: 9.9173E-06 | Time: 45ms
Epoch: 1956 | Loss: 5.6828E-09 | Grad Norm: 1.0437E-05 | Time: 45ms
> Save model at epoch 1957 with loss 5.4795E-09
> Save model at epoch 1960 with loss 5.4326E-09
Epoch: 1961 | Loss: 5.5285E-09 | Grad Norm: 1.0167E-05 | Time: 45ms
Epoch: 1966 | Loss: 5.5591E-09 | Grad Norm: 1.0720E-05 | Time: 45ms
> Save model at epoch 1970 with loss 5.3715E-09
Epoch: 1971 | Loss: 5.4156E-09 | Grad Norm: 9.3846E-06 | Time: 45ms
Epoch: 1976 | Loss: 5.4435E-09 | Grad Norm: 9.0719E-06 | Time: 45ms
> Save model at epoch 1977 with loss 5.3311E-09
> Save model at epoch 1980 with loss 5.3136E-09
Epoch: 1981 | Loss: 5.3057E-09 | Grad Norm: 6.4468E-06 | Time: 46ms
> Save model at epoch 1981 with loss 5.3057E-09
> Save model at epoch 1982 with loss 5.3027E-09
> Save model at epoch 1983 with loss 5.2817E-09
> Save model at epoch 1984 with loss 5.2709E-09
Epoch: 1986 | Loss: 5.2843E-09 | Grad Norm: 5.5605E-06 | Time: 46ms
> Save model at epoch 1989 with loss 5.2661E-09
> Save model at epoch 1990 with loss 5.2496E-09
Epoch: 1991 | Loss: 5.2436E-09 | Grad Norm: 5.9793E-06 | Time: 78ms
> Save model at epoch 1991 with loss 5.2436E-09
> Save model at epoch 1994 with loss 5.2328E-09
Epoch: 1996 | Loss: 5.2498E-09 | Grad Norm: 6.1975E-06 | Time: 46ms
> Save model at epoch 1998 with loss 5.2246E-09
> Save model at epoch 1999 with loss 5.2121E-09
Total time: 1m37s
==> Creating training data ...
==> Start training ...
Epoch: 001 | Train Loss: 0.0000E+00 | Lya GN: 0.0000E+00 | Ctrl GN: 0.0000E+00 | Time: 127ms
Epoch: 001 | Test Loss: 0.0000E+00 | Time: 30ms
> Save at epoch 001 | Test loss 0.0000E+00
Epoch: 002 | Test Loss: 0.0000E+00 | Time: 30ms
> Save at epoch 002 | Test loss 0.0000E+00
Epoch: 003 | Test Loss: 0.0000E+00 | Time: 30ms
> Save at epoch 003 | Test loss 0.0000E+00
Epoch: 004 | Test Loss: 0.0000E+00 | Time: 31ms
> Save at epoch 004 | Test loss 0.0000E+00
Epoch: 005 | Test Loss: 0.0000E+00 | Time: 31ms
> Save at epoch 005 | Test loss 0.0000E+00
Epoch: 006 | Train Loss: 0.0000E+00 | Lya GN: 0.0000E+00 | Ctrl GN: 0.0000E+00 | Time: 69ms
Epoch: 006 | Test Loss: 0.0000E+00 | Time: 31ms
> Save at epoch 006 | Test loss 0.0000E+00
Epoch: 007 | Test Loss: 0.0000E+00 | Time: 30ms
> Save at epoch 007 | Test loss 0.0000E+00
Epoch: 008 | Test Loss: 0.0000E+00 | Time: 30ms
> Save at epoch 008 | Test loss 0.0000E+00
Epoch: 009 | Test Loss: 0.0000E+00 | Time: 30ms
> Save at epoch 009 | Test loss 0.0000E+00
Epoch: 010 | Test Loss: 0.0000E+00 | Time: 30ms
> Save at epoch 010 | Test loss 0.0000E+00
Epoch: 011 | Train Loss: 0.0000E+00 | Lya GN: 0.0000E+00 | Ctrl GN: 0.0000E+00 | Time: 73ms
Epoch: 011 | Test Loss: 0.0000E+00 | Time: 30ms
> Save at epoch 011 | Test loss 0.0000E+00
Epoch: 012 | Test Loss: 0.0000E+00 | Time: 30ms
> Save at epoch 012 | Test loss 0.0000E+00
Epoch: 013 | Test Loss: 0.0000E+00 | Time: 30ms
> Save at epoch 013 | Test loss 0.0000E+00
Epoch: 014 | Test Loss: 0.0000E+00 | Time: 61ms
> Save at epoch 014 | Test loss 0.0000E+00
Epoch: 015 | Test Loss: 0.0000E+00 | Time: 30ms
> Save at epoch 015 | Test loss 0.0000E+00
Epoch: 016 | Train Loss: 0.0000E+00 | Lya GN: 0.0000E+00 | Ctrl GN: 0.0000E+00 | Time: 68ms
Epoch: 016 | Test Loss: 0.0000E+00 | Time: 31ms
> Save at epoch 016 | Test loss 0.0000E+00
Epoch: 017 | Test Loss: 0.0000E+00 | Time: 31ms
> Save at epoch 017 | Test loss 0.0000E+00
Epoch: 018 | Test Loss: 0.0000E+00 | Time: 31ms
> Save at epoch 018 | Test loss 0.0000E+00
Epoch: 019 | Test Loss: 0.0000E+00 | Time: 62ms
> Save at epoch 019 | Test loss 0.0000E+00
Epoch: 020 | Test Loss: 0.0000E+00 | Time: 30ms
> Save at epoch 020 | Test loss 0.0000E+00
Epoch: 021 | Train Loss: 0.0000E+00 | Lya GN: 0.0000E+00 | Ctrl GN: 0.0000E+00 | Time: 73ms
Epoch: 021 | Test Loss: 0.0000E+00 | Time: 30ms
> Save at epoch 021 | Test loss 0.0000E+00
Epoch: 022 | Test Loss: 0.0000E+00 | Time: 30ms
> Save at epoch 022 | Test loss 0.0000E+00
Epoch: 023 | Test Loss: 0.0000E+00 | Time: 30ms
> Save at epoch 023 | Test loss 0.0000E+00
Epoch: 024 | Test Loss: 0.0000E+00 | Time: 30ms
> Save at epoch 024 | Test loss 0.0000E+00
Epoch: 025 | Test Loss: 0.0000E+00 | Time: 31ms
> Save at epoch 025 | Test loss 0.0000E+00
Epoch: 026 | Train Loss: 0.0000E+00 | Lya GN: 0.0000E+00 | Ctrl GN: 0.0000E+00 | Time: 73ms
Epoch: 026 | Test Loss: 0.0000E+00 | Time: 30ms
> Save at epoch 026 | Test loss 0.0000E+00
Epoch: 027 | Test Loss: 0.0000E+00 | Time: 30ms
> Save at epoch 027 | Test loss 0.0000E+00
Epoch: 028 | Test Loss: 0.0000E+00 | Time: 30ms
> Save at epoch 028 | Test loss 0.0000E+00
Epoch: 029 | Test Loss: 0.0000E+00 | Time: 30ms
> Save at epoch 029 | Test loss 0.0000E+00
Epoch: 030 | Test Loss: 0.0000E+00 | Time: 30ms
> Save at epoch 030 | Test loss 0.0000E+00
Epoch: 031 | Train Loss: 0.0000E+00 | Lya GN: 0.0000E+00 | Ctrl GN: 0.0000E+00 | Time: 73ms
Epoch: 031 | Test Loss: 0.0000E+00 | Time: 31ms
> Save at epoch 031 | Test loss 0.0000E+00
Epoch: 032 | Test Loss: 0.0000E+00 | Time: 30ms
> Save at epoch 032 | Test loss 0.0000E+00
Epoch: 033 | Test Loss: 0.0000E+00 | Time: 30ms
> Save at epoch 033 | Test loss 0.0000E+00
Epoch: 034 | Test Loss: 0.0000E+00 | Time: 30ms
> Save at epoch 034 | Test loss 0.0000E+00
Epoch: 035 | Test Loss: 0.0000E+00 | Time: 61ms
> Save at epoch 035 | Test loss 0.0000E+00
Epoch: 036 | Train Loss: 0.0000E+00 | Lya GN: 0.0000E+00 | Ctrl GN: 0.0000E+00 | Time: 73ms
Epoch: 036 | Test Loss: 0.0000E+00 | Time: 31ms
> Save at epoch 036 | Test loss 0.0000E+00
Epoch: 037 | Test Loss: 0.0000E+00 | Time: 30ms
> Save at epoch 037 | Test loss 0.0000E+00
Epoch: 038 | Test Loss: 0.0000E+00 | Time: 30ms
> Save at epoch 038 | Test loss 0.0000E+00
Epoch: 039 | Test Loss: 0.0000E+00 | Time: 30ms
> Save at epoch 039 | Test loss 0.0000E+00
Epoch: 040 | Test Loss: 0.0000E+00 | Time: 30ms
> Save at epoch 040 | Test loss 0.0000E+00
Epoch: 041 | Train Loss: 0.0000E+00 | Lya GN: 0.0000E+00 | Ctrl GN: 0.0000E+00 | Time: 106ms
Epoch: 041 | Test Loss: 0.0000E+00 | Time: 30ms
> Save at epoch 041 | Test loss 0.0000E+00
Epoch: 042 | Test Loss: 0.0000E+00 | Time: 30ms
> Save at epoch 042 | Test loss 0.0000E+00
Epoch: 043 | Test Loss: 0.0000E+00 | Time: 30ms
> Save at epoch 043 | Test loss 0.0000E+00
Epoch: 044 | Test Loss: 0.0000E+00 | Time: 30ms
> Save at epoch 044 | Test loss 0.0000E+00
Epoch: 045 | Test Loss: 0.0000E+00 | Time: 30ms
> Save at epoch 045 | Test loss 0.0000E+00
Epoch: 046 | Train Loss: 0.0000E+00 | Lya GN: 0.0000E+00 | Ctrl GN: 0.0000E+00 | Time: 105ms
Epoch: 046 | Test Loss: 0.0000E+00 | Time: 30ms
> Save at epoch 046 | Test loss 0.0000E+00
Epoch: 047 | Test Loss: 0.0000E+00 | Time: 30ms
> Save at epoch 047 | Test loss 0.0000E+00
Epoch: 048 | Test Loss: 0.0000E+00 | Time: 30ms
> Save at epoch 048 | Test loss 0.0000E+00
Epoch: 049 | Test Loss: 0.0000E+00 | Time: 30ms
> Save at epoch 049 | Test loss 0.0000E+00
Epoch: 050 | Test Loss: 0.0000E+00 | Time: 30ms
> Save at epoch 050 | Test loss 0.0000E+00
Epoch: 051 | Train Loss: 0.0000E+00 | Lya GN: 0.0000E+00 | Ctrl GN: 0.0000E+00 | Time: 73ms
Epoch: 051 | Test Loss: 0.0000E+00 | Time: 61ms
> Save at epoch 051 | Test loss 0.0000E+00
Epoch: 052 | Test Loss: 0.0000E+00 | Time: 30ms
> Save at epoch 052 | Test loss 0.0000E+00
Epoch: 053 | Test Loss: 0.0000E+00 | Time: 30ms
> Save at epoch 053 | Test loss 0.0000E+00
Epoch: 054 | Test Loss: 0.0000E+00 | Time: 30ms
> Save at epoch 054 | Test loss 0.0000E+00
Epoch: 055 | Test Loss: 0.0000E+00 | Time: 30ms
> Save at epoch 055 | Test loss 0.0000E+00
Epoch: 056 | Train Loss: 0.0000E+00 | Lya GN: 0.0000E+00 | Ctrl GN: 0.0000E+00 | Time: 68ms
Epoch: 056 | Test Loss: 0.0000E+00 | Time: 58ms
> Save at epoch 056 | Test loss 0.0000E+00
Epoch: 057 | Test Loss: 0.0000E+00 | Time: 31ms
> Save at epoch 057 | Test loss 0.0000E+00
Epoch: 058 | Test Loss: 4.3252E-08 | Time: 31ms
Epoch: 059 | Test Loss: 0.0000E+00 | Time: 31ms
> Save at epoch 059 | Test loss 0.0000E+00
Epoch: 060 | Test Loss: 0.0000E+00 | Time: 31ms
> Save at epoch 060 | Test loss 0.0000E+00
Epoch: 061 | Train Loss: 0.0000E+00 | Lya GN: 0.0000E+00 | Ctrl GN: 0.0000E+00 | Time: 73ms
Epoch: 061 | Test Loss: 0.0000E+00 | Time: 31ms
> Save at epoch 061 | Test loss 0.0000E+00
Epoch: 062 | Test Loss: 0.0000E+00 | Time: 30ms
> Save at epoch 062 | Test loss 0.0000E+00
Epoch: 063 | Test Loss: 0.0000E+00 | Time: 31ms
> Save at epoch 063 | Test loss 0.0000E+00
Epoch: 064 | Test Loss: 0.0000E+00 | Time: 30ms
> Save at epoch 064 | Test loss 0.0000E+00
Epoch: 065 | Test Loss: 0.0000E+00 | Time: 30ms
> Save at epoch 065 | Test loss 0.0000E+00
Epoch: 066 | Train Loss: 0.0000E+00 | Lya GN: 0.0000E+00 | Ctrl GN: 0.0000E+00 | Time: 73ms
Epoch: 066 | Test Loss: 0.0000E+00 | Time: 30ms
> Save at epoch 066 | Test loss 0.0000E+00
Epoch: 067 | Test Loss: 0.0000E+00 | Time: 62ms
> Save at epoch 067 | Test loss 0.0000E+00
Epoch: 068 | Test Loss: 0.0000E+00 | Time: 33ms
> Save at epoch 068 | Test loss 0.0000E+00
Epoch: 069 | Test Loss: 0.0000E+00 | Time: 31ms
> Save at epoch 069 | Test loss 0.0000E+00
Epoch: 070 | Test Loss: 0.0000E+00 | Time: 30ms
> Save at epoch 070 | Test loss 0.0000E+00
Epoch: 071 | Train Loss: 0.0000E+00 | Lya GN: 0.0000E+00 | Ctrl GN: 0.0000E+00 | Time: 73ms
Epoch: 071 | Test Loss: 0.0000E+00 | Time: 30ms
> Save at epoch 071 | Test loss 0.0000E+00
Epoch: 072 | Test Loss: 0.0000E+00 | Time: 58ms
> Save at epoch 072 | Test loss 0.0000E+00
Epoch: 073 | Test Loss: 0.0000E+00 | Time: 33ms
> Save at epoch 073 | Test loss 0.0000E+00
Epoch: 074 | Test Loss: 0.0000E+00 | Time: 30ms
> Save at epoch 074 | Test loss 0.0000E+00
Epoch: 075 | Test Loss: 0.0000E+00 | Time: 30ms
> Save at epoch 075 | Test loss 0.0000E+00
Epoch: 076 | Train Loss: 0.0000E+00 | Lya GN: 0.0000E+00 | Ctrl GN: 0.0000E+00 | Time: 74ms
Epoch: 076 | Test Loss: 0.0000E+00 | Time: 30ms
> Save at epoch 076 | Test loss 0.0000E+00
Epoch: 077 | Test Loss: 0.0000E+00 | Time: 30ms
> Save at epoch 077 | Test loss 0.0000E+00
Epoch: 078 | Test Loss: 0.0000E+00 | Time: 30ms
> Save at epoch 078 | Test loss 0.0000E+00
Epoch: 079 | Test Loss: 0.0000E+00 | Time: 30ms
> Save at epoch 079 | Test loss 0.0000E+00
Epoch: 080 | Test Loss: 0.0000E+00 | Time: 30ms
> Save at epoch 080 | Test loss 0.0000E+00
Epoch: 081 | Train Loss: 0.0000E+00 | Lya GN: 0.0000E+00 | Ctrl GN: 0.0000E+00 | Time: 71ms
Epoch: 081 | Test Loss: 0.0000E+00 | Time: 32ms
> Save at epoch 081 | Test loss 0.0000E+00
Epoch: 082 | Test Loss: 0.0000E+00 | Time: 31ms
> Save at epoch 082 | Test loss 0.0000E+00
Epoch: 083 | Test Loss: 0.0000E+00 | Time: 30ms
> Save at epoch 083 | Test loss 0.0000E+00
Epoch: 084 | Test Loss: 0.0000E+00 | Time: 30ms
> Save at epoch 084 | Test loss 0.0000E+00
Epoch: 085 | Test Loss: 0.0000E+00 | Time: 30ms
> Save at epoch 085 | Test loss 0.0000E+00
Epoch: 086 | Train Loss: 0.0000E+00 | Lya GN: 0.0000E+00 | Ctrl GN: 0.0000E+00 | Time: 73ms
Epoch: 086 | Test Loss: 0.0000E+00 | Time: 30ms
> Save at epoch 086 | Test loss 0.0000E+00
Epoch: 087 | Test Loss: 0.0000E+00 | Time: 30ms
> Save at epoch 087 | Test loss 0.0000E+00
Epoch: 088 | Test Loss: 0.0000E+00 | Time: 61ms
> Save at epoch 088 | Test loss 0.0000E+00
Epoch: 089 | Test Loss: 0.0000E+00 | Time: 30ms
> Save at epoch 089 | Test loss 0.0000E+00
Epoch: 090 | Test Loss: 0.0000E+00 | Time: 30ms
> Save at epoch 090 | Test loss 0.0000E+00
Epoch: 091 | Train Loss: 0.0000E+00 | Lya GN: 0.0000E+00 | Ctrl GN: 0.0000E+00 | Time: 73ms
Epoch: 091 | Test Loss: 0.0000E+00 | Time: 30ms
> Save at epoch 091 | Test loss 0.0000E+00
Epoch: 092 | Test Loss: 0.0000E+00 | Time: 30ms
> Save at epoch 092 | Test loss 0.0000E+00
Epoch: 093 | Test Loss: 0.0000E+00 | Time: 30ms
> Save at epoch 093 | Test loss 0.0000E+00
Epoch: 094 | Test Loss: 0.0000E+00 | Time: 30ms
> Save at epoch 094 | Test loss 0.0000E+00
Epoch: 095 | Test Loss: 0.0000E+00 | Time: 30ms
> Save at epoch 095 | Test loss 0.0000E+00
Epoch: 096 | Train Loss: 0.0000E+00 | Lya GN: 0.0000E+00 | Ctrl GN: 0.0000E+00 | Time: 74ms
Epoch: 096 | Test Loss: 0.0000E+00 | Time: 30ms
> Save at epoch 096 | Test loss 0.0000E+00
Epoch: 097 | Test Loss: 0.0000E+00 | Time: 30ms
> Save at epoch 097 | Test loss 0.0000E+00
Epoch: 098 | Test Loss: 0.0000E+00 | Time: 30ms
> Save at epoch 098 | Test loss 0.0000E+00
Epoch: 099 | Test Loss: 0.0000E+00 | Time: 30ms
> Save at epoch 099 | Test loss 0.0000E+00
Epoch: 100 | Test Loss: 0.0000E+00 | Time: 30ms
> Save at epoch 100 | Test loss 0.0000E+00
Total time: 11s47ms
==> Visualizing training and test losses ...
==> Saving the training results ...
==> Computing the Lyapunov function and stability condition ...
==> Checking the forward invariant set ...
==> Checking the Lyapunov function and stability condition ...
> Success:  True
==> Saving the forward invariant set ...
> Forward invariant set Lyapunov value:  0.004509709
> Forward invariant set percentage:  0.012348
==> Visualizing the Lyapunov function and stability condition ...
==> Done!
