[2025-04-19 17:34:38] === STARTING python: exp_num=1, precision=1.0E-03 ===
[2025-04-19 17:34:38] Launched python with PID 578208
==> Creating result directory ...
==> Loading test settings ...
==> torch device:  cpu
==> Seeding everything ...
==> Building dynamical system ...
==> Building Lyapunov neural network ...
==> Building controller neural network ...
==> dReal variables:  [Variable('x1') Variable('x2') Variable('x3') Variable('x4')
 Variable('x5') Variable('x6')]
==> dReal for lyapunov function
> Start constructing the dReal expression for lyapunov function ...
> Start time: 2025-04-19 17:34:39.490559
> Stop time: 2025-04-19 17:34:39.563009
> Time used: 72ms = 0.0724492073059082 s
> Checking consistency for lyapunov function ...
==> dReal for controller
> Start constructing the dReal expression for controller ...
> Start time: 2025-04-19 17:34:39.821129
> Stop time: 2025-04-19 17:34:39.822388
> Time used: 1ms = 0.0012586116790771484 s
> Checking consistency for controller ...
==> dReal for stability condition
> Checking consistency for stability condition ...
==> Verifying with dReal ...
> dReal precision: 1.0E-03
> dReal number of jobs: 1
> Start checking
> Start time: 2025-04-19 17:34:58.759295
[2025-04-20 11:25:39] Python process 578208 was killed by signal 9.
